HBQ>>> Nachricht 1 in HBQ eingefuegt.
dlq>>> Nachricht 1 in DLQ eingefuegt.
HBQ>>> HBQ wurde komplett in DLQ uebertragen.
HBQ>>> Nachricht 2 in HBQ eingefuegt.
dlq>>> Nachricht 2 in DLQ eingefuegt.
HBQ>>> HBQ wurde komplett in DLQ uebertragen.
HBQ>>> Nachricht 4 in HBQ eingefuegt.
HBQ>>> Nachricht 5 in HBQ eingefuegt.
HBQ>>> Nachricht 6 in HBQ eingefuegt.
HBQ>>> Nachricht 7 in HBQ eingefuegt.
HBQ>>>Fehlernachricht fuer Nachrichten 3 bis 3 generiert.
dlq>>> Nachricht 3 in DLQ eingefuegt.
dlq>>> Nachricht 4 in DLQ eingefuegt.
HBQ>>> Nachricht 8 in HBQ eingefuegt.
dlq>>> Nachricht 5 in DLQ eingefuegt.
dlq>>> Nachricht 6 in DLQ eingefuegt.
dlq>>> Nachricht 7 in DLQ eingefuegt.
dlq>>> Nachricht 1 aus DLQ geloescht.
dlq>>> Nachricht 8 in DLQ eingefuegt.
HBQ>>> HBQ wurde komplett in DLQ uebertragen.
HBQ>>> HBQ wurde komplett in DLQ uebertragen.
HBQ>>> Nachricht 10 in HBQ eingefuegt.
HBQ>>> Nachricht 11 in HBQ eingefuegt.
HBQ>>> Nachricht 12 in HBQ eingefuegt.
HBQ>>> Nachricht 13 in HBQ eingefuegt.
HBQ>>>Fehlernachricht fuer Nachrichten 9 bis 9 generiert.
dlq>>> Nachricht 2 aus DLQ geloescht.
dlq>>> Nachricht 9 in DLQ eingefuegt.
dlq>>> Nachricht 3 aus DLQ geloescht.
dlq>>> Nachricht 10 in DLQ eingefuegt.
HBQ>>> Nachricht 14 in HBQ eingefuegt.
dlq>>> Nachricht 4 aus DLQ geloescht.
dlq>>> Nachricht 11 in DLQ eingefuegt.
dlq>>> Nachricht 5 aus DLQ geloescht.
dlq>>> Nachricht 12 in DLQ eingefuegt.
dlq>>> Nachricht 6 aus DLQ geloescht.
dlq>>> Nachricht 13 in DLQ eingefuegt.
dlq>>> Nachricht 7 aus DLQ geloescht.
dlq>>> Nachricht 14 in DLQ eingefuegt.
HBQ>>> HBQ wurde komplett in DLQ uebertragen.
HBQ>>> Nachricht 16 in HBQ eingefuegt.
HBQ>>> Nachricht 17 in HBQ eingefuegt.
HBQ>>> Nachricht 18 in HBQ eingefuegt.
HBQ>>> Nachricht 19 in HBQ eingefuegt.
HBQ>>> Content(4): [16,17,18,19]
HBQ>>>Fehlernachricht fuer Nachrichten 15 bis 15 generiert.
dlq>>> Nachricht 8 aus DLQ geloescht.
dlq>>> Nachricht 15 in DLQ eingefuegt.
dlq>>> Nachricht 9 aus DLQ geloescht.
dlq>>> Nachricht 16 in DLQ eingefuegt.
HBQ>>> Nachricht 19 in HBQ eingefuegt.
dlq>>> Nachricht 10 aus DLQ geloescht.
dlq>>> Nachricht 17 in DLQ eingefuegt.
dlq>>> Nachricht 11 aus DLQ geloescht.
dlq>>> Nachricht 18 in DLQ eingefuegt.
dlq>>> Nachricht 12 aus DLQ geloescht.
dlq>>> Nachricht 19 in DLQ eingefuegt.
HBQ>>> HBQ wurde komplett in DLQ uebertragen.
dlq>>> initialisiert mit Kapazitaet 10.
HBQ>>> Nachricht 1 in HBQ eingefuegt.
dlq>>> Nachricht 1 in DLQ eingefuegt.
HBQ>>> HBQ wurde komplett in DLQ uebertragen.
HBQ>>> Nachricht 3 in HBQ eingefuegt.
HBQ>>> Nachricht 4 in HBQ eingefuegt.
HBQ>>> Nachricht 5 in HBQ eingefuegt.
HBQ>>> Nachricht 6 in HBQ eingefuegt.
HBQ>>> Nachricht 7 in HBQ eingefuegt.
dlq>>> Content(1): [1]
HBQ>>> Content(5): [3,4,5,6,7]
HBQ>>> Nachricht 9 in HBQ eingefuegt.
HBQ>>>Fehlernachricht fuer Nachrichten 2 bis 2 generiert.
dlq>>> Nachricht 2 in DLQ eingefuegt.
dlq>>> Nachricht 3 in DLQ eingefuegt.
HBQ>>> Nachricht 8 in HBQ eingefuegt.
dlq>>> Nachricht 4 in DLQ eingefuegt.
dlq>>> Nachricht 5 in DLQ eingefuegt.
dlq>>> Nachricht 6 in DLQ eingefuegt.
dlq>>> Nachricht 7 in DLQ eingefuegt.
dlq>>> Nachricht 8 in DLQ eingefuegt.
dlq>>> Nachricht 9 in DLQ eingefuegt.
HBQ>>> HBQ wurde komplett in DLQ uebertragen.
