HBQ>>> Nachricht 2 in HBQ eingefuegt.
HBQ>>> Nachricht 2 in HBQ eingefuegt.
HBQ>>> Nachricht 2 in HBQ eingefuegt.
HBQ>>> Nachricht 2 in HBQ eingefuegt.
HBQ>>> Nachricht 3 in HBQ eingefuegt.
HBQ>>> Nachricht 4 in HBQ eingefuegt.
HBQ>>> Nachricht 1 in HBQ eingefuegt.
dlq>>> Nachricht 1 in DLQ eingefuegt.
dlq>>> Nachricht 2 in DLQ eingefuegt.
dlq>>> Nachricht 3 in DLQ eingefuegt.
dlq>>> Nachricht 4 in DLQ eingefuegt.
HBQ>>> HBQ wurde komplett in DLQ uebertragen.HBQ>>> Nachricht 2 in HBQ eingefuegt.
HBQ>>> Nachricht 3 in HBQ eingefuegt.
HBQ>>> Nachricht 4 in HBQ eingefuegt.
HBQ>>> Nachricht 1 in HBQ eingefuegt.
dlq>>> Nachricht 1 in DLQ eingefuegt.
dlq>>> Nachricht 2 in DLQ eingefuegt.
dlq>>> Nachricht 3 in DLQ eingefuegt.
dlq>>> Nachricht 4 in DLQ eingefuegt.
HBQ>>> HBQ wurde komplett in DLQ uebertragen.HBQ>>> Nachricht 2 in HBQ eingefuegt.
HBQ>>> Nachricht 3 in HBQ eingefuegt.
HBQ>>> Nachricht 4 in HBQ eingefuegt.
HBQ>>> Nachricht 1 in HBQ eingefuegt.
dlq>>> Nachricht 1 in DLQ eingefuegt.
dlq>>> Nachricht 2 in DLQ eingefuegt.
dlq>>> Nachricht 3 in DLQ eingefuegt.
dlq>>> Nachricht 4 in DLQ eingefuegt.
HBQ>>> HBQ wurde komplett in DLQ uebertragen.HBQ>>> Nachricht 2 in HBQ eingefuegt.
HBQ>>> Nachricht 3 in HBQ eingefuegt.
HBQ>>> Nachricht 4 in HBQ eingefuegt.
HBQ>>> Nachricht 1 in HBQ eingefuegt.
dlq>>> Nachricht 1 in DLQ eingefuegt.
dlq>>> Nachricht 2 in DLQ eingefuegt.
dlq>>> Nachricht 3 in DLQ eingefuegt.
dlq>>> Nachricht 4 in DLQ eingefuegt.
HBQ>>> HBQ wurde komplett in DLQ uebertragen.HBQ>>> Nachricht 3 in HBQ eingefuegt.
HBQ>>> Nachricht 1 in HBQ eingefuegt.
dlq>>> Nachricht 1 in DLQ eingefuegt.
HBQ>>> Nachricht 3 in HBQ eingefuegt.
HBQ>>> Nachricht 4 in HBQ eingefuegt.
HBQ>>> Nachricht 3 in HBQ eingefuegt.
HBQ>>> Nachricht 2 in HBQ eingefuegt.
HBQ>>> Nachricht 1 in HBQ eingefuegt.
dlq>>> Nachricht 1 in DLQ eingefuegt.
dlq>>> Nachricht 2 in DLQ eingefuegt.
dlq>>> Nachricht 3 in DLQ eingefuegt.
dlq>>> Nachricht 4 in DLQ eingefuegt.
HBQ>>> HBQ wurde komplett in DLQ uebertragen.HBQ>>> Nachricht 1 in HBQ eingefuegt.
dlq>>> Nachricht 1 in DLQ eingefuegt.
HBQ>>> HBQ wurde komplett in DLQ uebertragen.HBQ>>> Nachricht 2 in HBQ eingefuegt.
dlq>>> Nachricht 2 in DLQ eingefuegt.
HBQ>>> HBQ wurde komplett in DLQ uebertragen.HBQ>>> Nachricht 4 in HBQ eingefuegt.
HBQ>>> Nachricht 2 in HBQ eingefuegt.
HBQ>>> Nachricht 4 in HBQ eingefuegt.
HBQ>>> Nachricht 2 in HBQ eingefuegt.
HBQ>>> Nachricht 4 in HBQ eingefuegt.
HBQ>>> Nachricht 2 in HBQ eingefuegt.
HBQ>>> Nachricht 3 in HBQ eingefuegt.
HBQ>>> Nachricht 4 in HBQ eingefuegt.
HBQ>>> Nachricht 5 in HBQ eingefuegt.
HBQ>>> Nachricht 2 in HBQ eingefuegt.
HBQ>>> Nachricht 3 in HBQ eingefuegt.
HBQ>>> Nachricht 4 in HBQ eingefuegt.
HBQ>>> Nachricht 5 in HBQ eingefuegt.
HBQ>>> Nachricht 2 in HBQ eingefuegt.
HBQ>>> Nachricht 4 in HBQ eingefuegt.
HBQ>>> Nachricht 2 in HBQ eingefuegt.
HBQ>>> Nachricht 4 in HBQ eingefuegt.
HBQ>>> Nachricht 2 in HBQ eingefuegt.
HBQ>>> Nachricht 3 in HBQ eingefuegt.
HBQ>>> Nachricht 4 in HBQ eingefuegt.
HBQ>>> Nachricht 1 in HBQ eingefuegt.
dlq>>> Nachricht 1 in DLQ eingefuegt.
dlq>>> Nachricht 2 in DLQ eingefuegt.
HBQ>>> Nachricht 2 in HBQ eingefuegt.
HBQ>>> Nachricht 3 in HBQ eingefuegt.
HBQ>>> Nachricht 4 in HBQ eingefuegt.
HBQ>>> Nachricht 1 in HBQ eingefuegt.
dlq>>> Nachricht 1 in DLQ eingefuegt.
dlq>>> Nachricht 2 in DLQ eingefuegt.
HBQ>>> Nachricht 2 in HBQ eingefuegt.
HBQ>>> Nachricht 3 in HBQ eingefuegt.
HBQ>>> Nachricht 4 in HBQ eingefuegt.
HBQ>>> Nachricht 1 in HBQ eingefuegt.
dlq>>> Nachricht 1 in DLQ eingefuegt.
dlq>>> Nachricht 2 in DLQ eingefuegt.
dlq>>> Nachricht 3 in DLQ eingefuegt.
dlq>>> Nachricht 4 in DLQ eingefuegt.
HBQ>>> HBQ wurde komplett in DLQ uebertragen.HBQ>>> Nachricht 3 in HBQ eingefuegt.
HBQ>>> Nachricht 4 in HBQ eingefuegt.
HBQ>>> Nachricht 3 in HBQ eingefuegt.
HBQ>>> Nachricht 2 in HBQ eingefuegt.
HBQ>>> Nachricht 1 in HBQ eingefuegt.
dlq>>> Nachricht 1 in DLQ eingefuegt.
dlq>>> Nachricht 2 in DLQ eingefuegt.
dlq>>> Nachricht 3 in DLQ eingefuegt.
dlq>>> Nachricht 4 in DLQ eingefuegt.
HBQ>>> HBQ wurde komplett in DLQ uebertragen.HBQ>>> Nachricht 1 in HBQ eingefuegt.
dlq>>> Nachricht 1 in DLQ eingefuegt.
HBQ>>> HBQ wurde komplett in DLQ uebertragen.HBQ>>> Nachricht 2 in HBQ eingefuegt.
dlq>>> Nachricht 2 in DLQ eingefuegt.
HBQ>>> HBQ wurde komplett in DLQ uebertragen.HBQ>>> HBQ wurde komplett in DLQ uebertragen.HBQ>>> Nachricht 1 in HBQ eingefuegt.
dlq>>> Nachricht 1 in DLQ eingefuegt.
HBQ>>> HBQ wurde komplett in DLQ uebertragen.
HBQ>>> Nachricht 2 in HBQ eingefuegt.
dlq>>> Nachricht 2 in DLQ eingefuegt.
HBQ>>> HBQ wurde komplett in DLQ uebertragen.
HBQ>>> HBQ wurde komplett in DLQ uebertragen.
HBQ>>> Nachricht 2 in HBQ eingefuegt.
HBQ>>> Nachricht 3 in HBQ eingefuegt.
HBQ>>> Nachricht 4 in HBQ eingefuegt.
HBQ>>> Nachricht 5 in HBQ eingefuegt.
HBQ>>> Nachricht 2 in HBQ eingefuegt.
HBQ>>> Nachricht 3 in HBQ eingefuegt.
HBQ>>> Nachricht 4 in HBQ eingefuegt.
HBQ>>>Fehlernachricht fuer Nachrichten 1 bis 1 generiert.dlq>>> Nachricht 1 in DLQ eingefuegt.
dlq>>> Nachricht 2 in DLQ eingefuegt.
HBQ>>> Nachricht 5 in HBQ eingefuegt.
dlq>>> Nachricht 3 in DLQ eingefuegt.
dlq>>> Nachricht 4 in DLQ eingefuegt.
dlq>>> Nachricht 1 aus DLQ geloescht.
dlq>>> Nachricht 5 in DLQ eingefuegt.
HBQ>>> HBQ wurde komplett in DLQ uebertragen.
HBQ>>> Nachricht 2 in HBQ eingefuegt.
HBQ>>> Nachricht 3 in HBQ eingefuegt.
HBQ>>> Nachricht 4 in HBQ eingefuegt.
HBQ>>>Fehlernachricht fuer Nachrichten 1 bis 1 generiert.
dlq>>> Nachricht 1 in DLQ eingefuegt.
dlq>>> Nachricht 2 in DLQ eingefuegt.
HBQ>>> Nachricht 5 in HBQ eingefuegt.
dlq>>> Nachricht 3 in DLQ eingefuegt.
dlq>>> Nachricht 4 in DLQ eingefuegt.
dlq>>> Nachricht 1 aus DLQ geloescht.
dlq>>> Nachricht 5 in DLQ eingefuegt.
HBQ>>> HBQ wurde komplett in DLQ uebertragen.
HBQ>>> Nachricht 2 in HBQ eingefuegt.
HBQ>>> Nachricht 3 in HBQ eingefuegt.
HBQ>>> Nachricht 1 in HBQ eingefuegt.
dlq>>> Nachricht 1 in DLQ eingefuegt.
HBQ>>> HBQ wurde komplett in DLQ uebertragen.
HBQ>>> Nachricht 2 in HBQ eingefuegt.
dlq>>> Nachricht 2 in DLQ eingefuegt.
HBQ>>> HBQ wurde komplett in DLQ uebertragen.
HBQ>>> HBQ wurde komplett in DLQ uebertragen.
HBQ>>> Nachricht 2 in HBQ eingefuegt.
HBQ>>> Nachricht 3 in HBQ eingefuegt.
HBQ>>> Nachricht 4 in HBQ eingefuegt.
HBQ>>>Fehlernachricht fuer Nachrichten 1 bis 1 generiert.
dlq>>> Nachricht 1 in DLQ eingefuegt.
dlq>>> Nachricht 2 in DLQ eingefuegt.
HBQ>>> Nachricht 5 in HBQ eingefuegt.
dlq>>> Nachricht 3 in DLQ eingefuegt.
dlq>>> Nachricht 4 in DLQ eingefuegt.
dlq>>> Nachricht 1 aus DLQ geloescht.
dlq>>> Nachricht 5 in DLQ eingefuegt.
HBQ>>> HBQ wurde komplett in DLQ uebertragen
HBQ>>> Nachricht 2 in HBQ eingefuegt.
HBQ>>> Nachricht 3 in HBQ eingefuegt.
HBQ>>> Nachricht 4 in HBQ eingefuegt.
HBQ>>> Nachricht 1 in HBQ eingefuegt.
dlq>>> Nachricht 1 in DLQ eingefuegt.
dlq>>> Nachricht 2 in DLQ eingefuegt.
dlq>>> Nachricht 3 in DLQ eingefuegt.
dlq>>> Nachricht 4 in DLQ eingefuegt.
HBQ>>> HBQ wurde komplett in DLQ uebertragen.
HBQ>>> Nachricht 2 in HBQ eingefuegt.
HBQ>>> Nachricht 3 in HBQ eingefuegt.
HBQ>>> Nachricht 4 in HBQ eingefuegt.
HBQ>>> Nachricht 5 in HBQ eingefuegt.
HBQ>>> Content(4): [2,3,4,5]
HBQ>>> Nachricht 2 in HBQ eingefuegt.
HBQ>>> Nachricht 3 in HBQ eingefuegt.
HBQ>>> Nachricht 4 in HBQ eingefuegt.
HBQ>>> Nachricht 5 in HBQ eingefuegt.
HBQ>>> Nachricht 1 in HBQ eingefuegt.
dlq>>> Nachricht 1 in DLQ eingefuegt.
dlq>>> Nachricht 2 in DLQ eingefuegt.
dlq>>> Nachricht 3 in DLQ eingefuegt.
dlq>>> Nachricht 4 in DLQ eingefuegt.
dlq>>> Nachricht 5 in DLQ eingefuegt.
HBQ>>> HBQ wurde komplett in DLQ uebertragen.
dlq>>> Content(5): [1,2,3,4,5]
