5-clientA@Qigong-KLC-<0.100.0>-KLC Start: 06.12 12:05:53,316|.
5-clientA@Qigong-KLC-<0.100.0>-KLC: 13te_Nachricht. C Out: 06.12 12:05:57,347| gesendet
5-clientA@Qigong-KLC-<0.100.0>-KLC: 24te_Nachricht. C Out: 06.12 12:06:01,379| gesendet
5-clientA@Qigong-KLC-<0.100.0>-KLC: 38te_Nachricht. C Out: 06.12 12:06:05,394| gesendet
5-clientA@Qigong-KLC-<0.100.0>-KLC: 55te_Nachricht. C Out: 06.12 12:06:09,425| gesendet
5-clientA@Qigong-KLC-<0.100.0>-KLC: 109te_Nachricht. C Out: 06.12 12:06:13,472| gesendet
138te_Nachricht um 06.12 12:06:13,472| vergessen zu senden ******
139te_Nachricht um 06.12 12:06:13,472| vergessen zu senden ******
140te_Nachricht um 06.12 12:06:13,472| vergessen zu senden ******
141te_Nachricht um 06.12 12:06:13,488| vergessen zu senden ******
142te_Nachricht um 06.12 12:06:13,488| vergessen zu senden ******
6-clientA@Qigong-KLC-<0.99.0>-KLC: 44te_Nachricht. C Out: 06.12 12:06:05,425| HBQ In: 06.12 12:06:05,432|  DLQ Out: 06.12 12:06:13,495|  ; C In: 06.12 12:06:13,488|#1 >**Nachricht aus der Zukunft fuer Leser:00.00 00:00:00,0069269|< #2#4
1-clientA@Qigong-KLC-<0.104.0>-KLC: 45te_Nachricht. C Out: 06.12 12:06:05,425| HBQ In: 06.12 12:06:05,432|  DLQ Out: 06.12 12:06:13,511|  ; C In: 06.12 12:06:13,504|#1 >**Nachricht aus der Zukunft fuer Leser:00.00 00:00:00,0069269|< #2#4
7-clientA@Qigong-KLC-<0.98.0>-KLC: 46te_Nachricht. C Out: 06.12 12:06:05,457| HBQ In: 06.12 12:06:05,464|  DLQ Out: 06.12 12:06:13,511|  ; C In: 06.12 12:06:13,519|#1#3#2#4
4-clientB@Qigong-KLC-<0.101.0>-KLC: 47te_Nachricht. C Out: 06.12 12:06:07,824| HBQ In: 06.12 12:06:07,823|  DLQ Out: 06.12 12:06:13,526|  ; C In: 06.12 12:06:13,519|#1 >**Nachricht aus der Zukunft fuer Leser:00.00 00:00:00,0069269|<  >**Nachricht aus der Zukunft fuer Server:00.00 00:00:00,0006610|< #4
6-clientB@Qigong-KLC-<0.99.0>-KLC: 48te_Nachricht. C Out: 06.12 12:06:07,824| HBQ In: 06.12 12:06:07,823|  DLQ Out: 06.12 12:06:13,542|  ; C In: 06.12 12:06:13,535|#1 >**Nachricht aus der Zukunft fuer Leser:00.00 00:00:00,0069269|<  >**Nachricht aus der Zukunft fuer Server:00.00 00:00:00,0006610|< #4
2-clientA@Qigong-KLC-<0.103.0>-KLC: 49te_Nachricht. C Out: 06.12 12:06:08,394| HBQ In: 06.12 12:06:08,401|  DLQ Out: 06.12 12:06:13,557|  ; C In: 06.12 12:06:13,566|#1#3#2#4
3-clientB@Qigong-KLC-<0.102.0>-KLC: 50te_Nachricht. C Out: 06.12 12:06:08,840| HBQ In: 06.12 12:06:08,854|  DLQ Out: 06.12 12:06:13,589|  ; C In: 06.12 12:06:13,597|#1#3#2#4
7-clientB@Qigong-KLC-<0.98.0>-KLC: 51te_Nachricht. C Out: 06.12 12:06:07,949| HBQ In: 06.12 12:06:07,948|  DLQ Out: 06.12 12:06:13,620|  ; C In: 06.12 12:06:13,629|#1#3 >**Nachricht aus der Zukunft fuer Server:00.00 00:00:00,0006610|< #4
8-clientA@Qigong-KLC-<0.97.0>-KLC: 52te_Nachricht. C Out: 06.12 12:06:11,363| HBQ In: 06.12 12:06:11,386|  DLQ Out: 06.12 12:06:13,636|  ; C In: 06.12 12:06:13,644|#1#3#2#4
4-clientA@Qigong-KLC-<0.101.0>-KLC: 53te_Nachricht. C Out: 06.12 12:06:11,410| HBQ In: 06.12 12:06:11,432|  DLQ Out: 06.12 12:06:13,651|  ; C In: 06.12 12:06:13,644|#1 >**Nachricht aus der Zukunft fuer Leser:00.00 00:00:00,0069290|< #2#4
3-clientA@Qigong-KLC-<0.102.0>-KLC: 54te_Nachricht. C Out: 06.12 12:06:11,425| HBQ In: 06.12 12:06:11,432|  DLQ Out: 06.12 12:06:13,667|  ; C In: 06.12 12:06:13,660|#1 >**Nachricht aus der Zukunft fuer Leser:00.00 00:00:00,0069290|< #2#4
5-clientA@Qigong-KLC-<0.100.0>-KLC: 55te_Nachricht. C Out: 06.12 12:06:09,425| HBQ In: 06.12 12:06:09,432|  DLQ Out: 06.12 12:06:13,667| *******; C In: 06.12 12:06:13,660|#1 >**Nachricht aus der Zukunft fuer Leser:00.00 00:00:00,0069290|< #2#4
6-clientA@Qigong-KLC-<0.99.0>-KLC: 56te_Nachricht. C Out: 06.12 12:06:08,457| HBQ In: 06.12 12:06:08,464|  DLQ Out: 06.12 12:06:13,682|  ; C In: 06.12 12:06:13,691|#1#3#2#4
1-clientA@Qigong-KLC-<0.104.0>-KLC: 57te_Nachricht. C Out: 06.12 12:06:08,457| HBQ In: 06.12 12:06:08,464|  DLQ Out: 06.12 12:06:13,698|  ; C In: 06.12 12:06:13,707|#1#3#2#4
7-clientA@Qigong-KLC-<0.98.0>-KLC: 58te_Nachricht. C Out: 06.12 12:06:08,472| HBQ In: 06.12 12:06:08,495|  DLQ Out: 06.12 12:06:13,714|  ; C In: 06.12 12:06:13,722|#1#3#2#4
4-clientB@Qigong-KLC-<0.101.0>-KLC: 59te_Nachricht. C Out: 06.12 12:06:12,871| HBQ In: 06.12 12:06:12,870|  DLQ Out: 06.12 12:06:13,729|  ; C In: 06.12 12:06:13,722|#1 >**Nachricht aus der Zukunft fuer Leser:00.00 00:00:00,0069290|<  >**Nachricht aus der Zukunft fuer Server:00.00 00:00:00,0006809|< #4
6-clientB@Qigong-KLC-<0.99.0>-KLC: 60te_Nachricht. C Out: 06.12 12:06:12,871| HBQ In: 06.12 12:06:12,870|  DLQ Out: 06.12 12:06:13,729|  ; C In: 06.12 12:06:13,722|#1 >**Nachricht aus der Zukunft fuer Leser:00.00 00:00:00,0069290|<  >**Nachricht aus der Zukunft fuer Server:00.00 00:00:00,0006809|< #4..getmessages..Done...
143te_Nachricht um 06.12 12:06:13,738| vergessen zu senden ******
144te_Nachricht um 06.12 12:06:13,738| vergessen zu senden ******
145te_Nachricht um 06.12 12:06:13,738| vergessen zu senden ******
146te_Nachricht um 06.12 12:06:13,738| vergessen zu senden ******
Neues Sendeintervall: 6 Sekunden (4).
147te_Nachricht um 06.12 12:06:13,738| vergessen zu senden ******
5-clientA@Qigong-KLC-<0.100.0>-KLC: 148te_Nachricht. C Out: 06.12 12:06:19,754| gesendet
5-clientA@Qigong-KLC-<0.100.0>-KLC: 228te_Nachricht. C Out: 06.12 12:06:25,769| gesendet
5-clientA@Qigong-KLC-<0.100.0>-KLC: 282te_Nachricht. C Out: 06.12 12:06:31,800| gesendet
5-clientA@Qigong-KLC-<0.100.0>-KLC: 325te_Nachricht. C Out: 06.12 12:06:37,816| gesendet
5-clientA@Qigong-KLC-<0.100.0>-KLC: 397te_Nachricht. C Out: 06.12 12:06:43,847| gesendet
528te_Nachricht um 06.12 12:06:43,879| vergessen zu senden ******
529te_Nachricht um 06.12 12:06:43,879| vergessen zu senden ******
530te_Nachricht um 06.12 12:06:43,910| vergessen zu senden ******
531te_Nachricht um 06.12 12:06:43,910| vergessen zu senden ******
532te_Nachricht um 06.12 12:06:43,910| vergessen zu senden ******
1-clientA@Qigong-KLC-<0.104.0>-KLC: 386te_Nachricht. C Out: 06.12 12:06:38,800| HBQ In: 06.12 12:06:38,823|  DLQ Out: 06.12 12:06:43,932|  ; C In: 06.12 12:06:43,925|#1 >**Nachricht aus der Zukunft fuer Leser:00.00 00:00:00,0071099|< #2#4
6-clientA@Qigong-KLC-<0.99.0>-KLC: 387te_Nachricht. C Out: 06.12 12:06:38,800| HBQ In: 06.12 12:06:38,839|  DLQ Out: 06.12 12:06:43,932|  ; C In: 06.12 12:06:43,941|#1#3#2#4
7-clientA@Qigong-KLC-<0.98.0>-KLC: 388te_Nachricht. C Out: 06.12 12:06:37,472| HBQ In: 06.12 12:06:37,479|  DLQ Out: 06.12 12:06:43,948|  ; C In: 06.12 12:06:43,957|#1#3#2#4
7-clientB@Qigong-KLC-<0.98.0>-KLC: 389te_Nachricht. C Out: 06.12 12:06:37,949| HBQ In: 06.12 12:06:37,995|  DLQ Out: 06.12 12:06:43,979|  ; C In: 06.12 12:06:43,972|#1 >**Nachricht aus der Zukunft fuer Leser:00.00 00:00:00,0071110|< #2#4
8-clientA@Qigong-KLC-<0.97.0>-KLC: 390te_Nachricht. C Out: 06.12 12:06:39,129| HBQ In: 06.12 12:06:39,136|  DLQ Out: 06.12 12:06:43,979|  ; C In: 06.12 12:06:43,988|#1#3#2#4
4-clientA@Qigong-KLC-<0.101.0>-KLC: 391te_Nachricht. C Out: 06.12 12:06:39,175| HBQ In: 06.12 12:06:39,182|  DLQ Out: 06.12 12:06:43,995|  ; C In: 06.12 12:06:43,988|#1 >**Nachricht aus der Zukunft fuer Leser:00.00 00:00:00,0071110|< #2#4
3-clientA@Qigong-KLC-<0.102.0>-KLC: 392te_Nachricht. C Out: 06.12 12:06:39,207| HBQ In: 06.12 12:06:39,214|  DLQ Out: 06.12 12:06:43,995|  ; C In: 06.12 12:06:44,988|#1 >**Nachricht aus der Zukunft fuer Leser:00.00 00:00:00,0071110|< #2#4
***Fehlernachricht fuer Nachrichten 393 bis 393 um 06.12 12:06:42,886|. DLQ Out: 06.12 12:06:44,011|  ; C In: 06.12 12:06:44,004|#1 >**Nachricht aus der Zukunft fuer Leser:00.00 00:00:00,0071110|< #2#4
1-clientB@Qigong-KLC-<0.104.0>-KLC: 394te_Nachricht. C Out: 06.12 12:06:41,480| HBQ In: 06.12 12:06:41,495|  DLQ Out: 06.12 12:06:44,042|  ; C In: 06.12 12:06:44,050|#1#3#2#4
7-clientA@Qigong-KLC-<0.98.0>-KLC: 395te_Nachricht. C Out: 06.12 12:06:39,504| HBQ In: 06.12 12:06:39,511|  DLQ Out: 06.12 12:06:44,089|  ; C In: 06.12 12:06:44,082|#1 >**Nachricht aus der Zukunft fuer Leser:00.00 00:00:00,0071110|< #2#4
4-clientB@Qigong-KLC-<0.101.0>-KLC: 396te_Nachricht. C Out: 06.12 12:06:40,621| HBQ In: 06.12 12:06:40,620|  DLQ Out: 06.12 12:06:44,089|  ; C In: 06.12 12:06:44,082|#1 >**Nachricht aus der Zukunft fuer Leser:00.00 00:00:00,0071110|<  >**Nachricht aus der Zukunft fuer Server:00.00 00:00:00,0009850|< #4
***Fehlernachricht fuer Nachrichten 397 bis 400 um 06.12 12:06:43,307|. DLQ Out: 06.12 12:06:44,120|  ; C In: 06.12 12:06:44,113|#1 >**Nachricht aus der Zukunft fuer Leser:00.00 00:00:00,0071110|< #2#4
7-clientB@Qigong-KLC-<0.98.0>-KLC: 401te_Nachricht. C Out: 06.12 12:06:40,012| HBQ In: 06.12 12:06:40,011|  DLQ Out: 06.12 12:06:44,136|  ; C In: 06.12 12:06:44,129|#1 >**Nachricht aus der Zukunft fuer Leser:00.00 00:00:00,0071110|<  >**Nachricht aus der Zukunft fuer Server:00.00 00:00:00,0009800|< #4
***Fehlernachricht fuer Nachrichten 402 bis 428 um 06.12 12:06:43,354|. DLQ Out: 06.12 12:06:44,167|  ; C In: 06.12 12:06:44,175|#1#3#2#4
8-clientB@Qigong-KLC-<0.97.0>-KLC: 429te_Nachricht. C Out: 06.12 12:06:42,074| HBQ In: 06.12 12:06:42,073|  DLQ Out: 06.12 12:06:44,229|  ; C In: 06.12 12:06:44,222|#1 >**Nachricht aus der Zukunft fuer Leser:00.00 00:00:00,0071110|<  >**Nachricht aus der Zukunft fuer Server:00.00 00:00:00,0009980|< #4
2-clientB@Qigong-KLC-<0.103.0>-KLC: 430te_Nachricht. C Out: 06.12 12:06:42,074| HBQ In: 06.12 12:06:42,073|  DLQ Out: 06.12 12:06:44,229|  ; C In: 06.12 12:06:44,222|#1 >**Nachricht aus der Zukunft fuer Leser:00.00 00:00:00,0071110|<  >**Nachricht aus der Zukunft fuer Server:00.00 00:00:00,0009980|< #4
9-clientB@Qigong-KLC-<0.96.0>-KLC: 431te_Nachricht. C Out: 06.12 12:06:42,074| HBQ In: 06.12 12:06:42,073|  DLQ Out: 06.12 12:06:44,229|  ; C In: 06.12 12:06:44,238|#1#3 >**Nachricht aus der Zukunft fuer Server:00.00 00:00:00,0009980|< #4..getmessages..Done...
544te_Nachricht um 06.12 12:06:44,269| vergessen zu senden ******
545te_Nachricht um 06.12 12:06:44,285| vergessen zu senden ******
546te_Nachricht um 06.12 12:06:44,332| vergessen zu senden ******
547te_Nachricht um 06.12 12:06:44,332| vergessen zu senden ******
Neues Sendeintervall: 3 Sekunden (6).
548te_Nachricht um 06.12 12:06:44,363| vergessen zu senden ******
5-clientA@Qigong-KLC-<0.100.0>-KLC: 549te_Nachricht. C Out: 06.12 12:06:47,379| gesendet
5-clientA@Qigong-KLC-<0.100.0>-KLC: 567te_Nachricht. C Out: 06.12 12:06:50,410| gesendet
5-clientA@Qigong-KLC-<0.100.0>-KLC: 600te_Nachricht. C Out: 06.12 12:06:53,441| gesendet
5-clientA@Qigong-KLC-<0.100.0>-KLC: 618te_Nachricht. C Out: 06.12 12:06:56,472| gesendet
5-clientA@Qigong-KLC-<0.100.0>-KLC: 698te_Nachricht. C Out: 06.12 12:06:59,488| gesendet
Downtime: 06.12 12:06:59,488| vom Client 5-clientA@Qigong-KLC-<0.100.0>-KLC
