2-clientB@Qigong-KLC-<0.103.0>-KLC Start: 06.12 12:05:52,730|.
2-clientB@Qigong-KLC-<0.103.0>-KLC: 4te_Nachricht. C Out: 06.12 12:06:01,746| gesendet
2-clientB@Qigong-KLC-<0.103.0>-KLC: 39te_Nachricht. C Out: 06.12 12:06:10,793| gesendet
2-clientB@Qigong-KLC-<0.103.0>-KLC: 113te_Nachricht. C Out: 06.12 12:06:19,840| gesendet
2-clientB@Qigong-KLC-<0.103.0>-KLC: 230te_Nachricht. C Out: 06.12 12:06:28,871| gesendet
2-clientB@Qigong-KLC-<0.103.0>-KLC: 303te_Nachricht. C Out: 06.12 12:06:37,918| gesendet
400te_Nachricht um 06.12 12:06:37,980| vergessen zu senden ******
404te_Nachricht um 06.12 12:06:38,012| vergessen zu senden ******
407te_Nachricht um 06.12 12:06:38,012| vergessen zu senden ******
409te_Nachricht um 06.12 12:06:38,027| vergessen zu senden ******
412te_Nachricht um 06.12 12:06:38,043| vergessen zu senden ******
1-clientA@Qigong-KLC-<0.104.0>-KLC: 288te_Nachricht. C Out: 06.12 12:06:31,175| HBQ In: 06.12 12:06:31,182|  DLQ Out: 06.12 12:06:38,042|  ; C In: 06.12 12:06:38,043|#1#3#2#4
6-clientA@Qigong-KLC-<0.99.0>-KLC: 289te_Nachricht. C Out: 06.12 12:06:31,191| HBQ In: 06.12 12:06:31,214|  DLQ Out: 06.12 12:06:38,042|  ; C In: 06.12 12:06:38,043|#1#3#2#4
***Fehlernachricht fuer Nachrichten 290 bis 299 um 06.12 12:06:35,932|. DLQ Out: 06.12 12:06:38,042|  ; C In: 06.12 12:06:38,043|#1#3#2#4
4-clientB@Qigong-KLC-<0.101.0>-KLC: 300te_Nachricht. C Out: 06.12 12:06:31,558| HBQ In: 06.12 12:06:31,557|  DLQ Out: 06.12 12:06:38,042|  ; C In: 06.12 12:06:38,043|#1#3 >**Nachricht aus der Zukunft fuer Server:00.00 00:00:00,0008520|< #4
***Fehlernachricht fuer Nachrichten 301 bis 313 um 06.12 12:06:36,120|. DLQ Out: 06.12 12:06:38,042|  ; C In: 06.12 12:06:38,043|#1#3#2#4
7-clientA@Qigong-KLC-<0.98.0>-KLC: 314te_Nachricht. C Out: 06.12 12:06:31,394| HBQ In: 06.12 12:06:31,401|  DLQ Out: 06.12 12:06:38,042|  ; C In: 06.12 12:06:38,043|#1#3#2#4
***Fehlernachricht fuer Nachrichten 315 bis 315 um 06.12 12:06:36,167|. DLQ Out: 06.12 12:06:38,042|  ; C In: 06.12 12:06:38,043|#1#3#2#4
8-clientA@Qigong-KLC-<0.97.0>-KLC: 316te_Nachricht. C Out: 06.12 12:06:33,035| HBQ In: 06.12 12:06:33,073|  DLQ Out: 06.12 12:06:38,042|  ; C In: 06.12 12:06:38,043|#1#3#2#4
4-clientA@Qigong-KLC-<0.101.0>-KLC: 317te_Nachricht. C Out: 06.12 12:06:33,129| HBQ In: 06.12 12:06:33,151|  DLQ Out: 06.12 12:06:38,042|  ; C In: 06.12 12:06:38,043|#1#3#2#4
3-clientA@Qigong-KLC-<0.102.0>-KLC: 318te_Nachricht. C Out: 06.12 12:06:33,129| HBQ In: 06.12 12:06:33,167|  DLQ Out: 06.12 12:06:38,042|  ; C In: 06.12 12:06:38,043|#1#3#2#4
7-clientB@Qigong-KLC-<0.98.0>-KLC: 319te_Nachricht. C Out: 06.12 12:06:33,574| HBQ In: 06.12 12:06:33,573|  DLQ Out: 06.12 12:06:38,042|  ; C In: 06.12 12:06:38,043|#1#3 >**Nachricht aus der Zukunft fuer Server:00.00 00:00:00,0008779|< #4
3-clientB@Qigong-KLC-<0.102.0>-KLC: 320te_Nachricht. C Out: 06.12 12:06:37,183| HBQ In: 06.12 12:06:37,182|  DLQ Out: 06.12 12:06:38,042|  ; C In: 06.12 12:06:38,043|#1#3 >**Nachricht aus der Zukunft fuer Server:00.00 00:00:00,0009380|< #4
1-clientA@Qigong-KLC-<0.104.0>-KLC: 321te_Nachricht. C Out: 06.12 12:06:34,222| HBQ In: 06.12 12:06:34,229|  DLQ Out: 06.12 12:06:38,042|  ; C In: 06.12 12:06:38,043|#1#3#2#4
6-clientA@Qigong-KLC-<0.99.0>-KLC: 322te_Nachricht. C Out: 06.12 12:06:34,222| HBQ In: 06.12 12:06:34,261|  DLQ Out: 06.12 12:06:38,042|  ; C In: 06.12 12:06:38,043|#1#3#2#4
7-clientA@Qigong-KLC-<0.98.0>-KLC: 323te_Nachricht. C Out: 06.12 12:06:33,410| HBQ In: 06.12 12:06:33,432|  DLQ Out: 06.12 12:06:38,042|  ; C In: 06.12 12:06:38,043|#1#3#2#4
4-clientB@Qigong-KLC-<0.101.0>-KLC: 324te_Nachricht. C Out: 06.12 12:06:34,574| HBQ In: 06.12 12:06:34,589|  DLQ Out: 06.12 12:06:38,042|  ; C In: 06.12 12:06:38,043|#1#3#2#4
5-clientA@Qigong-KLC-<0.100.0>-KLC: 325te_Nachricht. C Out: 06.12 12:06:37,816| HBQ In: 06.12 12:06:37,823|  DLQ Out: 06.12 12:06:38,057|  ; C In: 06.12 12:06:38,058|#1#3#2#4..getmessages..Done...
415te_Nachricht um 06.12 12:06:38,058| vergessen zu senden ******
418te_Nachricht um 06.12 12:06:38,058| vergessen zu senden ******
421te_Nachricht um 06.12 12:06:38,058| vergessen zu senden ******
424te_Nachricht um 06.12 12:06:38,058| vergessen zu senden ******
Neues Sendeintervall: 4 Sekunden (9).
427te_Nachricht um 06.12 12:06:38,058| vergessen zu senden ******
2-clientB@Qigong-KLC-<0.103.0>-KLC: 430te_Nachricht. C Out: 06.12 12:06:42,074| gesendet
2-clientB@Qigong-KLC-<0.103.0>-KLC: 497te_Nachricht. C Out: 06.12 12:06:46,090| gesendet
2-clientB@Qigong-KLC-<0.103.0>-KLC: 557te_Nachricht. C Out: 06.12 12:06:50,152| gesendet
2-clientB@Qigong-KLC-<0.103.0>-KLC: 596te_Nachricht. C Out: 06.12 12:06:54,230| gesendet
2-clientB@Qigong-KLC-<0.103.0>-KLC: 650te_Nachricht. C Out: 06.12 12:06:58,293| gesendet
704te_Nachricht um 06.12 12:06:58,340| vergessen zu senden ******
707te_Nachricht um 06.12 12:06:58,371| vergessen zu senden ******
710te_Nachricht um 06.12 12:06:58,371| vergessen zu senden ******
713te_Nachricht um 06.12 12:06:58,371| vergessen zu senden ******
716te_Nachricht um 06.12 12:06:58,371| vergessen zu senden ******
***Fehlernachricht fuer Nachrichten 589 bis 593 um 06.12 12:06:55,464|. DLQ Out: 06.12 12:06:58,370|  ; C In: 06.12 12:06:58,387|#1#3#2#4
3-clientA@Qigong-KLC-<0.102.0>-KLC: 594te_Nachricht. C Out: 06.12 12:06:52,629| HBQ In: 06.12 12:06:52,636|  DLQ Out: 06.12 12:06:58,386|  ; C In: 06.12 12:06:58,387|#1#3#2#4
4-clientB@Qigong-KLC-<0.101.0>-KLC: 595te_Nachricht. C Out: 06.12 12:06:51,777| HBQ In: 06.12 12:06:51,792|  DLQ Out: 06.12 12:06:58,386|  ; C In: 06.12 12:06:58,387|#1#3#2#4
2-clientB@Qigong-KLC-<0.103.0>-KLC: 596te_Nachricht. C Out: 06.12 12:06:54,230| HBQ In: 06.12 12:06:54,261|  DLQ Out: 06.12 12:06:58,386| *******; C In: 06.12 12:06:58,387|#1#3#2#4
8-clientB@Qigong-KLC-<0.97.0>-KLC: 597te_Nachricht. C Out: 06.12 12:06:54,230| HBQ In: 06.12 12:06:54,245|  DLQ Out: 06.12 12:06:58,401|  ; C In: 06.12 12:06:58,402|#1#3#2#4
9-clientB@Qigong-KLC-<0.96.0>-KLC: 598te_Nachricht. C Out: 06.12 12:06:54,230| HBQ In: 06.12 12:06:54,276|  DLQ Out: 06.12 12:06:58,401|  ; C In: 06.12 12:06:58,402|#1#3#2#4
7-clientB@Qigong-KLC-<0.98.0>-KLC: 599te_Nachricht. C Out: 06.12 12:06:53,262| HBQ In: 06.12 12:06:53,276|  DLQ Out: 06.12 12:06:58,401|  ; C In: 06.12 12:06:58,418|#1#3#2#4
5-clientA@Qigong-KLC-<0.100.0>-KLC: 600te_Nachricht. C Out: 06.12 12:06:53,441| HBQ In: 06.12 12:06:53,464|  DLQ Out: 06.12 12:06:58,417|  ; C In: 06.12 12:06:58,418|#1#3#2#4
1-clientA@Qigong-KLC-<0.104.0>-KLC: 601te_Nachricht. C Out: 06.12 12:06:54,957| HBQ In: 06.12 12:06:54,964|  DLQ Out: 06.12 12:06:58,417|  ; C In: 06.12 12:06:58,433|#1#3#2#4
6-clientA@Qigong-KLC-<0.99.0>-KLC: 602te_Nachricht. C Out: 06.12 12:06:54,957| HBQ In: 06.12 12:06:54,979|  DLQ Out: 06.12 12:06:58,432|  ; C In: 06.12 12:06:58,433|#1#3#2#4
4-clientA@Qigong-KLC-<0.101.0>-KLC: 603te_Nachricht. C Out: 06.12 12:06:55,425| HBQ In: 06.12 12:06:55,464|  DLQ Out: 06.12 12:06:58,432|  ; C In: 06.12 12:06:58,433|#1#3#2#4
4-clientB@Qigong-KLC-<0.101.0>-KLC: 604te_Nachricht. C Out: 06.12 12:06:53,824| HBQ In: 06.12 12:06:53,823|  DLQ Out: 06.12 12:06:58,432|  ; C In: 06.12 12:06:58,433|#1#3 >**Nachricht aus der Zukunft fuer Server:00.00 00:00:00,0011019|< #4
***Fehlernachricht fuer Nachrichten 605 bis 605 um 06.12 12:06:58,292|. DLQ Out: 06.12 12:06:58,432|  ; C In: 06.12 12:06:58,433|#1#3#2#4
7-clientA@Qigong-KLC-<0.98.0>-KLC: 606te_Nachricht. C Out: 06.12 12:06:55,004| HBQ In: 06.12 12:06:55,026|  DLQ Out: 06.12 12:06:58,432|  ; C In: 06.12 12:06:58,433|#1#3#2#4
3-clientB@Qigong-KLC-<0.102.0>-KLC: 607te_Nachricht. C Out: 06.12 12:06:55,543| HBQ In: 06.12 12:06:55,604|  DLQ Out: 06.12 12:06:58,432|  ; C In: 06.12 12:06:58,433|#1#3#2#4
8-clientA@Qigong-KLC-<0.97.0>-KLC: 608te_Nachricht. C Out: 06.12 12:06:55,644| HBQ In: 06.12 12:06:55,729|  DLQ Out: 06.12 12:06:58,432|  ; C In: 06.12 12:06:58,433|#1#3#2#4
3-clientA@Qigong-KLC-<0.102.0>-KLC: 609te_Nachricht. C Out: 06.12 12:06:55,644| HBQ In: 06.12 12:06:55,761|  DLQ Out: 06.12 12:06:58,432|  ; C In: 06.12 12:06:58,433|#1#3#2#4..getmessages..Done...
722te_Nachricht um 06.12 12:06:58,433| vergessen zu senden ******
725te_Nachricht um 06.12 12:06:58,433| vergessen zu senden ******
728te_Nachricht um 06.12 12:06:58,433| vergessen zu senden ******
731te_Nachricht um 06.12 12:06:58,449| vergessen zu senden ******
Neues Sendeintervall: 6 Sekunden (4).
734te_Nachricht um 06.12 12:06:58,449| vergessen zu senden ******
2-clientB@Qigong-KLC-<0.103.0>-KLC: 736te_Nachricht. C Out: 06.12 12:07:04,465| gesendet
Downtime: 06.12 12:07:04,465| vom Client 2-clientB@Qigong-KLC-<0.103.0>-KLC
