4-clientA@Qigong-KLC-<0.101.0>-KLC Start: 06.12 12:05:53,316|.
4-clientA@Qigong-KLC-<0.101.0>-KLC: 15te_Nachricht. C Out: 06.12 12:05:59,347| gesendet
4-clientA@Qigong-KLC-<0.101.0>-KLC: 30te_Nachricht. C Out: 06.12 12:06:05,379| gesendet
4-clientA@Qigong-KLC-<0.101.0>-KLC: 53te_Nachricht. C Out: 06.12 12:06:11,410| gesendet
4-clientA@Qigong-KLC-<0.101.0>-KLC: 118te_Nachricht. C Out: 06.12 12:06:17,441| gesendet
4-clientA@Qigong-KLC-<0.101.0>-KLC: 159te_Nachricht. C Out: 06.12 12:06:23,472| gesendet
243te_Nachricht um 06.12 12:06:23,488| vergessen zu senden ******
246te_Nachricht um 06.12 12:06:23,550| vergessen zu senden ******
248te_Nachricht um 06.12 12:06:23,550| vergessen zu senden ******
250te_Nachricht um 06.12 12:06:23,566| vergessen zu senden ******
252te_Nachricht um 06.12 12:06:23,597| vergessen zu senden ******
3-clientA@Qigong-KLC-<0.102.0>-KLC: 119te_Nachricht. C Out: 06.12 12:06:17,441| HBQ In: 06.12 12:06:17,479|  DLQ Out: 06.12 12:06:23,604|  ; C In: 06.12 12:06:23,597|#1 >**Nachricht aus der Zukunft fuer Leser:00.00 00:00:00,0070049|< #2#4
7-clientB@Qigong-KLC-<0.98.0>-KLC: 120te_Nachricht. C Out: 06.12 12:06:14,293| HBQ In: 06.12 12:06:14,292|  DLQ Out: 06.12 12:06:23,636|  ; C In: 06.12 12:06:23,629|#1 >**Nachricht aus der Zukunft fuer Leser:00.00 00:00:00,0070049|<  >**Nachricht aus der Zukunft fuer Server:00.00 00:00:00,0006900|< #4
7-clientA@Qigong-KLC-<0.98.0>-KLC: 121te_Nachricht. C Out: 06.12 12:06:16,769| HBQ In: 06.12 12:06:16,776|  DLQ Out: 06.12 12:06:23,682|  ; C In: 06.12 12:06:23,675|#1 >**Nachricht aus der Zukunft fuer Leser:00.00 00:00:00,0070070|< #2#4
6-clientA@Qigong-KLC-<0.99.0>-KLC: 122te_Nachricht. C Out: 06.12 12:06:14,769| HBQ In: 06.12 12:06:14,776|  DLQ Out: 06.12 12:06:23,714|  ; C In: 06.12 12:06:23,707|#1 >**Nachricht aus der Zukunft fuer Leser:00.00 00:00:00,0070070|< #2#4
1-clientA@Qigong-KLC-<0.104.0>-KLC: 123te_Nachricht. C Out: 06.12 12:06:14,800| HBQ In: 06.12 12:06:14,823|  DLQ Out: 06.12 12:06:23,714|  ; C In: 06.12 12:06:23,707|#1 >**Nachricht aus der Zukunft fuer Leser:00.00 00:00:00,0070070|< #2#4
4-clientB@Qigong-KLC-<0.101.0>-KLC: 124te_Nachricht. C Out: 06.12 12:06:17,887| HBQ In: 06.12 12:06:17,886|  DLQ Out: 06.12 12:06:23,714|  ; C In: 06.12 12:06:23,707|#1 >**Nachricht aus der Zukunft fuer Leser:00.00 00:00:00,0070070|<  >**Nachricht aus der Zukunft fuer Server:00.00 00:00:00,0007150|< #4
6-clientB@Qigong-KLC-<0.99.0>-KLC: 125te_Nachricht. C Out: 06.12 12:06:17,887| HBQ In: 06.12 12:06:17,917|  DLQ Out: 06.12 12:06:23,714|  ; C In: 06.12 12:06:23,707|#1 >**Nachricht aus der Zukunft fuer Leser:00.00 00:00:00,0070070|< #2#4
***Fehlernachricht fuer Nachrichten 126 bis 135 um 06.12 12:06:21,479|. DLQ Out: 06.12 12:06:23,729|  ; C In: 06.12 12:06:23,722|#1 >**Nachricht aus der Zukunft fuer Leser:00.00 00:00:00,0070070|< #2#4
3-clientB@Qigong-KLC-<0.102.0>-KLC: 136te_Nachricht. C Out: 06.12 12:06:19,090| HBQ In: 06.12 12:06:19,089|  DLQ Out: 06.12 12:06:23,729|  ; C In: 06.12 12:06:23,722|#1 >**Nachricht aus der Zukunft fuer Leser:00.00 00:00:00,0070070|<  >**Nachricht aus der Zukunft fuer Server:00.00 00:00:00,0007230|< #4
2-clientA@Qigong-KLC-<0.103.0>-KLC: 137te_Nachricht. C Out: 06.12 12:06:18,425| HBQ In: 06.12 12:06:18,432|  DLQ Out: 06.12 12:06:23,729|  ; C In: 06.12 12:06:23,722|#1 >**Nachricht aus der Zukunft fuer Leser:00.00 00:00:00,0070070|< #2#4
***Fehlernachricht fuer Nachrichten 138 bis 147 um 06.12 12:06:22,073|. DLQ Out: 06.12 12:06:23,729|  ; C In: 06.12 12:06:23,722|#1 >**Nachricht aus der Zukunft fuer Leser:00.00 00:00:00,0070070|< #2#4
5-clientA@Qigong-KLC-<0.100.0>-KLC: 148te_Nachricht. C Out: 06.12 12:06:19,754| HBQ In: 06.12 12:06:19,761|  DLQ Out: 06.12 12:06:23,761|  ; C In: 06.12 12:06:23,769|#1#3#2#4
7-clientB@Qigong-KLC-<0.98.0>-KLC: 149te_Nachricht. C Out: 06.12 12:06:16,308| HBQ In: 06.12 12:06:16,307|  DLQ Out: 06.12 12:06:23,776|  ; C In: 06.12 12:06:23,800|#1#3 >**Nachricht aus der Zukunft fuer Server:00.00 00:00:00,0007029|< #4
6-clientA@Qigong-KLC-<0.99.0>-KLC: 150te_Nachricht. C Out: 06.12 12:06:16,785| HBQ In: 06.12 12:06:16,823|  DLQ Out: 06.12 12:06:23,807|  ; C In: 06.12 12:06:23,800|#1 >**Nachricht aus der Zukunft fuer Leser:00.00 00:00:00,0070070|< #2#4
1-clientA@Qigong-KLC-<0.104.0>-KLC: 151te_Nachricht. C Out: 06.12 12:06:16,847| HBQ In: 06.12 12:06:16,917|  DLQ Out: 06.12 12:06:23,807|  ; C In: 06.12 12:06:23,800|#1 >**Nachricht aus der Zukunft fuer Leser:00.00 00:00:00,0070070|< #2#4
7-clientB@Qigong-KLC-<0.98.0>-KLC: 152te_Nachricht. C Out: 06.12 12:06:18,340| HBQ In: 06.12 12:06:18,370|  DLQ Out: 06.12 12:06:23,823|  ; C In: 06.12 12:06:23,847|#1#3#2#4
7-clientA@Qigong-KLC-<0.98.0>-KLC: 153te_Nachricht. C Out: 06.12 12:06:20,785| HBQ In: 06.12 12:06:20,792|  DLQ Out: 06.12 12:06:23,870|  ; C In: 06.12 12:06:23,863|#1 >**Nachricht aus der Zukunft fuer Leser:00.00 00:00:00,0070079|< #2#4..getmessages..Done...
258te_Nachricht um 06.12 12:06:23,910| vergessen zu senden ******
260te_Nachricht um 06.12 12:06:23,925| vergessen zu senden ******
263te_Nachricht um 06.12 12:06:23,957| vergessen zu senden ******
265te_Nachricht um 06.12 12:06:23,972| vergessen zu senden ******
Neues Sendeintervall: 3 Sekunden (6).
267te_Nachricht um 06.12 12:06:24,988| vergessen zu senden ******
4-clientA@Qigong-KLC-<0.101.0>-KLC: 269te_Nachricht. C Out: 06.12 12:06:27,082| gesendet
4-clientA@Qigong-KLC-<0.101.0>-KLC: 285te_Nachricht. C Out: 06.12 12:06:30,097| gesendet
4-clientA@Qigong-KLC-<0.101.0>-KLC: 317te_Nachricht. C Out: 06.12 12:06:33,129| gesendet
4-clientA@Qigong-KLC-<0.101.0>-KLC: 339te_Nachricht. C Out: 06.12 12:06:36,160| gesendet
4-clientA@Qigong-KLC-<0.101.0>-KLC: 391te_Nachricht. C Out: 06.12 12:06:39,175| gesendet
451te_Nachricht um 06.12 12:06:39,175| vergessen zu senden ******
452te_Nachricht um 06.12 12:06:39,175| vergessen zu senden ******
453te_Nachricht um 06.12 12:06:39,175| vergessen zu senden ******
454te_Nachricht um 06.12 12:06:39,191| vergessen zu senden ******
455te_Nachricht um 06.12 12:06:39,191| vergessen zu senden ******
7-clientA@Qigong-KLC-<0.98.0>-KLC: 314te_Nachricht. C Out: 06.12 12:06:31,394| HBQ In: 06.12 12:06:31,401|  DLQ Out: 06.12 12:06:39,198|  ; C In: 06.12 12:06:39,191|#1 >**Nachricht aus der Zukunft fuer Leser:00.00 00:00:00,0071019|< #2#4
***Fehlernachricht fuer Nachrichten 315 bis 315 um 06.12 12:06:36,167|. DLQ Out: 06.12 12:06:39,198|  ; C In: 06.12 12:06:39,191|#1 >**Nachricht aus der Zukunft fuer Leser:00.00 00:00:00,0071019|< #2#4
8-clientA@Qigong-KLC-<0.97.0>-KLC: 316te_Nachricht. C Out: 06.12 12:06:33,035| HBQ In: 06.12 12:06:33,073|  DLQ Out: 06.12 12:06:39,198|  ; C In: 06.12 12:06:39,207|#1#3#2#4
4-clientA@Qigong-KLC-<0.101.0>-KLC: 317te_Nachricht. C Out: 06.12 12:06:33,129| HBQ In: 06.12 12:06:33,151|  DLQ Out: 06.12 12:06:39,214| *******; C In: 06.12 12:06:39,207|#1 >**Nachricht aus der Zukunft fuer Leser:00.00 00:00:00,0071019|< #2#4
3-clientA@Qigong-KLC-<0.102.0>-KLC: 318te_Nachricht. C Out: 06.12 12:06:33,129| HBQ In: 06.12 12:06:33,167|  DLQ Out: 06.12 12:06:39,214|  ; C In: 06.12 12:06:39,207|#1 >**Nachricht aus der Zukunft fuer Leser:00.00 00:00:00,0071019|< #2#4
7-clientB@Qigong-KLC-<0.98.0>-KLC: 319te_Nachricht. C Out: 06.12 12:06:33,574| HBQ In: 06.12 12:06:33,573|  DLQ Out: 06.12 12:06:39,214|  ; C In: 06.12 12:06:39,222|#1#3 >**Nachricht aus der Zukunft fuer Server:00.00 00:00:00,0008779|< #4
3-clientB@Qigong-KLC-<0.102.0>-KLC: 320te_Nachricht. C Out: 06.12 12:06:37,183| HBQ In: 06.12 12:06:37,182|  DLQ Out: 06.12 12:06:39,229|  ; C In: 06.12 12:06:39,222|#1 >**Nachricht aus der Zukunft fuer Leser:00.00 00:00:00,0071019|<  >**Nachricht aus der Zukunft fuer Server:00.00 00:00:00,0009380|< #4
1-clientA@Qigong-KLC-<0.104.0>-KLC: 321te_Nachricht. C Out: 06.12 12:06:34,222| HBQ In: 06.12 12:06:34,229|  DLQ Out: 06.12 12:06:39,229|  ; C In: 06.12 12:06:39,222|#1 >**Nachricht aus der Zukunft fuer Leser:00.00 00:00:00,0071019|< #2#4
6-clientA@Qigong-KLC-<0.99.0>-KLC: 322te_Nachricht. C Out: 06.12 12:06:34,222| HBQ In: 06.12 12:06:34,261|  DLQ Out: 06.12 12:06:39,229|  ; C In: 06.12 12:06:39,238|#1#3#2#4
7-clientA@Qigong-KLC-<0.98.0>-KLC: 323te_Nachricht. C Out: 06.12 12:06:33,410| HBQ In: 06.12 12:06:33,432|  DLQ Out: 06.12 12:06:39,245|  ; C In: 06.12 12:06:39,238|#1 >**Nachricht aus der Zukunft fuer Leser:00.00 00:00:00,0071019|< #2#4
4-clientB@Qigong-KLC-<0.101.0>-KLC: 324te_Nachricht. C Out: 06.12 12:06:34,574| HBQ In: 06.12 12:06:34,589|  DLQ Out: 06.12 12:06:39,245|  ; C In: 06.12 12:06:39,238|#1 >**Nachricht aus der Zukunft fuer Leser:00.00 00:00:00,0071019|< #2#4
5-clientA@Qigong-KLC-<0.100.0>-KLC: 325te_Nachricht. C Out: 06.12 12:06:37,816| HBQ In: 06.12 12:06:37,823|  DLQ Out: 06.12 12:06:39,245|  ; C In: 06.12 12:06:39,238|#1 >**Nachricht aus der Zukunft fuer Leser:00.00 00:00:00,0071019|< #2#4
6-clientB@Qigong-KLC-<0.99.0>-KLC: 326te_Nachricht. C Out: 06.12 12:06:39,058| HBQ In: 06.12 12:06:39,057|  DLQ Out: 06.12 12:06:39,245|  ; C In: 06.12 12:06:39,254|#1#3 >**Nachricht aus der Zukunft fuer Server:00.00 00:00:00,0009710|< #4
***Fehlernachricht fuer Nachrichten 327 bis 337 um 06.12 12:06:39,136|. DLQ Out: 06.12 12:06:39,261|  ; C In: 06.12 12:06:39,254|#1 >**Nachricht aus der Zukunft fuer Leser:00.00 00:00:00,0071019|< #2#4
8-clientA@Qigong-KLC-<0.97.0>-KLC: 338te_Nachricht. C Out: 06.12 12:06:36,113| HBQ In: 06.12 12:06:36,120|  DLQ Out: 06.12 12:06:39,261|  ; C In: 06.12 12:06:39,254|#1 >**Nachricht aus der Zukunft fuer Leser:00.00 00:00:00,0071019|< #2#4
4-clientA@Qigong-KLC-<0.101.0>-KLC: 339te_Nachricht. C Out: 06.12 12:06:36,160| HBQ In: 06.12 12:06:36,167|  DLQ Out: 06.12 12:06:39,261| *******; C In: 06.12 12:06:39,254|#1 >**Nachricht aus der Zukunft fuer Leser:00.00 00:00:00,0071019|< #2#4
3-clientA@Qigong-KLC-<0.102.0>-KLC: 340te_Nachricht. C Out: 06.12 12:06:36,191| HBQ In: 06.12 12:06:36,198|  DLQ Out: 06.12 12:06:39,261|  ; C In: 06.12 12:06:39,254|#1 >**Nachricht aus der Zukunft fuer Leser:00.00 00:00:00,0071019|< #2#4..getmessages..Done...
467te_Nachricht um 06.12 12:06:39,269| vergessen zu senden ******
468te_Nachricht um 06.12 12:06:39,269| vergessen zu senden ******
469te_Nachricht um 06.12 12:06:39,269| vergessen zu senden ******
470te_Nachricht um 06.12 12:06:39,269| vergessen zu senden ******
Neues Sendeintervall: 4 Sekunden (3).
471te_Nachricht um 06.12 12:06:39,285| vergessen zu senden ******
4-clientA@Qigong-KLC-<0.101.0>-KLC: 472te_Nachricht. C Out: 06.12 12:06:43,300| gesendet
4-clientA@Qigong-KLC-<0.101.0>-KLC: 509te_Nachricht. C Out: 06.12 12:06:47,347| gesendet
4-clientA@Qigong-KLC-<0.101.0>-KLC: 565te_Nachricht. C Out: 06.12 12:06:51,394| gesendet
4-clientA@Qigong-KLC-<0.101.0>-KLC: 603te_Nachricht. C Out: 06.12 12:06:55,425| gesendet
4-clientA@Qigong-KLC-<0.101.0>-KLC: 674te_Nachricht. C Out: 06.12 12:06:59,488| gesendet
Downtime: 06.12 12:06:59,488| vom Client 4-clientA@Qigong-KLC-<0.101.0>-KLC
