client.cfg geoeffnet...
Servernode 'server@Qigong-KLC' von Server chiefper ping eingebunden
Client Client_9clientB@Qigong-KLC gestartet
Client Client_8clientB@Qigong-KLC gestartet
Client Client_7clientB@Qigong-KLC gestartet
Client Client_6clientB@Qigong-KLC gestartet
Client Client_5clientB@Qigong-KLC gestartet
Client Client_4clientB@Qigong-KLC gestartet
Client Client_3clientB@Qigong-KLC gestartet
Client Client_2clientB@Qigong-KLC gestartet
Client Client_1clientB@Qigong-KLC gestartet
Alle Clients gestartet
client.cfg geoeffnet...
Servernode 'server@Qigong-KLC' von Server chiefper ping eingebunden
Client Client_9clientA@Qigong-KLC gestartet
Client Client_8clientA@Qigong-KLC gestartet
Client Client_7clientA@Qigong-KLC gestartet
Client Client_6clientA@Qigong-KLC gestartet
Client Client_5clientA@Qigong-KLC gestartet
Client Client_4clientA@Qigong-KLC gestartet
Client Client_3clientA@Qigong-KLC gestartet
Client Client_2clientA@Qigong-KLC gestartet
Client Client_1clientA@Qigong-KLC gestartet
Alle Clients gestartet
