dlq>>> initialisiert mit Kapazität 17.
HBQ>>> Nachricht 2 in HBQ eingefügt.
HBQ>>> Nachricht 14 in HBQ eingefügt.
HBQ>>> Nachricht 12 in HBQ eingefügt.
HBQ>>> Nachricht 18 in HBQ eingefügt.
HBQ>>> Nachricht 9 in HBQ eingefügt.
HBQ>>> Nachricht 13 in HBQ eingefügt.
HBQ>>> Nachricht 3 in HBQ eingefügt.
HBQ>>> Nachricht 8 in HBQ eingefügt.
HBQ>>> Nachricht 17 in HBQ eingefügt.
HBQ>>> Nachricht 19 in HBQ eingefügt.
HBQ>>> Nachricht 11 in HBQ eingefügt.
HBQ>>> Nachricht 15 in HBQ eingefügt.
HBQ>>> Fehlernachricht fuer Nachrichten 1 bis 1 generiert.
dlq>>> Nachricht 1 in DLQ eingefügt.
dlq>>> Nachricht 2 in DLQ eingefügt.
dlq>>> Nachricht 3 in DLQ eingefügt.
HBQ>>> Nachricht 16 in HBQ eingefügt.
HBQ>>> Nachricht 20 in HBQ eingefügt.
HBQ>>> Fehlernachricht fuer Nachrichten 4 bis 7 generiert.
dlq>>> Nachricht 7 in DLQ eingefügt.
dlq>>> Nachricht 8 in DLQ eingefügt.
dlq>>> Nachricht 9 in DLQ eingefügt.
HBQ>>> Nachricht 22 in HBQ eingefügt.
HBQ>>> Nachricht 21 in HBQ eingefügt.
HBQ>>> Fehlernachricht fuer Nachrichten 10 bis 10 generiert.
dlq>>> Nachricht 10 in DLQ eingefügt.
dlq>>> Nachricht 11 in DLQ eingefügt.
dlq>>> Nachricht 12 in DLQ eingefügt.
dlq>>> Nachricht 13 in DLQ eingefügt.
dlq>>> Nachricht 14 in DLQ eingefügt.
dlq>>> Nachricht 15 in DLQ eingefügt.
dlq>>> Nachricht 16 in DLQ eingefügt.
dlq>>> Nachricht 17 in DLQ eingefügt.
dlq>>> Nachricht 18 in DLQ eingefügt.
dlq>>> Nachricht 19 in DLQ eingefügt.
dlq>>> Nachricht 20 in DLQ eingefügt.
dlq>>> Nachricht 21 in DLQ eingefügt.
dlq>>> Nachricht 1 aus DLQ gelöscht.
dlq>>> Nachricht 22 in DLQ eingefügt.
dlq>>> Nachricht 2 aus DLQ gelöscht.
HBQ>>> HBQ wurde komplett in DLQ übertragen.
HBQ>>> Nachricht 1 in HBQ eingefügt.
HBQ>>> HBQ wurde komplett in DLQ übertragen.
HBQ>>> Nachricht 5 in HBQ eingefügt.
HBQ>>> HBQ wurde komplett in DLQ übertragen.
HBQ>>> Nachricht 23 in HBQ eingefügt.
dlq>>> Nachricht 23 in DLQ eingefügt.
dlq>>> Nachricht 3 aus DLQ gelöscht.
HBQ>>> HBQ wurde komplett in DLQ übertragen.
HBQ>>> Nachricht 24 in HBQ eingefügt.
dlq>>> Nachricht 24 in DLQ eingefügt.
dlq>>> Nachricht 7 aus DLQ gelöscht.
HBQ>>> HBQ wurde komplett in DLQ übertragen.
HBQ>>> Nachricht 4 in HBQ eingefügt.
HBQ>>> HBQ wurde komplett in DLQ übertragen.
HBQ>>> Nachricht 6 in HBQ eingefügt.
HBQ>>> HBQ wurde komplett in DLQ übertragen.
HBQ>>> Nachricht 7 in HBQ eingefügt.
HBQ>>> HBQ wurde komplett in DLQ übertragen.
HBQ>>> Nachricht 28 in HBQ eingefügt.
HBQ>>> Nachricht 10 in HBQ eingefügt.
HBQ>>> Nachricht 32 in HBQ eingefügt.
HBQ>>> Nachricht 33 in HBQ eingefügt.
HBQ>>> Nachricht 34 in HBQ eingefügt.
HBQ>>> Nachricht 25 in HBQ eingefügt.
dlq>>> Nachricht 25 in DLQ eingefügt.
dlq>>> Nachricht 8 aus DLQ gelöscht.
HBQ>>> Nachricht 26 in HBQ eingefügt.
dlq>>> Nachricht 26 in DLQ eingefügt.
dlq>>> Nachricht 9 aus DLQ gelöscht.
HBQ>>> Nachricht 27 in HBQ eingefügt.
dlq>>> Nachricht 27 in DLQ eingefügt.
dlq>>> Nachricht 10 aus DLQ gelöscht.
dlq>>> Nachricht 28 in DLQ eingefügt.
dlq>>> Nachricht 11 aus DLQ gelöscht.
HBQ>>> Nachricht 37 in HBQ eingefügt.
HBQ>>> Nachricht 42 in HBQ eingefügt.
HBQ>>> Nachricht 29 in HBQ eingefügt.
dlq>>> Nachricht 29 in DLQ eingefügt.
dlq>>> Nachricht 12 aus DLQ gelöscht.
HBQ>>> Nachricht 30 in HBQ eingefügt.
dlq>>> Nachricht 30 in DLQ eingefügt.
dlq>>> Nachricht 13 aus DLQ gelöscht.
HBQ>>> Nachricht 31 in HBQ eingefügt.
dlq>>> Nachricht 31 in DLQ eingefügt.
dlq>>> Nachricht 14 aus DLQ gelöscht.
dlq>>> Nachricht 32 in DLQ eingefügt.
dlq>>> Nachricht 15 aus DLQ gelöscht.
dlq>>> Nachricht 33 in DLQ eingefügt.
dlq>>> Nachricht 16 aus DLQ gelöscht.
dlq>>> Nachricht 34 in DLQ eingefügt.
dlq>>> Nachricht 17 aus DLQ gelöscht.
HBQ>>> Nachricht 38 in HBQ eingefügt.
HBQ>>> Nachricht 44 in HBQ eingefügt.
HBQ>>> Nachricht 45 in HBQ eingefügt.
HBQ>>> Nachricht 46 in HBQ eingefügt.
HBQ>>> Nachricht 47 in HBQ eingefügt.
HBQ>>> Nachricht 48 in HBQ eingefügt.
HBQ>>> Nachricht 51 in HBQ eingefügt.
dlq>>> Content(17): [34,33,32,31,30,29,28,27,26,25,24,23,22,21,20,19,18]
HBQ>>> Content(9): "30/.-,*&%"
dlq>>> Nachricht 18 an Client<8778.98.0> ausgeliefert.
dlq>>> Nachricht 19 an Client<8778.98.0> ausgeliefert.
dlq>>> Nachricht 20 an Client<8778.98.0> ausgeliefert.
dlq>>> Nachricht 21 an Client<8778.98.0> ausgeliefert.
dlq>>> Nachricht 22 an Client<8778.98.0> ausgeliefert.
dlq>>> Nachricht 23 an Client<8778.98.0> ausgeliefert.
dlq>>> Nachricht 24 an Client<8778.98.0> ausgeliefert.
dlq>>> Nachricht 25 an Client<8778.98.0> ausgeliefert.
dlq>>> Nachricht 26 an Client<8778.98.0> ausgeliefert.
dlq>>> Nachricht 27 an Client<8778.98.0> ausgeliefert.
dlq>>> Nachricht 28 an Client<8778.98.0> ausgeliefert.
dlq>>> Nachricht 29 an Client<8778.98.0> ausgeliefert.
dlq>>> Nachricht 30 an Client<8778.98.0> ausgeliefert.
dlq>>> Nachricht 31 an Client<8778.98.0> ausgeliefert.
dlq>>> Nachricht 32 an Client<8778.98.0> ausgeliefert.
dlq>>> Nachricht 33 an Client<8778.98.0> ausgeliefert.
dlq>>> Nachricht 34 an Client<8778.98.0> ausgeliefert.
HBQ>>> Nachricht 49 in HBQ eingefügt.
HBQ>>> Nachricht 56 in HBQ eingefügt.
dlq>>> Content(17): [34,33,32,31,30,29,28,27,26,25,24,23,22,21,20,19,18]
HBQ>>> Content(11): "8310/.-,*&%"
HBQ>>> Nachricht 57 in HBQ eingefügt.
HBQ>>> Fehlernachricht fuer Nachrichten 35 bis 36 generiert.
dlq>>> Nachricht 36 in DLQ eingefügt.
dlq>>> Nachricht 18 aus DLQ gelöscht.
dlq>>> Nachricht 37 in DLQ eingefügt.
dlq>>> Nachricht 19 aus DLQ gelöscht.
dlq>>> Nachricht 38 in DLQ eingefügt.
dlq>>> Nachricht 20 aus DLQ gelöscht.
dlq>>> Content(17): [38,37,36,34,33,32,31,30,29,28,27,26,25,24,23,22,21]
HBQ>>> Content(10): "98310/.-,*"
HBQ>>> Nachricht 58 in HBQ eingefügt.
dlq>>> Content(17): [38,37,36,34,33,32,31,30,29,28,27,26,25,24,23,22,21]
HBQ>>> Content(11): ":98310/.-,*"
dlq>>> Nachricht 21 an Client<8812.99.0> ausgeliefert.
dlq>>> Nachricht 21 an Client<8812.104.0> ausgeliefert.
dlq>>> Nachricht 22 an Client<8812.99.0> ausgeliefert.
dlq>>> Nachricht 21 an Client<8812.98.0> ausgeliefert.
dlq>>> Nachricht 22 an Client<8812.104.0> ausgeliefert.
dlq>>> Nachricht 23 an Client<8812.99.0> ausgeliefert.
dlq>>> Nachricht 22 an Client<8812.98.0> ausgeliefert.
dlq>>> Nachricht 23 an Client<8812.104.0> ausgeliefert.
dlq>>> Nachricht 24 an Client<8812.99.0> ausgeliefert.
dlq>>> Nachricht 23 an Client<8812.98.0> ausgeliefert.
dlq>>> Nachricht 24 an Client<8812.104.0> ausgeliefert.
dlq>>> Nachricht 25 an Client<8812.99.0> ausgeliefert.
dlq>>> Nachricht 24 an Client<8812.98.0> ausgeliefert.
dlq>>> Nachricht 25 an Client<8812.104.0> ausgeliefert.
dlq>>> Nachricht 26 an Client<8812.99.0> ausgeliefert.
dlq>>> Nachricht 25 an Client<8812.98.0> ausgeliefert.
dlq>>> Nachricht 26 an Client<8812.104.0> ausgeliefert.
dlq>>> Nachricht 27 an Client<8812.99.0> ausgeliefert.
dlq>>> Nachricht 26 an Client<8812.98.0> ausgeliefert.
dlq>>> Nachricht 27 an Client<8812.104.0> ausgeliefert.
dlq>>> Nachricht 28 an Client<8812.99.0> ausgeliefert.
dlq>>> Nachricht 27 an Client<8812.98.0> ausgeliefert.
dlq>>> Nachricht 28 an Client<8812.104.0> ausgeliefert.
dlq>>> Nachricht 29 an Client<8812.99.0> ausgeliefert.
dlq>>> Nachricht 28 an Client<8812.98.0> ausgeliefert.
dlq>>> Nachricht 29 an Client<8812.104.0> ausgeliefert.
dlq>>> Nachricht 30 an Client<8812.99.0> ausgeliefert.
dlq>>> Nachricht 29 an Client<8812.98.0> ausgeliefert.
dlq>>> Nachricht 30 an Client<8812.104.0> ausgeliefert.
dlq>>> Nachricht 31 an Client<8812.99.0> ausgeliefert.
dlq>>> Nachricht 30 an Client<8812.98.0> ausgeliefert.
dlq>>> Nachricht 31 an Client<8812.104.0> ausgeliefert.
dlq>>> Nachricht 32 an Client<8812.99.0> ausgeliefert.
dlq>>> Nachricht 31 an Client<8812.98.0> ausgeliefert.
dlq>>> Nachricht 32 an Client<8812.104.0> ausgeliefert.
dlq>>> Nachricht 33 an Client<8812.99.0> ausgeliefert.
dlq>>> Nachricht 32 an Client<8812.98.0> ausgeliefert.
dlq>>> Nachricht 33 an Client<8812.104.0> ausgeliefert.
dlq>>> Nachricht 34 an Client<8812.99.0> ausgeliefert.
dlq>>> Nachricht 33 an Client<8812.98.0> ausgeliefert.
dlq>>> Nachricht 34 an Client<8812.104.0> ausgeliefert.
dlq>>> Nachricht 36 an Client<8812.99.0> ausgeliefert.
dlq>>> Nachricht 34 an Client<8812.98.0> ausgeliefert.
dlq>>> Nachricht 36 an Client<8812.104.0> ausgeliefert.
dlq>>> Nachricht 37 an Client<8812.99.0> ausgeliefert.
dlq>>> Nachricht 36 an Client<8812.98.0> ausgeliefert.
dlq>>> Nachricht 37 an Client<8812.104.0> ausgeliefert.
dlq>>> Nachricht 38 an Client<8812.99.0> ausgeliefert.
dlq>>> Nachricht 37 an Client<8812.98.0> ausgeliefert.
dlq>>> Nachricht 38 an Client<8812.104.0> ausgeliefert.
dlq>>> Nachricht 38 an Client<8812.98.0> ausgeliefert.
HBQ>>> Nachricht 35 in HBQ eingefügt.
HBQ>>> Nachricht 36 in HBQ eingefügt.
HBQ>>> Nachricht 50 in HBQ eingefügt.
HBQ>>> Fehlernachricht fuer Nachrichten 39 bis 41 generiert.
dlq>>> Nachricht 41 in DLQ eingefügt.
dlq>>> Nachricht 21 aus DLQ gelöscht.
dlq>>> Nachricht 42 in DLQ eingefügt.
dlq>>> Nachricht 22 aus DLQ gelöscht.
HBQ>>> Nachricht 55 in HBQ eingefügt.
HBQ>>> Fehlernachricht fuer Nachrichten 43 bis 43 generiert.
dlq>>> Nachricht 43 in DLQ eingefügt.
dlq>>> Nachricht 23 aus DLQ gelöscht.
dlq>>> Nachricht 44 in DLQ eingefügt.
dlq>>> Nachricht 24 aus DLQ gelöscht.
dlq>>> Nachricht 45 in DLQ eingefügt.
dlq>>> Nachricht 25 aus DLQ gelöscht.
dlq>>> Nachricht 46 in DLQ eingefügt.
dlq>>> Nachricht 26 aus DLQ gelöscht.
dlq>>> Nachricht 47 in DLQ eingefügt.
dlq>>> Nachricht 27 aus DLQ gelöscht.
dlq>>> Nachricht 48 in DLQ eingefügt.
dlq>>> Nachricht 28 aus DLQ gelöscht.
dlq>>> Nachricht 49 in DLQ eingefügt.
dlq>>> Nachricht 29 aus DLQ gelöscht.
dlq>>> Nachricht 50 in DLQ eingefügt.
dlq>>> Nachricht 30 aus DLQ gelöscht.
dlq>>> Nachricht 51 in DLQ eingefügt.
dlq>>> Nachricht 31 aus DLQ gelöscht.
HBQ>>> Nachricht 71 in HBQ eingefügt.
HBQ>>> Nachricht 102 in HBQ eingefügt.
HBQ>>> Nachricht 104 in HBQ eingefügt.
HBQ>>> Nachricht 39 in HBQ eingefügt.
HBQ>>> Nachricht 40 in HBQ eingefügt.
HBQ>>> Nachricht 41 in HBQ eingefügt.
HBQ>>> Nachricht 43 in HBQ eingefügt.
HBQ>>> Nachricht 52 in HBQ eingefügt.
dlq>>> Nachricht 52 in DLQ eingefügt.
dlq>>> Nachricht 32 aus DLQ gelöscht.
HBQ>>> Nachricht 53 in HBQ eingefügt.
dlq>>> Nachricht 53 in DLQ eingefügt.
dlq>>> Nachricht 33 aus DLQ gelöscht.
HBQ>>> Nachricht 54 in HBQ eingefügt.
dlq>>> Nachricht 54 in DLQ eingefügt.
dlq>>> Nachricht 34 aus DLQ gelöscht.
dlq>>> Nachricht 55 in DLQ eingefügt.
dlq>>> Nachricht 36 aus DLQ gelöscht.
dlq>>> Nachricht 56 in DLQ eingefügt.
dlq>>> Nachricht 37 aus DLQ gelöscht.
dlq>>> Nachricht 57 in DLQ eingefügt.
dlq>>> Nachricht 38 aus DLQ gelöscht.
dlq>>> Nachricht 58 in DLQ eingefügt.
dlq>>> Nachricht 41 aus DLQ gelöscht.
HBQ>>> Nachricht 110 in HBQ eingefügt.
HBQ>>> Nachricht 105 in HBQ eingefügt.
HBQ>>> Nachricht 111 in HBQ eingefügt.
HBQ>>> Nachricht 112 in HBQ eingefügt.
HBQ>>> Nachricht 59 in HBQ eingefügt.
dlq>>> Nachricht 59 in DLQ eingefügt.
dlq>>> Nachricht 42 aus DLQ gelöscht.
HBQ>>> Nachricht 60 in HBQ eingefügt.
dlq>>> Nachricht 60 in DLQ eingefügt.
dlq>>> Nachricht 43 aus DLQ gelöscht.
HBQ>>> Nachricht 108 in HBQ eingefügt.
dlq>>> Content(17): "<;:9876543210/.-,"
HBQ>>> Content(8): "ponlihfG"
dlq>>> Nachricht 44 an Client<8778.102.0> ausgeliefert.
dlq>>> Nachricht 45 an Client<8778.102.0> ausgeliefert.
dlq>>> Nachricht 46 an Client<8778.102.0> ausgeliefert.
dlq>>> Nachricht 47 an Client<8778.102.0> ausgeliefert.
dlq>>> Nachricht 48 an Client<8778.102.0> ausgeliefert.
dlq>>> Nachricht 49 an Client<8778.102.0> ausgeliefert.
dlq>>> Nachricht 50 an Client<8778.102.0> ausgeliefert.
dlq>>> Nachricht 51 an Client<8778.102.0> ausgeliefert.
dlq>>> Nachricht 52 an Client<8778.102.0> ausgeliefert.
dlq>>> Nachricht 53 an Client<8778.102.0> ausgeliefert.
dlq>>> Nachricht 54 an Client<8778.102.0> ausgeliefert.
dlq>>> Nachricht 55 an Client<8778.102.0> ausgeliefert.
dlq>>> Nachricht 56 an Client<8778.102.0> ausgeliefert.
dlq>>> Nachricht 57 an Client<8778.102.0> ausgeliefert.
dlq>>> Nachricht 58 an Client<8778.102.0> ausgeliefert.
dlq>>> Nachricht 59 an Client<8778.102.0> ausgeliefert.
dlq>>> Nachricht 60 an Client<8778.102.0> ausgeliefert.
HBQ>>> Nachricht 72 in HBQ eingefügt.
HBQ>>> Nachricht 109 in HBQ eingefügt.
dlq>>> Content(17): "<;:9876543210/.-,"
HBQ>>> Content(10): "ponmlihfHG"
dlq>>> Nachricht 44 an Client<8812.100.0> ausgeliefert.
dlq>>> Nachricht 45 an Client<8812.100.0> ausgeliefert.
dlq>>> Nachricht 46 an Client<8812.100.0> ausgeliefert.
dlq>>> Nachricht 47 an Client<8812.100.0> ausgeliefert.
dlq>>> Nachricht 48 an Client<8812.100.0> ausgeliefert.
dlq>>> Nachricht 49 an Client<8812.100.0> ausgeliefert.
dlq>>> Nachricht 50 an Client<8812.100.0> ausgeliefert.
dlq>>> Nachricht 51 an Client<8812.100.0> ausgeliefert.
dlq>>> Nachricht 52 an Client<8812.100.0> ausgeliefert.
dlq>>> Nachricht 53 an Client<8812.100.0> ausgeliefert.
dlq>>> Nachricht 54 an Client<8812.100.0> ausgeliefert.
dlq>>> Nachricht 55 an Client<8812.100.0> ausgeliefert.
dlq>>> Nachricht 56 an Client<8812.100.0> ausgeliefert.
dlq>>> Nachricht 57 an Client<8812.100.0> ausgeliefert.
dlq>>> Nachricht 58 an Client<8812.100.0> ausgeliefert.
dlq>>> Nachricht 59 an Client<8812.100.0> ausgeliefert.
dlq>>> Nachricht 60 an Client<8812.100.0> ausgeliefert.
HBQ>>> Nachricht 120 in HBQ eingefügt.
HBQ>>> Nachricht 122 in HBQ eingefügt.
HBQ>>> Fehlernachricht fuer Nachrichten 61 bis 70 generiert.
dlq>>> Nachricht 70 in DLQ eingefügt.
dlq>>> Nachricht 44 aus DLQ gelöscht.
dlq>>> Nachricht 71 in DLQ eingefügt.
dlq>>> Nachricht 45 aus DLQ gelöscht.
dlq>>> Nachricht 72 in DLQ eingefügt.
dlq>>> Nachricht 46 aus DLQ gelöscht.
HBQ>>> Nachricht 123 in HBQ eingefügt.
HBQ>>> Nachricht 149 in HBQ eingefügt.
HBQ>>> Fehlernachricht fuer Nachrichten 73 bis 101 generiert.
dlq>>> Nachricht 101 in DLQ eingefügt.
dlq>>> Nachricht 47 aus DLQ gelöscht.
dlq>>> Nachricht 102 in DLQ eingefügt.
dlq>>> Nachricht 48 aus DLQ gelöscht.
HBQ>>> Nachricht 121 in HBQ eingefügt.
HBQ>>> Fehlernachricht fuer Nachrichten 103 bis 103 generiert.
dlq>>> Nachricht 103 in DLQ eingefügt.
dlq>>> Nachricht 49 aus DLQ gelöscht.
dlq>>> Nachricht 104 in DLQ eingefügt.
dlq>>> Nachricht 50 aus DLQ gelöscht.
dlq>>> Nachricht 105 in DLQ eingefügt.
dlq>>> Nachricht 51 aus DLQ gelöscht.
HBQ>>> Nachricht 106 in HBQ eingefügt.
dlq>>> Nachricht 106 in DLQ eingefügt.
dlq>>> Nachricht 52 aus DLQ gelöscht.
HBQ>>> Nachricht 150 in HBQ eingefügt.
HBQ>>> Nachricht 107 in HBQ eingefügt.
dlq>>> Nachricht 107 in DLQ eingefügt.
dlq>>> Nachricht 53 aus DLQ gelöscht.
dlq>>> Nachricht 108 in DLQ eingefügt.
dlq>>> Nachricht 54 aus DLQ gelöscht.
dlq>>> Nachricht 109 in DLQ eingefügt.
dlq>>> Nachricht 55 aus DLQ gelöscht.
dlq>>> Nachricht 110 in DLQ eingefügt.
dlq>>> Nachricht 56 aus DLQ gelöscht.
dlq>>> Nachricht 111 in DLQ eingefügt.
dlq>>> Nachricht 57 aus DLQ gelöscht.
dlq>>> Nachricht 112 in DLQ eingefügt.
dlq>>> Nachricht 58 aus DLQ gelöscht.
HBQ>>> Nachricht 151 in HBQ eingefügt.
HBQ>>> Nachricht 117 in HBQ eingefügt.
HBQ>>> Nachricht 118 in HBQ eingefügt.
HBQ>>> Nachricht 119 in HBQ eingefügt.
HBQ>>> Nachricht 124 in HBQ eingefügt.
dlq>>> Content(17): "ponmlkjihgfeHGF<;"
HBQ>>> Content(11): [151,150,149,124,123,122,121,120,119,118,117]
HBQ>>> Nachricht 125 in HBQ eingefügt.
HBQ>>> Fehlernachricht fuer Nachrichten 113 bis 116 generiert.
dlq>>> Nachricht 116 in DLQ eingefügt.
dlq>>> Nachricht 59 aus DLQ gelöscht.
dlq>>> Nachricht 117 in DLQ eingefügt.
dlq>>> Nachricht 60 aus DLQ gelöscht.
dlq>>> Nachricht 118 in DLQ eingefügt.
dlq>>> Nachricht 70 aus DLQ gelöscht.
dlq>>> Nachricht 119 in DLQ eingefügt.
dlq>>> Nachricht 71 aus DLQ gelöscht.
dlq>>> Nachricht 120 in DLQ eingefügt.
dlq>>> Nachricht 72 aus DLQ gelöscht.
dlq>>> Nachricht 121 in DLQ eingefügt.
dlq>>> Nachricht 101 aus DLQ gelöscht.
dlq>>> Nachricht 122 in DLQ eingefügt.
dlq>>> Nachricht 102 aus DLQ gelöscht.
dlq>>> Nachricht 123 in DLQ eingefügt.
dlq>>> Nachricht 103 aus DLQ gelöscht.
dlq>>> Nachricht 124 in DLQ eingefügt.
dlq>>> Nachricht 104 aus DLQ gelöscht.
dlq>>> Nachricht 125 in DLQ eingefügt.
dlq>>> Nachricht 105 aus DLQ gelöscht.
dlq>>> Content(17): "}|{zyxwvutponmlkj"
HBQ>>> Content(3): [151,150,149]
dlq>>> Nachricht 106 an Client<8778.101.0> ausgeliefert.
dlq>>> Nachricht 106 an Client<8778.99.0> ausgeliefert.
dlq>>> Nachricht 107 an Client<8778.101.0> ausgeliefert.
dlq>>> Nachricht 107 an Client<8778.99.0> ausgeliefert.
dlq>>> Nachricht 108 an Client<8778.101.0> ausgeliefert.
dlq>>> Nachricht 108 an Client<8778.99.0> ausgeliefert.
dlq>>> Nachricht 109 an Client<8778.101.0> ausgeliefert.
dlq>>> Nachricht 109 an Client<8778.99.0> ausgeliefert.
dlq>>> Nachricht 110 an Client<8778.101.0> ausgeliefert.
dlq>>> Nachricht 110 an Client<8778.99.0> ausgeliefert.
dlq>>> Nachricht 111 an Client<8778.101.0> ausgeliefert.
dlq>>> Nachricht 111 an Client<8778.99.0> ausgeliefert.
dlq>>> Nachricht 112 an Client<8778.101.0> ausgeliefert.
dlq>>> Nachricht 112 an Client<8778.99.0> ausgeliefert.
dlq>>> Nachricht 116 an Client<8778.101.0> ausgeliefert.
dlq>>> Nachricht 116 an Client<8778.99.0> ausgeliefert.
dlq>>> Nachricht 117 an Client<8778.101.0> ausgeliefert.
dlq>>> Nachricht 117 an Client<8778.99.0> ausgeliefert.
dlq>>> Nachricht 118 an Client<8778.101.0> ausgeliefert.
dlq>>> Nachricht 118 an Client<8778.99.0> ausgeliefert.
dlq>>> Nachricht 119 an Client<8778.101.0> ausgeliefert.
dlq>>> Nachricht 119 an Client<8778.99.0> ausgeliefert.
dlq>>> Nachricht 120 an Client<8778.99.0> ausgeliefert.
dlq>>> Nachricht 120 an Client<8778.101.0> ausgeliefert.
dlq>>> Nachricht 121 an Client<8778.99.0> ausgeliefert.
dlq>>> Nachricht 121 an Client<8778.101.0> ausgeliefert.
dlq>>> Nachricht 122 an Client<8778.99.0> ausgeliefert.
dlq>>> Nachricht 122 an Client<8778.101.0> ausgeliefert.
dlq>>> Nachricht 123 an Client<8778.99.0> ausgeliefert.
dlq>>> Nachricht 123 an Client<8778.101.0> ausgeliefert.
dlq>>> Nachricht 124 an Client<8778.99.0> ausgeliefert.
dlq>>> Nachricht 124 an Client<8778.101.0> ausgeliefert.
dlq>>> Nachricht 125 an Client<8778.99.0> ausgeliefert.
dlq>>> Nachricht 125 an Client<8778.101.0> ausgeliefert.
HBQ>>> Nachricht 152 in HBQ eingefügt.
dlq>>> Content(17): "}|{zyxwvutponmlkj"
HBQ>>> Content(4): [152,151,150,149]
dlq>>> Nachricht 106 an Client<8778.98.0> ausgeliefert.
dlq>>> Nachricht 107 an Client<8778.98.0> ausgeliefert.
dlq>>> Nachricht 108 an Client<8778.98.0> ausgeliefert.
dlq>>> Nachricht 109 an Client<8778.98.0> ausgeliefert.
dlq>>> Nachricht 110 an Client<8778.98.0> ausgeliefert.
HBQ>>> Nachricht 137 in HBQ eingefügt.
dlq>>> Content(17): "}|{zyxwvutponmlkj"
HBQ>>> Content(5): [152,151,150,149,137]
dlq>>> Nachricht 111 an Client<8778.98.0> ausgeliefert.
dlq>>> Nachricht 112 an Client<8778.98.0> ausgeliefert.
dlq>>> Nachricht 116 an Client<8778.98.0> ausgeliefert.
dlq>>> Nachricht 117 an Client<8778.98.0> ausgeliefert.
dlq>>> Nachricht 118 an Client<8778.98.0> ausgeliefert.
dlq>>> Nachricht 106 an Client<8812.103.0> ausgeliefert.
dlq>>> Nachricht 119 an Client<8778.98.0> ausgeliefert.
dlq>>> Nachricht 107 an Client<8812.103.0> ausgeliefert.
dlq>>> Nachricht 120 an Client<8778.98.0> ausgeliefert.
dlq>>> Nachricht 121 an Client<8778.98.0> ausgeliefert.
dlq>>> Nachricht 122 an Client<8778.98.0> ausgeliefert.
dlq>>> Nachricht 123 an Client<8778.98.0> ausgeliefert.
dlq>>> Nachricht 124 an Client<8778.98.0> ausgeliefert.
dlq>>> Nachricht 125 an Client<8778.98.0> ausgeliefert.
dlq>>> Nachricht 108 an Client<8812.103.0> ausgeliefert.
dlq>>> Nachricht 109 an Client<8812.103.0> ausgeliefert.
dlq>>> Nachricht 110 an Client<8812.103.0> ausgeliefert.
dlq>>> Nachricht 111 an Client<8812.103.0> ausgeliefert.
dlq>>> Nachricht 112 an Client<8812.103.0> ausgeliefert.
dlq>>> Nachricht 116 an Client<8812.103.0> ausgeliefert.
dlq>>> Nachricht 117 an Client<8812.103.0> ausgeliefert.
dlq>>> Nachricht 118 an Client<8812.103.0> ausgeliefert.
dlq>>> Nachricht 119 an Client<8812.103.0> ausgeliefert.
dlq>>> Nachricht 120 an Client<8812.103.0> ausgeliefert.
dlq>>> Nachricht 121 an Client<8812.103.0> ausgeliefert.
dlq>>> Nachricht 122 an Client<8812.103.0> ausgeliefert.
dlq>>> Nachricht 123 an Client<8812.103.0> ausgeliefert.
dlq>>> Nachricht 124 an Client<8812.103.0> ausgeliefert.
dlq>>> Nachricht 125 an Client<8812.103.0> ausgeliefert.
HBQ>>> Nachricht 155 in HBQ eingefügt.
dlq>>> Content(17): "}|{zyxwvutponmlkj"
HBQ>>> Content(6): [155,152,151,150,149,137]
HBQ>>> Nachricht 157 in HBQ eingefügt.
dlq>>> Content(17): "}|{zyxwvutponmlkj"
HBQ>>> Content(7): [157,155,152,151,150,149,137]
dlq>>> Nachricht 106 an Client<8812.99.0> ausgeliefert.
dlq>>> Nachricht 106 an Client<8812.104.0> ausgeliefert.
dlq>>> Nachricht 107 an Client<8812.104.0> ausgeliefert.
dlq>>> Nachricht 107 an Client<8812.99.0> ausgeliefert.
dlq>>> Nachricht 108 an Client<8812.104.0> ausgeliefert.
dlq>>> Nachricht 108 an Client<8812.99.0> ausgeliefert.
dlq>>> Nachricht 109 an Client<8812.104.0> ausgeliefert.
dlq>>> Nachricht 109 an Client<8812.99.0> ausgeliefert.
dlq>>> Nachricht 110 an Client<8812.104.0> ausgeliefert.
dlq>>> Nachricht 110 an Client<8812.99.0> ausgeliefert.
dlq>>> Nachricht 111 an Client<8812.104.0> ausgeliefert.
dlq>>> Nachricht 111 an Client<8812.99.0> ausgeliefert.
dlq>>> Nachricht 112 an Client<8812.104.0> ausgeliefert.
dlq>>> Nachricht 112 an Client<8812.99.0> ausgeliefert.
dlq>>> Nachricht 116 an Client<8812.104.0> ausgeliefert.
dlq>>> Nachricht 116 an Client<8812.99.0> ausgeliefert.
dlq>>> Nachricht 117 an Client<8812.104.0> ausgeliefert.
dlq>>> Nachricht 117 an Client<8812.99.0> ausgeliefert.
dlq>>> Nachricht 118 an Client<8812.104.0> ausgeliefert.
dlq>>> Nachricht 118 an Client<8812.99.0> ausgeliefert.
dlq>>> Nachricht 119 an Client<8812.104.0> ausgeliefert.
dlq>>> Nachricht 119 an Client<8812.99.0> ausgeliefert.
dlq>>> Nachricht 120 an Client<8812.104.0> ausgeliefert.
dlq>>> Nachricht 120 an Client<8812.99.0> ausgeliefert.
dlq>>> Nachricht 121 an Client<8812.104.0> ausgeliefert.
dlq>>> Nachricht 121 an Client<8812.99.0> ausgeliefert.
dlq>>> Nachricht 122 an Client<8812.104.0> ausgeliefert.
dlq>>> Nachricht 122 an Client<8812.99.0> ausgeliefert.
dlq>>> Nachricht 123 an Client<8812.104.0> ausgeliefert.
dlq>>> Nachricht 123 an Client<8812.99.0> ausgeliefert.
dlq>>> Nachricht 124 an Client<8812.104.0> ausgeliefert.
dlq>>> Nachricht 124 an Client<8812.99.0> ausgeliefert.
dlq>>> Nachricht 125 an Client<8812.104.0> ausgeliefert.
dlq>>> Nachricht 125 an Client<8812.99.0> ausgeliefert.
HBQ>>> Nachricht 136 in HBQ eingefügt.
HBQ>>> Nachricht 148 in HBQ eingefügt.
HBQ>>> Nachricht 115 in HBQ eingefügt.
HBQ>>> Nachricht 113 in HBQ eingefügt.
HBQ>>> Nachricht 114 in HBQ eingefügt.
HBQ>>> Nachricht 182 in HBQ eingefügt.
HBQ>>> Nachricht 116 in HBQ eingefügt.
HBQ>>> Nachricht 153 in HBQ eingefügt.
HBQ>>> Nachricht 198 in HBQ eingefügt.
HBQ>>> Fehlernachricht fuer Nachrichten 126 bis 135 generiert.
dlq>>> Nachricht 135 in DLQ eingefügt.
dlq>>> Nachricht 106 aus DLQ gelöscht.
dlq>>> Nachricht 136 in DLQ eingefügt.
dlq>>> Nachricht 107 aus DLQ gelöscht.
dlq>>> Nachricht 137 in DLQ eingefügt.
dlq>>> Nachricht 108 aus DLQ gelöscht.
HBQ>>> Nachricht 232 in HBQ eingefügt.
HBQ>>> Nachricht 225 in HBQ eingefügt.
HBQ>>> Fehlernachricht fuer Nachrichten 138 bis 147 generiert.
dlq>>> Nachricht 147 in DLQ eingefügt.
dlq>>> Nachricht 109 aus DLQ gelöscht.
dlq>>> Nachricht 148 in DLQ eingefügt.
dlq>>> Nachricht 110 aus DLQ gelöscht.
dlq>>> Nachricht 149 in DLQ eingefügt.
dlq>>> Nachricht 111 aus DLQ gelöscht.
dlq>>> Nachricht 150 in DLQ eingefügt.
dlq>>> Nachricht 112 aus DLQ gelöscht.
dlq>>> Nachricht 151 in DLQ eingefügt.
dlq>>> Nachricht 116 aus DLQ gelöscht.
dlq>>> Nachricht 152 in DLQ eingefügt.
dlq>>> Nachricht 117 aus DLQ gelöscht.
dlq>>> Nachricht 153 in DLQ eingefügt.
dlq>>> Nachricht 118 aus DLQ gelöscht.
HBQ>>> Nachricht 226 in HBQ eingefügt.
HBQ>>> Nachricht 158 in HBQ eingefügt.
dlq>>> Content(17): [153,152,151,150,149,148,147,137,136,135,125,124,123,122,121,120,119]
HBQ>>> Content(8): [232,226,225,198,182,158,157,155]
HBQ>>> Nachricht 159 in HBQ eingefügt.
dlq>>> Content(17): [153,152,151,150,149,148,147,137,136,135,125,124,123,122,121,120,119]
HBQ>>> Content(9): [232,226,225,198,182,159,158,157,155]
HBQ>>> Nachricht 160 in HBQ eingefügt.
dlq>>> Content(17): [153,152,151,150,149,148,147,137,136,135,125,124,123,122,121,120,119]
HBQ>>> Content(10): [232,226,225,198,182,160,159,158,157,155]
dlq>>> Nachricht 119 an Client<8812.97.0> ausgeliefert.
dlq>>> Nachricht 120 an Client<8812.97.0> ausgeliefert.
dlq>>> Nachricht 121 an Client<8812.97.0> ausgeliefert.
dlq>>> Nachricht 122 an Client<8812.97.0> ausgeliefert.
dlq>>> Nachricht 119 an Client<8812.101.0> ausgeliefert.
dlq>>> Nachricht 123 an Client<8812.97.0> ausgeliefert.
dlq>>> Nachricht 119 an Client<8812.102.0> ausgeliefert.
dlq>>> Nachricht 120 an Client<8812.101.0> ausgeliefert.
dlq>>> Nachricht 124 an Client<8812.97.0> ausgeliefert.
dlq>>> Nachricht 120 an Client<8812.102.0> ausgeliefert.
dlq>>> Nachricht 121 an Client<8812.101.0> ausgeliefert.
dlq>>> Nachricht 125 an Client<8812.97.0> ausgeliefert.
dlq>>> Nachricht 121 an Client<8812.102.0> ausgeliefert.
dlq>>> Nachricht 122 an Client<8812.101.0> ausgeliefert.
dlq>>> Nachricht 135 an Client<8812.97.0> ausgeliefert.
dlq>>> Nachricht 122 an Client<8812.102.0> ausgeliefert.
dlq>>> Nachricht 123 an Client<8812.101.0> ausgeliefert.
dlq>>> Nachricht 136 an Client<8812.97.0> ausgeliefert.
dlq>>> Nachricht 123 an Client<8812.102.0> ausgeliefert.
dlq>>> Nachricht 124 an Client<8812.101.0> ausgeliefert.
dlq>>> Nachricht 137 an Client<8812.97.0> ausgeliefert.
dlq>>> Nachricht 124 an Client<8812.102.0> ausgeliefert.
dlq>>> Nachricht 125 an Client<8812.101.0> ausgeliefert.
dlq>>> Nachricht 147 an Client<8812.97.0> ausgeliefert.
dlq>>> Nachricht 125 an Client<8812.102.0> ausgeliefert.
dlq>>> Nachricht 135 an Client<8812.101.0> ausgeliefert.
dlq>>> Nachricht 148 an Client<8812.97.0> ausgeliefert.
dlq>>> Nachricht 135 an Client<8812.102.0> ausgeliefert.
dlq>>> Nachricht 136 an Client<8812.101.0> ausgeliefert.
dlq>>> Nachricht 149 an Client<8812.97.0> ausgeliefert.
dlq>>> Nachricht 136 an Client<8812.102.0> ausgeliefert.
dlq>>> Nachricht 137 an Client<8812.101.0> ausgeliefert.
dlq>>> Nachricht 150 an Client<8812.97.0> ausgeliefert.
dlq>>> Nachricht 137 an Client<8812.102.0> ausgeliefert.
dlq>>> Nachricht 147 an Client<8812.101.0> ausgeliefert.
dlq>>> Nachricht 151 an Client<8812.97.0> ausgeliefert.
dlq>>> Nachricht 147 an Client<8812.102.0> ausgeliefert.
dlq>>> Nachricht 148 an Client<8812.101.0> ausgeliefert.
dlq>>> Nachricht 152 an Client<8812.97.0> ausgeliefert.
dlq>>> Nachricht 148 an Client<8812.102.0> ausgeliefert.
dlq>>> Nachricht 149 an Client<8812.101.0> ausgeliefert.
dlq>>> Nachricht 153 an Client<8812.97.0> ausgeliefert.
dlq>>> Nachricht 149 an Client<8812.102.0> ausgeliefert.
dlq>>> Nachricht 150 an Client<8812.101.0> ausgeliefert.
dlq>>> Nachricht 150 an Client<8812.102.0> ausgeliefert.
dlq>>> Nachricht 151 an Client<8812.101.0> ausgeliefert.
dlq>>> Nachricht 151 an Client<8812.102.0> ausgeliefert.
dlq>>> Nachricht 152 an Client<8812.101.0> ausgeliefert.
dlq>>> Nachricht 152 an Client<8812.102.0> ausgeliefert.
dlq>>> Nachricht 153 an Client<8812.101.0> ausgeliefert.
dlq>>> Nachricht 153 an Client<8812.102.0> ausgeliefert.
HBQ>>> Nachricht 236 in HBQ eingefügt.
HBQ>>> Nachricht 235 in HBQ eingefügt.
HBQ>>> Fehlernachricht fuer Nachrichten 154 bis 154 generiert.
dlq>>> Nachricht 154 in DLQ eingefügt.
dlq>>> Nachricht 119 aus DLQ gelöscht.
dlq>>> Nachricht 155 in DLQ eingefügt.
dlq>>> Nachricht 120 aus DLQ gelöscht.
HBQ>>> Nachricht 234 in HBQ eingefügt.
HBQ>>> Fehlernachricht fuer Nachrichten 156 bis 156 generiert.
dlq>>> Nachricht 156 in DLQ eingefügt.
dlq>>> Nachricht 121 aus DLQ gelöscht.
dlq>>> Nachricht 157 in DLQ eingefügt.
dlq>>> Nachricht 122 aus DLQ gelöscht.
dlq>>> Nachricht 158 in DLQ eingefügt.
dlq>>> Nachricht 123 aus DLQ gelöscht.
dlq>>> Nachricht 159 in DLQ eingefügt.
dlq>>> Nachricht 124 aus DLQ gelöscht.
dlq>>> Nachricht 160 in DLQ eingefügt.
dlq>>> Nachricht 125 aus DLQ gelöscht.
HBQ>>> Nachricht 154 in HBQ eingefügt.
HBQ>>> Nachricht 156 in HBQ eingefügt.
HBQ>>> Nachricht 181 in HBQ eingefügt.
HBQ>>> Nachricht 237 in HBQ eingefügt.
HBQ>>> Nachricht 238 in HBQ eingefügt.
HBQ>>> Nachricht 227 in HBQ eingefügt.
HBQ>>> Fehlernachricht fuer Nachrichten 161 bis 180 generiert.
dlq>>> Nachricht 180 in DLQ eingefügt.
dlq>>> Nachricht 135 aus DLQ gelöscht.
dlq>>> Nachricht 181 in DLQ eingefügt.
dlq>>> Nachricht 136 aus DLQ gelöscht.
dlq>>> Nachricht 182 in DLQ eingefügt.
dlq>>> Nachricht 137 aus DLQ gelöscht.
HBQ>>> Nachricht 204 in HBQ eingefügt.
HBQ>>> Nachricht 228 in HBQ eingefügt.
HBQ>>> Fehlernachricht fuer Nachrichten 183 bis 197 generiert.
dlq>>> Nachricht 197 in DLQ eingefügt.
dlq>>> Nachricht 147 aus DLQ gelöscht.
dlq>>> Nachricht 198 in DLQ eingefügt.
dlq>>> Nachricht 148 aus DLQ gelöscht.
HBQ>>> Nachricht 272 in HBQ eingefügt.
HBQ>>> Fehlernachricht fuer Nachrichten 199 bis 203 generiert.
dlq>>> Nachricht 203 in DLQ eingefügt.
dlq>>> Nachricht 149 aus DLQ gelöscht.
dlq>>> Nachricht 204 in DLQ eingefügt.
dlq>>> Nachricht 150 aus DLQ gelöscht.
HBQ>>> Nachricht 262 in HBQ eingefügt.
HBQ>>> Fehlernachricht fuer Nachrichten 205 bis 224 generiert.
dlq>>> Nachricht 224 in DLQ eingefügt.
dlq>>> Nachricht 151 aus DLQ gelöscht.
dlq>>> Nachricht 225 in DLQ eingefügt.
dlq>>> Nachricht 152 aus DLQ gelöscht.
dlq>>> Nachricht 226 in DLQ eingefügt.
dlq>>> Nachricht 153 aus DLQ gelöscht.
dlq>>> Nachricht 227 in DLQ eingefügt.
dlq>>> Nachricht 154 aus DLQ gelöscht.
dlq>>> Nachricht 228 in DLQ eingefügt.
dlq>>> Nachricht 155 aus DLQ gelöscht.
HBQ>>> Nachricht 269 in HBQ eingefügt.
HBQ>>> Nachricht 271 in HBQ eingefügt.
HBQ>>> Nachricht 273 in HBQ eingefügt.
HBQ>>> Nachricht 278 in HBQ eingefügt.
HBQ>>> Fehlernachricht fuer Nachrichten 229 bis 231 generiert.
dlq>>> Nachricht 231 in DLQ eingefügt.
dlq>>> Nachricht 156 aus DLQ gelöscht.
dlq>>> Nachricht 232 in DLQ eingefügt.
dlq>>> Nachricht 157 aus DLQ gelöscht.
HBQ>>> Nachricht 279 in HBQ eingefügt.
HBQ>>> Fehlernachricht fuer Nachrichten 233 bis 233 generiert.
dlq>>> Nachricht 233 in DLQ eingefügt.
dlq>>> Nachricht 158 aus DLQ gelöscht.
dlq>>> Nachricht 234 in DLQ eingefügt.
dlq>>> Nachricht 159 aus DLQ gelöscht.
dlq>>> Nachricht 235 in DLQ eingefügt.
dlq>>> Nachricht 160 aus DLQ gelöscht.
dlq>>> Nachricht 236 in DLQ eingefügt.
dlq>>> Nachricht 180 aus DLQ gelöscht.
dlq>>> Nachricht 237 in DLQ eingefügt.
dlq>>> Nachricht 181 aus DLQ gelöscht.
dlq>>> Nachricht 238 in DLQ eingefügt.
dlq>>> Nachricht 182 aus DLQ gelöscht.
HBQ>>> Nachricht 283 in HBQ eingefügt.
dlq>>> Content(17): "îíìëêéèçäãâáàÌËÆÅ"
HBQ>>> Content(8): [283,279,278,273,272,271,269,262]
dlq>>> Nachricht 197 an Client<8778.101.0> ausgeliefert.
dlq>>> Nachricht 198 an Client<8778.101.0> ausgeliefert.
dlq>>> Nachricht 203 an Client<8778.101.0> ausgeliefert.
dlq>>> Nachricht 204 an Client<8778.101.0> ausgeliefert.
dlq>>> Nachricht 224 an Client<8778.101.0> ausgeliefert.
dlq>>> Nachricht 225 an Client<8778.101.0> ausgeliefert.
dlq>>> Nachricht 226 an Client<8778.101.0> ausgeliefert.
dlq>>> Nachricht 227 an Client<8778.101.0> ausgeliefert.
dlq>>> Nachricht 228 an Client<8778.101.0> ausgeliefert.
dlq>>> Nachricht 231 an Client<8778.101.0> ausgeliefert.
dlq>>> Nachricht 232 an Client<8778.101.0> ausgeliefert.
dlq>>> Nachricht 233 an Client<8778.101.0> ausgeliefert.
dlq>>> Nachricht 234 an Client<8778.101.0> ausgeliefert.
dlq>>> Nachricht 235 an Client<8778.101.0> ausgeliefert.
dlq>>> Nachricht 236 an Client<8778.101.0> ausgeliefert.
dlq>>> Nachricht 237 an Client<8778.101.0> ausgeliefert.
dlq>>> Nachricht 238 an Client<8778.101.0> ausgeliefert.
HBQ>>> Nachricht 274 in HBQ eingefügt.
dlq>>> Content(17): "îíìëêéèçäãâáàÌËÆÅ"
HBQ>>> Content(9): [283,279,278,274,273,272,271,269,262]
HBQ>>> Nachricht 229 in HBQ eingefügt.
HBQ>>> Nachricht 230 in HBQ eingefügt.
HBQ>>> Nachricht 231 in HBQ eingefügt.
dlq>>> Nachricht 197 an Client<8812.98.0> ausgeliefert.
dlq>>> Nachricht 198 an Client<8812.98.0> ausgeliefert.
dlq>>> Nachricht 203 an Client<8812.98.0> ausgeliefert.
dlq>>> Nachricht 204 an Client<8812.98.0> ausgeliefert.
dlq>>> Nachricht 224 an Client<8812.98.0> ausgeliefert.
dlq>>> Nachricht 225 an Client<8812.98.0> ausgeliefert.
dlq>>> Nachricht 226 an Client<8812.98.0> ausgeliefert.
dlq>>> Nachricht 227 an Client<8812.98.0> ausgeliefert.
dlq>>> Nachricht 228 an Client<8812.98.0> ausgeliefert.
dlq>>> Nachricht 231 an Client<8812.98.0> ausgeliefert.
dlq>>> Nachricht 232 an Client<8812.98.0> ausgeliefert.
dlq>>> Nachricht 233 an Client<8812.98.0> ausgeliefert.
dlq>>> Nachricht 234 an Client<8812.98.0> ausgeliefert.
dlq>>> Nachricht 235 an Client<8812.98.0> ausgeliefert.
dlq>>> Nachricht 236 an Client<8812.98.0> ausgeliefert.
dlq>>> Nachricht 237 an Client<8812.98.0> ausgeliefert.
dlq>>> Nachricht 238 an Client<8812.98.0> ausgeliefert.
HBQ>>> Nachricht 233 in HBQ eingefügt.
HBQ>>> Nachricht 284 in HBQ eingefügt.
HBQ>>> Nachricht 285 in HBQ eingefügt.
HBQ>>> Nachricht 286 in HBQ eingefügt.
HBQ>>> Fehlernachricht fuer Nachrichten 239 bis 261 generiert.
dlq>>> Nachricht 261 in DLQ eingefügt.
dlq>>> Nachricht 197 aus DLQ gelöscht.
dlq>>> Nachricht 262 in DLQ eingefügt.
dlq>>> Nachricht 198 aus DLQ gelöscht.
HBQ>>> Nachricht 287 in HBQ eingefügt.
HBQ>>> Fehlernachricht fuer Nachrichten 263 bis 268 generiert.
dlq>>> Nachricht 268 in DLQ eingefügt.
dlq>>> Nachricht 203 aus DLQ gelöscht.
dlq>>> Nachricht 269 in DLQ eingefügt.
dlq>>> Nachricht 204 aus DLQ gelöscht.
HBQ>>> Nachricht 280 in HBQ eingefügt.
HBQ>>> Fehlernachricht fuer Nachrichten 270 bis 270 generiert.
dlq>>> Nachricht 270 in DLQ eingefügt.
dlq>>> Nachricht 224 aus DLQ gelöscht.
dlq>>> Nachricht 271 in DLQ eingefügt.
dlq>>> Nachricht 225 aus DLQ gelöscht.
dlq>>> Nachricht 272 in DLQ eingefügt.
dlq>>> Nachricht 226 aus DLQ gelöscht.
dlq>>> Nachricht 273 in DLQ eingefügt.
dlq>>> Nachricht 227 aus DLQ gelöscht.
dlq>>> Nachricht 274 in DLQ eingefügt.
dlq>>> Nachricht 228 aus DLQ gelöscht.
HBQ>>> Nachricht 288 in HBQ eingefügt.
HBQ>>> Nachricht 289 in HBQ eingefügt.
HBQ>>> Nachricht 314 in HBQ eingefügt.
HBQ>>> Nachricht 300 in HBQ eingefügt.
HBQ>>> Fehlernachricht fuer Nachrichten 275 bis 277 generiert.
dlq>>> Nachricht 277 in DLQ eingefügt.
dlq>>> Nachricht 231 aus DLQ gelöscht.
dlq>>> Nachricht 278 in DLQ eingefügt.
dlq>>> Nachricht 232 aus DLQ gelöscht.
dlq>>> Nachricht 279 in DLQ eingefügt.
dlq>>> Nachricht 233 aus DLQ gelöscht.
dlq>>> Nachricht 280 in DLQ eingefügt.
dlq>>> Nachricht 234 aus DLQ gelöscht.
HBQ>>> Nachricht 282 in HBQ eingefügt.
HBQ>>> Nachricht 277 in HBQ eingefügt.
HBQ>>> Nachricht 281 in HBQ eingefügt.
dlq>>> Nachricht 281 in DLQ eingefügt.
dlq>>> Nachricht 235 aus DLQ gelöscht.
dlq>>> Nachricht 282 in DLQ eingefügt.
dlq>>> Nachricht 236 aus DLQ gelöscht.
dlq>>> Nachricht 283 in DLQ eingefügt.
dlq>>> Nachricht 237 aus DLQ gelöscht.
dlq>>> Nachricht 284 in DLQ eingefügt.
dlq>>> Nachricht 238 aus DLQ gelöscht.
dlq>>> Nachricht 285 in DLQ eingefügt.
dlq>>> Nachricht 261 aus DLQ gelöscht.
dlq>>> Nachricht 286 in DLQ eingefügt.
dlq>>> Nachricht 262 aus DLQ gelöscht.
dlq>>> Nachricht 287 in DLQ eingefügt.
dlq>>> Nachricht 268 aus DLQ gelöscht.
dlq>>> Nachricht 288 in DLQ eingefügt.
dlq>>> Nachricht 269 aus DLQ gelöscht.
dlq>>> Nachricht 289 in DLQ eingefügt.
dlq>>> Nachricht 270 aus DLQ gelöscht.
HBQ>>> Nachricht 275 in HBQ eingefügt.
dlq>>> Content(17): [289,288,287,286,285,284,283,282,281,280,279,278,277,274,273,272,271]
HBQ>>> Content(2): [314,300]
HBQ>>> Nachricht 276 in HBQ eingefügt.
dlq>>> Content(17): [289,288,287,286,285,284,283,282,281,280,279,278,277,274,273,272,271]
HBQ>>> Content(2): [314,300]
dlq>>> Nachricht 271 an Client<8778.100.0> ausgeliefert.
dlq>>> Nachricht 271 an Client<8778.104.0> ausgeliefert.
dlq>>> Nachricht 272 an Client<8778.100.0> ausgeliefert.
dlq>>> Nachricht 272 an Client<8778.104.0> ausgeliefert.
dlq>>> Nachricht 273 an Client<8778.100.0> ausgeliefert.
dlq>>> Nachricht 273 an Client<8778.104.0> ausgeliefert.
dlq>>> Nachricht 274 an Client<8778.100.0> ausgeliefert.
HBQ>>> Nachricht 316 in HBQ eingefügt.
dlq>>> Nachricht 274 an Client<8778.104.0> ausgeliefert.
dlq>>> Nachricht 277 an Client<8778.100.0> ausgeliefert.
dlq>>> Nachricht 277 an Client<8778.104.0> ausgeliefert.
dlq>>> Nachricht 278 an Client<8778.100.0> ausgeliefert.
dlq>>> Nachricht 278 an Client<8778.104.0> ausgeliefert.
HBQ>>> Nachricht 317 in HBQ eingefügt.
HBQ>>> Nachricht 318 in HBQ eingefügt.
dlq>>> Nachricht 279 an Client<8778.100.0> ausgeliefert.
dlq>>> Nachricht 279 an Client<8778.104.0> ausgeliefert.
dlq>>> Nachricht 280 an Client<8778.100.0> ausgeliefert.
dlq>>> Nachricht 280 an Client<8778.104.0> ausgeliefert.
dlq>>> Nachricht 281 an Client<8778.100.0> ausgeliefert.
dlq>>> Nachricht 281 an Client<8778.104.0> ausgeliefert.
dlq>>> Nachricht 282 an Client<8778.100.0> ausgeliefert.
dlq>>> Nachricht 282 an Client<8778.104.0> ausgeliefert.
dlq>>> Nachricht 283 an Client<8778.100.0> ausgeliefert.
dlq>>> Nachricht 283 an Client<8778.104.0> ausgeliefert.
dlq>>> Nachricht 284 an Client<8778.100.0> ausgeliefert.
dlq>>> Nachricht 284 an Client<8778.104.0> ausgeliefert.
dlq>>> Nachricht 285 an Client<8778.100.0> ausgeliefert.
dlq>>> Nachricht 285 an Client<8778.104.0> ausgeliefert.
dlq>>> Nachricht 286 an Client<8778.100.0> ausgeliefert.
dlq>>> Nachricht 286 an Client<8778.104.0> ausgeliefert.
dlq>>> Nachricht 287 an Client<8778.100.0> ausgeliefert.
dlq>>> Nachricht 287 an Client<8778.104.0> ausgeliefert.
dlq>>> Nachricht 288 an Client<8778.100.0> ausgeliefert.
dlq>>> Nachricht 288 an Client<8778.104.0> ausgeliefert.
dlq>>> Nachricht 289 an Client<8778.100.0> ausgeliefert.
dlq>>> Nachricht 289 an Client<8778.104.0> ausgeliefert.
HBQ>>> Nachricht 323 in HBQ eingefügt.
HBQ>>> Nachricht 319 in HBQ eingefügt.
dlq>>> Content(17): [289,288,287,286,285,284,283,282,281,280,279,278,277,274,273,272,271]
HBQ>>> Content(7): [323,319,318,317,316,314,300]
dlq>>> Nachricht 271 an Client<8778.98.0> ausgeliefert.
dlq>>> Nachricht 272 an Client<8778.98.0> ausgeliefert.
dlq>>> Nachricht 273 an Client<8778.98.0> ausgeliefert.
dlq>>> Nachricht 274 an Client<8778.98.0> ausgeliefert.
dlq>>> Nachricht 277 an Client<8778.98.0> ausgeliefert.
dlq>>> Nachricht 278 an Client<8778.98.0> ausgeliefert.
dlq>>> Nachricht 279 an Client<8778.98.0> ausgeliefert.
dlq>>> Nachricht 280 an Client<8778.98.0> ausgeliefert.
dlq>>> Nachricht 281 an Client<8778.98.0> ausgeliefert.
dlq>>> Nachricht 282 an Client<8778.98.0> ausgeliefert.
dlq>>> Nachricht 283 an Client<8778.98.0> ausgeliefert.
dlq>>> Nachricht 284 an Client<8778.98.0> ausgeliefert.
dlq>>> Nachricht 285 an Client<8778.98.0> ausgeliefert.
dlq>>> Nachricht 286 an Client<8778.98.0> ausgeliefert.
dlq>>> Nachricht 287 an Client<8778.98.0> ausgeliefert.
dlq>>> Nachricht 288 an Client<8778.98.0> ausgeliefert.
dlq>>> Nachricht 289 an Client<8778.98.0> ausgeliefert.
HBQ>>> Nachricht 321 in HBQ eingefügt.
dlq>>> Content(17): [289,288,287,286,285,284,283,282,281,280,279,278,277,274,273,272,271]
HBQ>>> Content(8): [323,321,319,318,317,316,314,300]
HBQ>>> Nachricht 322 in HBQ eingefügt.
dlq>>> Content(17): [289,288,287,286,285,284,283,282,281,280,279,278,277,274,273,272,271]
HBQ>>> Content(9): [323,322,321,319,318,317,316,314,300]
dlq>>> Nachricht 271 an Client<8812.104.0> ausgeliefert.
dlq>>> Nachricht 271 an Client<8812.99.0> ausgeliefert.
dlq>>> Nachricht 272 an Client<8812.104.0> ausgeliefert.
dlq>>> Nachricht 272 an Client<8812.99.0> ausgeliefert.
dlq>>> Nachricht 273 an Client<8812.104.0> ausgeliefert.
dlq>>> Nachricht 273 an Client<8812.99.0> ausgeliefert.
dlq>>> Nachricht 274 an Client<8812.104.0> ausgeliefert.
dlq>>> Nachricht 274 an Client<8812.99.0> ausgeliefert.
dlq>>> Nachricht 277 an Client<8812.104.0> ausgeliefert.
dlq>>> Nachricht 277 an Client<8812.99.0> ausgeliefert.
dlq>>> Nachricht 278 an Client<8812.104.0> ausgeliefert.
dlq>>> Nachricht 278 an Client<8812.99.0> ausgeliefert.
dlq>>> Nachricht 279 an Client<8812.104.0> ausgeliefert.
dlq>>> Nachricht 279 an Client<8812.99.0> ausgeliefert.
dlq>>> Nachricht 280 an Client<8812.104.0> ausgeliefert.
dlq>>> Nachricht 280 an Client<8812.99.0> ausgeliefert.
dlq>>> Nachricht 281 an Client<8812.104.0> ausgeliefert.
dlq>>> Nachricht 281 an Client<8812.99.0> ausgeliefert.
dlq>>> Nachricht 282 an Client<8812.104.0> ausgeliefert.
dlq>>> Nachricht 282 an Client<8812.99.0> ausgeliefert.
dlq>>> Nachricht 283 an Client<8812.104.0> ausgeliefert.
dlq>>> Nachricht 283 an Client<8812.99.0> ausgeliefert.
dlq>>> Nachricht 284 an Client<8812.104.0> ausgeliefert.
dlq>>> Nachricht 284 an Client<8812.99.0> ausgeliefert.
dlq>>> Nachricht 285 an Client<8812.104.0> ausgeliefert.
HBQ>>> Nachricht 324 in HBQ eingefügt.
dlq>>> Nachricht 285 an Client<8812.99.0> ausgeliefert.
dlq>>> Nachricht 286 an Client<8812.104.0> ausgeliefert.
dlq>>> Nachricht 286 an Client<8812.99.0> ausgeliefert.
dlq>>> Nachricht 287 an Client<8812.104.0> ausgeliefert.
dlq>>> Nachricht 287 an Client<8812.99.0> ausgeliefert.
dlq>>> Nachricht 288 an Client<8812.104.0> ausgeliefert.
dlq>>> Nachricht 288 an Client<8812.99.0> ausgeliefert.
dlq>>> Nachricht 289 an Client<8812.104.0> ausgeliefert.
dlq>>> Nachricht 289 an Client<8812.99.0> ausgeliefert.
HBQ>>> Nachricht 350 in HBQ eingefügt.
HBQ>>> Nachricht 364 in HBQ eingefügt.
HBQ>>> Fehlernachricht fuer Nachrichten 290 bis 299 generiert.
dlq>>> Nachricht 299 in DLQ eingefügt.
dlq>>> Nachricht 271 aus DLQ gelöscht.
dlq>>> Nachricht 300 in DLQ eingefügt.
dlq>>> Nachricht 272 aus DLQ gelöscht.
HBQ>>> Nachricht 338 in HBQ eingefügt.
HBQ>>> Fehlernachricht fuer Nachrichten 301 bis 313 generiert.
dlq>>> Nachricht 313 in DLQ eingefügt.
dlq>>> Nachricht 273 aus DLQ gelöscht.
dlq>>> Nachricht 314 in DLQ eingefügt.
dlq>>> Nachricht 274 aus DLQ gelöscht.
HBQ>>> Nachricht 339 in HBQ eingefügt.
HBQ>>> Fehlernachricht fuer Nachrichten 315 bis 315 generiert.
dlq>>> Nachricht 315 in DLQ eingefügt.
dlq>>> Nachricht 277 aus DLQ gelöscht.
dlq>>> Nachricht 316 in DLQ eingefügt.
dlq>>> Nachricht 278 aus DLQ gelöscht.
dlq>>> Nachricht 317 in DLQ eingefügt.
dlq>>> Nachricht 279 aus DLQ gelöscht.
dlq>>> Nachricht 318 in DLQ eingefügt.
dlq>>> Nachricht 280 aus DLQ gelöscht.
dlq>>> Nachricht 319 in DLQ eingefügt.
dlq>>> Nachricht 281 aus DLQ gelöscht.
HBQ>>> Nachricht 340 in HBQ eingefügt.
HBQ>>> Nachricht 320 in HBQ eingefügt.
dlq>>> Nachricht 320 in DLQ eingefügt.
dlq>>> Nachricht 282 aus DLQ gelöscht.
dlq>>> Nachricht 321 in DLQ eingefügt.
dlq>>> Nachricht 283 aus DLQ gelöscht.
dlq>>> Nachricht 322 in DLQ eingefügt.
dlq>>> Nachricht 284 aus DLQ gelöscht.
dlq>>> Nachricht 323 in DLQ eingefügt.
dlq>>> Nachricht 285 aus DLQ gelöscht.
dlq>>> Nachricht 324 in DLQ eingefügt.
dlq>>> Nachricht 286 aus DLQ gelöscht.
HBQ>>> Nachricht 353 in HBQ eingefügt.
HBQ>>> Nachricht 388 in HBQ eingefügt.
HBQ>>> Nachricht 375 in HBQ eingefügt.
HBQ>>> Nachricht 325 in HBQ eingefügt.
dlq>>> Nachricht 325 in DLQ eingefügt.
dlq>>> Nachricht 287 aus DLQ gelöscht.
HBQ>>> Nachricht 302 in HBQ eingefügt.
HBQ>>> Nachricht 304 in HBQ eingefügt.
dlq>>> Content(17): [325,324,323,322,321,320,319,318,317,316,315,314,313,300,299,289,288]
HBQ>>> Content(8): [388,375,364,353,350,340,339,338]
dlq>>> Content(17): [325,324,323,322,321,320,319,318,317,316,315,314,313,300,299,289,288]
HBQ>>> Content(8): [388,375,364,353,350,340,339,338]
HBQ>>> Nachricht 303 in HBQ eingefügt.
dlq>>> Content(17): [325,324,323,322,321,320,319,318,317,316,315,314,313,300,299,289,288]
HBQ>>> Content(8): [388,375,364,353,350,340,339,338]
HBQ>>> Nachricht 389 in HBQ eingefügt.
dlq>>> Nachricht 288 an Client<8778.97.0> ausgeliefert.
dlq>>> Nachricht 288 an Client<8778.103.0> ausgeliefert.
dlq>>> Nachricht 288 an Client<8778.96.0> ausgeliefert.
dlq>>> Nachricht 289 an Client<8778.97.0> ausgeliefert.
dlq>>> Nachricht 289 an Client<8778.103.0> ausgeliefert.
dlq>>> Nachricht 289 an Client<8778.96.0> ausgeliefert.
dlq>>> Nachricht 299 an Client<8778.97.0> ausgeliefert.
dlq>>> Nachricht 299 an Client<8778.103.0> ausgeliefert.
dlq>>> Nachricht 299 an Client<8778.96.0> ausgeliefert.
dlq>>> Nachricht 300 an Client<8778.97.0> ausgeliefert.
dlq>>> Nachricht 300 an Client<8778.103.0> ausgeliefert.
dlq>>> Nachricht 300 an Client<8778.96.0> ausgeliefert.
dlq>>> Nachricht 313 an Client<8778.97.0> ausgeliefert.
dlq>>> Nachricht 313 an Client<8778.103.0> ausgeliefert.
dlq>>> Nachricht 313 an Client<8778.96.0> ausgeliefert.
dlq>>> Nachricht 314 an Client<8778.97.0> ausgeliefert.
dlq>>> Nachricht 314 an Client<8778.103.0> ausgeliefert.
dlq>>> Nachricht 314 an Client<8778.96.0> ausgeliefert.
dlq>>> Nachricht 315 an Client<8778.97.0> ausgeliefert.
dlq>>> Nachricht 315 an Client<8778.103.0> ausgeliefert.
dlq>>> Nachricht 315 an Client<8778.96.0> ausgeliefert.
dlq>>> Nachricht 316 an Client<8778.97.0> ausgeliefert.
dlq>>> Nachricht 316 an Client<8778.103.0> ausgeliefert.
dlq>>> Nachricht 316 an Client<8778.96.0> ausgeliefert.
dlq>>> Nachricht 317 an Client<8778.97.0> ausgeliefert.
dlq>>> Nachricht 317 an Client<8778.103.0> ausgeliefert.
dlq>>> Nachricht 317 an Client<8778.96.0> ausgeliefert.
dlq>>> Nachricht 318 an Client<8778.97.0> ausgeliefert.
dlq>>> Nachricht 318 an Client<8778.103.0> ausgeliefert.
dlq>>> Nachricht 318 an Client<8778.96.0> ausgeliefert.
dlq>>> Nachricht 319 an Client<8778.97.0> ausgeliefert.
dlq>>> Nachricht 319 an Client<8778.103.0> ausgeliefert.
dlq>>> Nachricht 319 an Client<8778.96.0> ausgeliefert.
dlq>>> Nachricht 320 an Client<8778.97.0> ausgeliefert.
dlq>>> Nachricht 320 an Client<8778.103.0> ausgeliefert.
dlq>>> Nachricht 320 an Client<8778.96.0> ausgeliefert.
dlq>>> Nachricht 321 an Client<8778.97.0> ausgeliefert.
dlq>>> Nachricht 321 an Client<8778.103.0> ausgeliefert.
dlq>>> Nachricht 321 an Client<8778.96.0> ausgeliefert.
dlq>>> Nachricht 322 an Client<8778.97.0> ausgeliefert.
dlq>>> Nachricht 322 an Client<8778.103.0> ausgeliefert.
dlq>>> Nachricht 322 an Client<8778.96.0> ausgeliefert.
dlq>>> Nachricht 323 an Client<8778.97.0> ausgeliefert.
dlq>>> Nachricht 323 an Client<8778.103.0> ausgeliefert.
dlq>>> Nachricht 323 an Client<8778.96.0> ausgeliefert.
dlq>>> Nachricht 324 an Client<8778.97.0> ausgeliefert.
dlq>>> Nachricht 324 an Client<8778.103.0> ausgeliefert.
dlq>>> Nachricht 324 an Client<8778.96.0> ausgeliefert.
dlq>>> Nachricht 325 an Client<8778.97.0> ausgeliefert.
dlq>>> Nachricht 325 an Client<8778.103.0> ausgeliefert.
dlq>>> Nachricht 325 an Client<8778.96.0> ausgeliefert.
HBQ>>> Nachricht 315 in HBQ eingefügt.
dlq>>> Content(17): [325,324,323,322,321,320,319,318,317,316,315,314,313,300,299,289,288]
HBQ>>> Content(9): [389,388,375,364,353,350,340,339,338]
dlq>>> Nachricht 288 an Client<8812.96.0> ausgeliefert.
dlq>>> Nachricht 289 an Client<8812.96.0> ausgeliefert.
dlq>>> Nachricht 299 an Client<8812.96.0> ausgeliefert.
dlq>>> Nachricht 300 an Client<8812.96.0> ausgeliefert.
dlq>>> Nachricht 313 an Client<8812.96.0> ausgeliefert.
dlq>>> Nachricht 314 an Client<8812.96.0> ausgeliefert.
dlq>>> Nachricht 315 an Client<8812.96.0> ausgeliefert.
dlq>>> Nachricht 316 an Client<8812.96.0> ausgeliefert.
dlq>>> Nachricht 317 an Client<8812.96.0> ausgeliefert.
dlq>>> Nachricht 318 an Client<8812.96.0> ausgeliefert.
dlq>>> Nachricht 319 an Client<8812.96.0> ausgeliefert.
dlq>>> Nachricht 320 an Client<8812.96.0> ausgeliefert.
dlq>>> Nachricht 321 an Client<8812.96.0> ausgeliefert.
dlq>>> Nachricht 322 an Client<8812.96.0> ausgeliefert.
dlq>>> Nachricht 323 an Client<8812.96.0> ausgeliefert.
dlq>>> Nachricht 324 an Client<8812.96.0> ausgeliefert.
HBQ>>> Nachricht 386 in HBQ eingefügt.
HBQ>>> Nachricht 387 in HBQ eingefügt.
dlq>>> Nachricht 325 an Client<8812.96.0> ausgeliefert.
HBQ>>> Nachricht 326 in HBQ eingefügt.
dlq>>> Nachricht 326 in DLQ eingefügt.
dlq>>> Nachricht 288 aus DLQ gelöscht.
HBQ>>> Nachricht 390 in HBQ eingefügt.
HBQ>>> Fehlernachricht fuer Nachrichten 327 bis 337 generiert.
dlq>>> Nachricht 337 in DLQ eingefügt.
dlq>>> Nachricht 289 aus DLQ gelöscht.
dlq>>> Nachricht 338 in DLQ eingefügt.
dlq>>> Nachricht 299 aus DLQ gelöscht.
dlq>>> Nachricht 339 in DLQ eingefügt.
dlq>>> Nachricht 300 aus DLQ gelöscht.
dlq>>> Nachricht 340 in DLQ eingefügt.
dlq>>> Nachricht 313 aus DLQ gelöscht.
dlq>>> Content(17): [340,339,338,337,326,325,324,323,322,321,320,319,318,317,316,315,314]
HBQ>>> Content(9): [390,389,388,387,386,375,364,353,350]
dlq>>> Nachricht 314 an Client<8812.97.0> ausgeliefert.
dlq>>> Nachricht 315 an Client<8812.97.0> ausgeliefert.
dlq>>> Nachricht 316 an Client<8812.97.0> ausgeliefert.
dlq>>> Nachricht 317 an Client<8812.97.0> ausgeliefert.
HBQ>>> Nachricht 391 in HBQ eingefügt.
dlq>>> Content(17): [340,339,338,337,326,325,324,323,322,321,320,319,318,317,316,315,314]
HBQ>>> Content(10): [391,390,389,388,387,386,375,364,353,350]
dlq>>> Nachricht 318 an Client<8812.97.0> ausgeliefert.
dlq>>> Nachricht 319 an Client<8812.97.0> ausgeliefert.
dlq>>> Nachricht 320 an Client<8812.97.0> ausgeliefert.
dlq>>> Nachricht 321 an Client<8812.97.0> ausgeliefert.
dlq>>> Nachricht 322 an Client<8812.97.0> ausgeliefert.
dlq>>> Nachricht 314 an Client<8812.101.0> ausgeliefert.
dlq>>> Nachricht 323 an Client<8812.97.0> ausgeliefert.
dlq>>> Nachricht 315 an Client<8812.101.0> ausgeliefert.
dlq>>> Nachricht 324 an Client<8812.97.0> ausgeliefert.
dlq>>> Nachricht 316 an Client<8812.101.0> ausgeliefert.
dlq>>> Nachricht 325 an Client<8812.97.0> ausgeliefert.
dlq>>> Nachricht 317 an Client<8812.101.0> ausgeliefert.
HBQ>>> Nachricht 392 in HBQ eingefügt.
dlq>>> Content(17): [340,339,338,337,326,325,324,323,322,321,320,319,318,317,316,315,314]
HBQ>>> Content(11): [392,391,390,389,388,387,386,375,364,353,350]
dlq>>> Nachricht 326 an Client<8812.97.0> ausgeliefert.
dlq>>> Nachricht 318 an Client<8812.101.0> ausgeliefert.
dlq>>> Nachricht 337 an Client<8812.97.0> ausgeliefert.
dlq>>> Nachricht 319 an Client<8812.101.0> ausgeliefert.
dlq>>> Nachricht 338 an Client<8812.97.0> ausgeliefert.
dlq>>> Nachricht 320 an Client<8812.101.0> ausgeliefert.
dlq>>> Nachricht 339 an Client<8812.97.0> ausgeliefert.
dlq>>> Nachricht 321 an Client<8812.101.0> ausgeliefert.
dlq>>> Nachricht 340 an Client<8812.97.0> ausgeliefert.
dlq>>> Nachricht 322 an Client<8812.101.0> ausgeliefert.
dlq>>> Nachricht 314 an Client<8812.102.0> ausgeliefert.
dlq>>> Nachricht 323 an Client<8812.101.0> ausgeliefert.
dlq>>> Nachricht 315 an Client<8812.102.0> ausgeliefert.
dlq>>> Nachricht 324 an Client<8812.101.0> ausgeliefert.
dlq>>> Nachricht 316 an Client<8812.102.0> ausgeliefert.
dlq>>> Nachricht 325 an Client<8812.101.0> ausgeliefert.
dlq>>> Nachricht 317 an Client<8812.102.0> ausgeliefert.
dlq>>> Nachricht 326 an Client<8812.101.0> ausgeliefert.
dlq>>> Nachricht 318 an Client<8812.102.0> ausgeliefert.
dlq>>> Nachricht 337 an Client<8812.101.0> ausgeliefert.
dlq>>> Nachricht 319 an Client<8812.102.0> ausgeliefert.
dlq>>> Nachricht 338 an Client<8812.101.0> ausgeliefert.
dlq>>> Nachricht 320 an Client<8812.102.0> ausgeliefert.
dlq>>> Nachricht 339 an Client<8812.101.0> ausgeliefert.
dlq>>> Nachricht 321 an Client<8812.102.0> ausgeliefert.
dlq>>> Nachricht 340 an Client<8812.101.0> ausgeliefert.
dlq>>> Nachricht 322 an Client<8812.102.0> ausgeliefert.
dlq>>> Nachricht 323 an Client<8812.102.0> ausgeliefert.
dlq>>> Nachricht 324 an Client<8812.102.0> ausgeliefert.
dlq>>> Nachricht 325 an Client<8812.102.0> ausgeliefert.
dlq>>> Nachricht 326 an Client<8812.102.0> ausgeliefert.
dlq>>> Nachricht 337 an Client<8812.102.0> ausgeliefert.
dlq>>> Nachricht 338 an Client<8812.102.0> ausgeliefert.
dlq>>> Nachricht 339 an Client<8812.102.0> ausgeliefert.
dlq>>> Nachricht 340 an Client<8812.102.0> ausgeliefert.
HBQ>>> Nachricht 395 in HBQ eingefügt.
HBQ>>> Fehlernachricht fuer Nachrichten 341 bis 349 generiert.
dlq>>> Nachricht 349 in DLQ eingefügt.
dlq>>> Nachricht 314 aus DLQ gelöscht.
dlq>>> Nachricht 350 in DLQ eingefügt.
dlq>>> Nachricht 315 aus DLQ gelöscht.
dlq>>> Content(17): [350,349,340,339,338,337,326,325,324,323,322,321,320,319,318,317,316]
HBQ>>> Content(11): [395,392,391,390,389,388,387,386,375,364,353]
dlq>>> Nachricht 316 an Client<8812.98.0> ausgeliefert.
dlq>>> Nachricht 317 an Client<8812.98.0> ausgeliefert.
dlq>>> Nachricht 318 an Client<8812.98.0> ausgeliefert.
dlq>>> Nachricht 319 an Client<8812.98.0> ausgeliefert.
dlq>>> Nachricht 320 an Client<8812.98.0> ausgeliefert.
dlq>>> Nachricht 321 an Client<8812.98.0> ausgeliefert.
HBQ>>> Nachricht 327 in HBQ eingefügt.
dlq>>> Nachricht 322 an Client<8812.98.0> ausgeliefert.
dlq>>> Nachricht 323 an Client<8812.98.0> ausgeliefert.
dlq>>> Nachricht 324 an Client<8812.98.0> ausgeliefert.
dlq>>> Nachricht 325 an Client<8812.98.0> ausgeliefert.
dlq>>> Nachricht 326 an Client<8812.98.0> ausgeliefert.
dlq>>> Nachricht 337 an Client<8812.98.0> ausgeliefert.
dlq>>> Nachricht 338 an Client<8812.98.0> ausgeliefert.
dlq>>> Nachricht 339 an Client<8812.98.0> ausgeliefert.
dlq>>> Nachricht 340 an Client<8812.98.0> ausgeliefert.
dlq>>> Nachricht 349 an Client<8812.98.0> ausgeliefert.
dlq>>> Nachricht 350 an Client<8812.98.0> ausgeliefert.
HBQ>>> Nachricht 401 in HBQ eingefügt.
HBQ>>> Fehlernachricht fuer Nachrichten 351 bis 352 generiert.
dlq>>> Nachricht 352 in DLQ eingefügt.
dlq>>> Nachricht 316 aus DLQ gelöscht.
dlq>>> Nachricht 353 in DLQ eingefügt.
dlq>>> Nachricht 317 aus DLQ gelöscht.
HBQ>>> Nachricht 396 in HBQ eingefügt.
HBQ>>> Fehlernachricht fuer Nachrichten 354 bis 363 generiert.
dlq>>> Nachricht 363 in DLQ eingefügt.
dlq>>> Nachricht 318 aus DLQ gelöscht.
dlq>>> Nachricht 364 in DLQ eingefügt.
dlq>>> Nachricht 319 aus DLQ gelöscht.
HBQ>>> Nachricht 466 in HBQ eingefügt.
HBQ>>> Fehlernachricht fuer Nachrichten 365 bis 374 generiert.
dlq>>> Nachricht 374 in DLQ eingefügt.
dlq>>> Nachricht 320 aus DLQ gelöscht.
dlq>>> Nachricht 375 in DLQ eingefügt.
dlq>>> Nachricht 321 aus DLQ gelöscht.
HBQ>>> Nachricht 478 in HBQ eingefügt.
HBQ>>> Fehlernachricht fuer Nachrichten 376 bis 385 generiert.
dlq>>> Nachricht 385 in DLQ eingefügt.
dlq>>> Nachricht 322 aus DLQ gelöscht.
dlq>>> Nachricht 386 in DLQ eingefügt.
dlq>>> Nachricht 323 aus DLQ gelöscht.
dlq>>> Nachricht 387 in DLQ eingefügt.
dlq>>> Nachricht 324 aus DLQ gelöscht.
dlq>>> Nachricht 388 in DLQ eingefügt.
dlq>>> Nachricht 325 aus DLQ gelöscht.
dlq>>> Nachricht 389 in DLQ eingefügt.
dlq>>> Nachricht 326 aus DLQ gelöscht.
dlq>>> Nachricht 390 in DLQ eingefügt.
dlq>>> Nachricht 337 aus DLQ gelöscht.
dlq>>> Nachricht 391 in DLQ eingefügt.
dlq>>> Nachricht 338 aus DLQ gelöscht.
dlq>>> Nachricht 392 in DLQ eingefügt.
dlq>>> Nachricht 339 aus DLQ gelöscht.
HBQ>>> Nachricht 394 in HBQ eingefügt.
HBQ>>> Nachricht 491 in HBQ eingefügt.
HBQ>>> Nachricht 430 in HBQ eingefügt.
HBQ>>> Nachricht 429 in HBQ eingefügt.
HBQ>>> Nachricht 431 in HBQ eingefügt.
HBQ>>> Nachricht 437 in HBQ eingefügt.
HBQ>>> Nachricht 438 in HBQ eingefügt.
HBQ>>> Fehlernachricht fuer Nachrichten 393 bis 393 generiert.
dlq>>> Nachricht 393 in DLQ eingefügt.
dlq>>> Nachricht 340 aus DLQ gelöscht.
dlq>>> Nachricht 394 in DLQ eingefügt.
dlq>>> Nachricht 349 aus DLQ gelöscht.
dlq>>> Nachricht 395 in DLQ eingefügt.
dlq>>> Nachricht 350 aus DLQ gelöscht.
dlq>>> Nachricht 396 in DLQ eingefügt.
dlq>>> Nachricht 352 aus DLQ gelöscht.
HBQ>>> Nachricht 490 in HBQ eingefügt.
HBQ>>> Nachricht 393 in HBQ eingefügt.
dlq>>> Content(17): [396,395,394,393,392,391,390,389,388,387,386,385,375,374,364,363,353]
HBQ>>> Content(10): [491,490,478,466,438,437,431,430,429,401]
dlq>>> Nachricht 353 an Client<8778.102.0> ausgeliefert.
dlq>>> Nachricht 363 an Client<8778.102.0> ausgeliefert.
dlq>>> Nachricht 364 an Client<8778.102.0> ausgeliefert.
dlq>>> Nachricht 374 an Client<8778.102.0> ausgeliefert.
HBQ>>> Nachricht 493 in HBQ eingefügt.
dlq>>> Nachricht 375 an Client<8778.102.0> ausgeliefert.
HBQ>>> Nachricht 472 in HBQ eingefügt.
HBQ>>> Fehlernachricht fuer Nachrichten 397 bis 400 generiert.
dlq>>> Nachricht 400 in DLQ eingefügt.
dlq>>> Nachricht 353 aus DLQ gelöscht.
dlq>>> Nachricht 401 in DLQ eingefügt.
dlq>>> Nachricht 363 aus DLQ gelöscht.
dlq>>> Nachricht 385 an Client<8778.102.0> ausgeliefert.
HBQ>>> Nachricht 494 in HBQ eingefügt.
HBQ>>> Fehlernachricht fuer Nachrichten 402 bis 428 generiert.
dlq>>> Nachricht 428 in DLQ eingefügt.
dlq>>> Nachricht 364 aus DLQ gelöscht.
dlq>>> Nachricht 429 in DLQ eingefügt.
dlq>>> Nachricht 374 aus DLQ gelöscht.
dlq>>> Nachricht 430 in DLQ eingefügt.
dlq>>> Nachricht 375 aus DLQ gelöscht.
dlq>>> Nachricht 431 in DLQ eingefügt.
dlq>>> Nachricht 385 aus DLQ gelöscht.
dlq>>> Nachricht 386 an Client<8778.102.0> ausgeliefert.
dlq>>> Nachricht 387 an Client<8778.102.0> ausgeliefert.
dlq>>> Nachricht 388 an Client<8778.102.0> ausgeliefert.
dlq>>> Nachricht 389 an Client<8778.102.0> ausgeliefert.
dlq>>> Nachricht 390 an Client<8778.102.0> ausgeliefert.
dlq>>> Nachricht 391 an Client<8778.102.0> ausgeliefert.
dlq>>> Nachricht 392 an Client<8778.102.0> ausgeliefert.
dlq>>> Nachricht 393 an Client<8778.102.0> ausgeliefert.
dlq>>> Nachricht 394 an Client<8778.102.0> ausgeliefert.
dlq>>> Nachricht 395 an Client<8778.102.0> ausgeliefert.
dlq>>> Nachricht 396 an Client<8778.102.0> ausgeliefert.
dlq>>> Nachricht 400 an Client<8778.102.0> ausgeliefert.
dlq>>> Nachricht 401 an Client<8778.102.0> ausgeliefert.
dlq>>> Nachricht 428 an Client<8778.102.0> ausgeliefert.
dlq>>> Nachricht 429 an Client<8778.102.0> ausgeliefert.
dlq>>> Nachricht 430 an Client<8778.102.0> ausgeliefert.
dlq>>> Nachricht 431 an Client<8778.102.0> ausgeliefert.
HBQ>>> Nachricht 492 in HBQ eingefügt.
dlq>>> Content(17): [431,430,429,428,401,400,396,395,394,393,392,391,390,389,388,387,386]
HBQ>>> Content(10): [494,493,492,491,490,478,472,466,438,437]
dlq>>> Nachricht 386 an Client<8778.101.0> ausgeliefert.
dlq>>> Nachricht 387 an Client<8778.101.0> ausgeliefert.
dlq>>> Nachricht 388 an Client<8778.101.0> ausgeliefert.
dlq>>> Nachricht 389 an Client<8778.101.0> ausgeliefert.
dlq>>> Nachricht 390 an Client<8778.101.0> ausgeliefert.
dlq>>> Nachricht 391 an Client<8778.101.0> ausgeliefert.
dlq>>> Nachricht 392 an Client<8778.101.0> ausgeliefert.
dlq>>> Nachricht 393 an Client<8778.101.0> ausgeliefert.
dlq>>> Nachricht 394 an Client<8778.101.0> ausgeliefert.
dlq>>> Nachricht 395 an Client<8778.101.0> ausgeliefert.
dlq>>> Nachricht 396 an Client<8778.101.0> ausgeliefert.
dlq>>> Nachricht 400 an Client<8778.101.0> ausgeliefert.
dlq>>> Nachricht 401 an Client<8778.101.0> ausgeliefert.
dlq>>> Nachricht 428 an Client<8778.101.0> ausgeliefert.
dlq>>> Nachricht 429 an Client<8778.101.0> ausgeliefert.
dlq>>> Nachricht 430 an Client<8778.101.0> ausgeliefert.
dlq>>> Nachricht 431 an Client<8778.101.0> ausgeliefert.
HBQ>>> Nachricht 397 in HBQ eingefügt.
dlq>>> Content(17): [431,430,429,428,401,400,396,395,394,393,392,391,390,389,388,387,386]
HBQ>>> Content(10): [494,493,492,491,490,478,472,466,438,437]
dlq>>> Nachricht 386 an Client<8812.100.0> ausgeliefert.
dlq>>> Nachricht 387 an Client<8812.100.0> ausgeliefert.
dlq>>> Nachricht 388 an Client<8812.100.0> ausgeliefert.
dlq>>> Nachricht 389 an Client<8812.100.0> ausgeliefert.
dlq>>> Nachricht 390 an Client<8812.100.0> ausgeliefert.
dlq>>> Nachricht 391 an Client<8812.100.0> ausgeliefert.
dlq>>> Nachricht 392 an Client<8812.100.0> ausgeliefert.
dlq>>> Nachricht 393 an Client<8812.100.0> ausgeliefert.
dlq>>> Nachricht 394 an Client<8812.100.0> ausgeliefert.
HBQ>>> Nachricht 496 in HBQ eingefügt.
dlq>>> Content(17): [431,430,429,428,401,400,396,395,394,393,392,391,390,389,388,387,386]
HBQ>>> Content(11): [496,494,493,492,491,490,478,472,466,438,437]
dlq>>> Nachricht 395 an Client<8812.100.0> ausgeliefert.
dlq>>> Nachricht 396 an Client<8812.100.0> ausgeliefert.
dlq>>> Nachricht 400 an Client<8812.100.0> ausgeliefert.
dlq>>> Nachricht 401 an Client<8812.100.0> ausgeliefert.
dlq>>> Nachricht 428 an Client<8812.100.0> ausgeliefert.
dlq>>> Nachricht 386 an Client<8778.98.0> ausgeliefert.
dlq>>> Nachricht 387 an Client<8778.98.0> ausgeliefert.
dlq>>> Nachricht 388 an Client<8778.98.0> ausgeliefert.
dlq>>> Nachricht 389 an Client<8778.98.0> ausgeliefert.
dlq>>> Nachricht 390 an Client<8778.98.0> ausgeliefert.
dlq>>> Nachricht 391 an Client<8778.98.0> ausgeliefert.
dlq>>> Nachricht 392 an Client<8778.98.0> ausgeliefert.
dlq>>> Nachricht 393 an Client<8778.98.0> ausgeliefert.
dlq>>> Nachricht 394 an Client<8778.98.0> ausgeliefert.
dlq>>> Nachricht 395 an Client<8778.98.0> ausgeliefert.
dlq>>> Nachricht 396 an Client<8778.98.0> ausgeliefert.
dlq>>> Nachricht 400 an Client<8778.98.0> ausgeliefert.
dlq>>> Nachricht 401 an Client<8778.98.0> ausgeliefert.
dlq>>> Nachricht 428 an Client<8778.98.0> ausgeliefert.
dlq>>> Nachricht 429 an Client<8778.98.0> ausgeliefert.
dlq>>> Nachricht 430 an Client<8778.98.0> ausgeliefert.
dlq>>> Nachricht 431 an Client<8778.98.0> ausgeliefert.
dlq>>> Nachricht 429 an Client<8812.100.0> ausgeliefert.
dlq>>> Nachricht 430 an Client<8812.100.0> ausgeliefert.
dlq>>> Nachricht 431 an Client<8812.100.0> ausgeliefert.
HBQ>>> Nachricht 508 in HBQ eingefügt.
HBQ>>> Fehlernachricht fuer Nachrichten 432 bis 436 generiert.
dlq>>> Nachricht 436 in DLQ eingefügt.
dlq>>> Nachricht 386 aus DLQ gelöscht.
dlq>>> Nachricht 437 in DLQ eingefügt.
dlq>>> Nachricht 387 aus DLQ gelöscht.
dlq>>> Nachricht 438 in DLQ eingefügt.
dlq>>> Nachricht 388 aus DLQ gelöscht.
HBQ>>> Nachricht 510 in HBQ eingefügt.
HBQ>>> Nachricht 352 in HBQ eingefügt.
HBQ>>> Nachricht 495 in HBQ eingefügt.
HBQ>>> Fehlernachricht fuer Nachrichten 439 bis 465 generiert.
dlq>>> Nachricht 465 in DLQ eingefügt.
dlq>>> Nachricht 389 aus DLQ gelöscht.
dlq>>> Nachricht 466 in DLQ eingefügt.
dlq>>> Nachricht 390 aus DLQ gelöscht.
HBQ>>> Nachricht 527 in HBQ eingefügt.
HBQ>>> Fehlernachricht fuer Nachrichten 467 bis 471 generiert.
dlq>>> Nachricht 471 in DLQ eingefügt.
dlq>>> Nachricht 391 aus DLQ gelöscht.
dlq>>> Nachricht 472 in DLQ eingefügt.
dlq>>> Nachricht 392 aus DLQ gelöscht.
HBQ>>> Nachricht 502 in HBQ eingefügt.
HBQ>>> Fehlernachricht fuer Nachrichten 473 bis 477 generiert.
dlq>>> Nachricht 477 in DLQ eingefügt.
dlq>>> Nachricht 393 aus DLQ gelöscht.
dlq>>> Nachricht 478 in DLQ eingefügt.
dlq>>> Nachricht 394 aus DLQ gelöscht.
HBQ>>> Nachricht 445 in HBQ eingefügt.
HBQ>>> Nachricht 497 in HBQ eingefügt.
HBQ>>> Fehlernachricht fuer Nachrichten 479 bis 489 generiert.
dlq>>> Nachricht 489 in DLQ eingefügt.
dlq>>> Nachricht 395 aus DLQ gelöscht.
dlq>>> Nachricht 490 in DLQ eingefügt.
dlq>>> Nachricht 396 aus DLQ gelöscht.
dlq>>> Nachricht 491 in DLQ eingefügt.
dlq>>> Nachricht 400 aus DLQ gelöscht.
dlq>>> Nachricht 492 in DLQ eingefügt.
dlq>>> Nachricht 401 aus DLQ gelöscht.
dlq>>> Nachricht 493 in DLQ eingefügt.
dlq>>> Nachricht 428 aus DLQ gelöscht.
dlq>>> Nachricht 494 in DLQ eingefügt.
dlq>>> Nachricht 429 aus DLQ gelöscht.
dlq>>> Nachricht 495 in DLQ eingefügt.
dlq>>> Nachricht 430 aus DLQ gelöscht.
dlq>>> Nachricht 496 in DLQ eingefügt.
dlq>>> Nachricht 431 aus DLQ gelöscht.
dlq>>> Nachricht 497 in DLQ eingefügt.
dlq>>> Nachricht 436 aus DLQ gelöscht.
HBQ>>> Nachricht 498 in HBQ eingefügt.
dlq>>> Nachricht 498 in DLQ eingefügt.
dlq>>> Nachricht 437 aus DLQ gelöscht.
HBQ>>> Nachricht 499 in HBQ eingefügt.
dlq>>> Nachricht 499 in DLQ eingefügt.
dlq>>> Nachricht 438 aus DLQ gelöscht.
HBQ>>> Nachricht 516 in HBQ eingefügt.
HBQ>>> Nachricht 484 in HBQ eingefügt.
HBQ>>> Nachricht 500 in HBQ eingefügt.
dlq>>> Nachricht 500 in DLQ eingefügt.
dlq>>> Nachricht 465 aus DLQ gelöscht.
HBQ>>> Nachricht 501 in HBQ eingefügt.
dlq>>> Nachricht 501 in DLQ eingefügt.
dlq>>> Nachricht 466 aus DLQ gelöscht.
dlq>>> Nachricht 502 in DLQ eingefügt.
dlq>>> Nachricht 471 aus DLQ gelöscht.
HBQ>>> Nachricht 543 in HBQ eingefügt.
HBQ>>> Nachricht 509 in HBQ eingefügt.
HBQ>>> Nachricht 550 in HBQ eingefügt.
HBQ>>> Nachricht 549 in HBQ eingefügt.
HBQ>>> Nachricht 551 in HBQ eingefügt.
HBQ>>> Nachricht 554 in HBQ eingefügt.
HBQ>>> Nachricht 555 in HBQ eingefügt.
HBQ>>> Nachricht 566 in HBQ eingefügt.
HBQ>>> Fehlernachricht fuer Nachrichten 503 bis 507 generiert.
dlq>>> Nachricht 507 in DLQ eingefügt.
dlq>>> Nachricht 472 aus DLQ gelöscht.
dlq>>> Nachricht 508 in DLQ eingefügt.
dlq>>> Nachricht 477 aus DLQ gelöscht.
dlq>>> Nachricht 509 in DLQ eingefügt.
dlq>>> Nachricht 478 aus DLQ gelöscht.
dlq>>> Nachricht 510 in DLQ eingefügt.
dlq>>> Nachricht 489 aus DLQ gelöscht.
dlq>>> Content(17): [510,509,508,507,502,501,500,499,498,497,496,495,494,493,492,491,490]
HBQ>>> Content(9): [566,555,554,551,550,549,543,527,516]
dlq>>> Nachricht 490 an Client<8812.97.0> ausgeliefert.
dlq>>> Nachricht 491 an Client<8812.97.0> ausgeliefert.
dlq>>> Nachricht 492 an Client<8812.97.0> ausgeliefert.
dlq>>> Nachricht 493 an Client<8812.97.0> ausgeliefert.
dlq>>> Nachricht 494 an Client<8812.97.0> ausgeliefert.
dlq>>> Nachricht 495 an Client<8812.97.0> ausgeliefert.
dlq>>> Nachricht 496 an Client<8812.97.0> ausgeliefert.
dlq>>> Nachricht 497 an Client<8812.97.0> ausgeliefert.
dlq>>> Nachricht 498 an Client<8812.97.0> ausgeliefert.
HBQ>>> Nachricht 568 in HBQ eingefügt.
dlq>>> Content(17): [510,509,508,507,502,501,500,499,498,497,496,495,494,493,492,491,490]
HBQ>>> Content(10): [568,566,555,554,551,550,549,543,527,516]
dlq>>> Nachricht 499 an Client<8812.97.0> ausgeliefert.
dlq>>> Nachricht 500 an Client<8812.97.0> ausgeliefert.
dlq>>> Nachricht 501 an Client<8812.97.0> ausgeliefert.
dlq>>> Nachricht 502 an Client<8812.97.0> ausgeliefert.
dlq>>> Nachricht 490 an Client<8812.102.0> ausgeliefert.
dlq>>> Nachricht 507 an Client<8812.97.0> ausgeliefert.
dlq>>> Nachricht 491 an Client<8812.102.0> ausgeliefert.
dlq>>> Nachricht 508 an Client<8812.97.0> ausgeliefert.
dlq>>> Nachricht 492 an Client<8812.102.0> ausgeliefert.
dlq>>> Nachricht 509 an Client<8812.97.0> ausgeliefert.
dlq>>> Nachricht 493 an Client<8812.102.0> ausgeliefert.
dlq>>> Nachricht 510 an Client<8812.97.0> ausgeliefert.
dlq>>> Nachricht 494 an Client<8812.102.0> ausgeliefert.
HBQ>>> Nachricht 560 in HBQ eingefügt.
dlq>>> Nachricht 495 an Client<8812.102.0> ausgeliefert.
dlq>>> Nachricht 496 an Client<8812.102.0> ausgeliefert.
HBQ>>> Nachricht 553 in HBQ eingefügt.
HBQ>>> Fehlernachricht fuer Nachrichten 511 bis 515 generiert.
dlq>>> Nachricht 515 in DLQ eingefügt.
dlq>>> Nachricht 490 aus DLQ gelöscht.
dlq>>> Nachricht 516 in DLQ eingefügt.
dlq>>> Nachricht 491 aus DLQ gelöscht.
dlq>>> Nachricht 497 an Client<8812.102.0> ausgeliefert.
dlq>>> Nachricht 498 an Client<8812.102.0> ausgeliefert.
dlq>>> Nachricht 499 an Client<8812.102.0> ausgeliefert.
dlq>>> Nachricht 500 an Client<8812.102.0> ausgeliefert.
dlq>>> Nachricht 501 an Client<8812.102.0> ausgeliefert.
dlq>>> Nachricht 502 an Client<8812.102.0> ausgeliefert.
dlq>>> Nachricht 507 an Client<8812.102.0> ausgeliefert.
dlq>>> Nachricht 508 an Client<8812.102.0> ausgeliefert.
dlq>>> Nachricht 509 an Client<8812.102.0> ausgeliefert.
dlq>>> Nachricht 510 an Client<8812.102.0> ausgeliefert.
dlq>>> Nachricht 515 an Client<8812.102.0> ausgeliefert.
dlq>>> Nachricht 516 an Client<8812.102.0> ausgeliefert.
HBQ>>> Nachricht 569 in HBQ eingefügt.
HBQ>>> Fehlernachricht fuer Nachrichten 517 bis 526 generiert.
dlq>>> Nachricht 526 in DLQ eingefügt.
dlq>>> Nachricht 492 aus DLQ gelöscht.
dlq>>> Nachricht 527 in DLQ eingefügt.
dlq>>> Nachricht 493 aus DLQ gelöscht.
HBQ>>> Nachricht 557 in HBQ eingefügt.
HBQ>>> Fehlernachricht fuer Nachrichten 528 bis 542 generiert.
dlq>>> Nachricht 542 in DLQ eingefügt.
dlq>>> Nachricht 494 aus DLQ gelöscht.
dlq>>> Nachricht 543 in DLQ eingefügt.
dlq>>> Nachricht 495 aus DLQ gelöscht.
HBQ>>> Nachricht 558 in HBQ eingefügt.
HBQ>>> Fehlernachricht fuer Nachrichten 544 bis 548 generiert.
dlq>>> Nachricht 548 in DLQ eingefügt.
dlq>>> Nachricht 496 aus DLQ gelöscht.
dlq>>> Nachricht 549 in DLQ eingefügt.
dlq>>> Nachricht 497 aus DLQ gelöscht.
dlq>>> Nachricht 550 in DLQ eingefügt.
dlq>>> Nachricht 498 aus DLQ gelöscht.
dlq>>> Nachricht 551 in DLQ eingefügt.
dlq>>> Nachricht 499 aus DLQ gelöscht.
HBQ>>> Nachricht 559 in HBQ eingefügt.
HBQ>>> Nachricht 564 in HBQ eingefügt.
HBQ>>> Nachricht 567 in HBQ eingefügt.
HBQ>>> Fehlernachricht fuer Nachrichten 552 bis 552 generiert.
dlq>>> Nachricht 552 in DLQ eingefügt.
dlq>>> Nachricht 500 aus DLQ gelöscht.
dlq>>> Nachricht 553 in DLQ eingefügt.
dlq>>> Nachricht 501 aus DLQ gelöscht.
dlq>>> Nachricht 554 in DLQ eingefügt.
dlq>>> Nachricht 502 aus DLQ gelöscht.
dlq>>> Nachricht 555 in DLQ eingefügt.
dlq>>> Nachricht 507 aus DLQ gelöscht.
HBQ>>> Nachricht 562 in HBQ eingefügt.
HBQ>>> Nachricht 563 in HBQ eingefügt.
HBQ>>> Nachricht 565 in HBQ eingefügt.
HBQ>>> Fehlernachricht fuer Nachrichten 556 bis 556 generiert.
dlq>>> Nachricht 556 in DLQ eingefügt.
dlq>>> Nachricht 508 aus DLQ gelöscht.
dlq>>> Nachricht 557 in DLQ eingefügt.
dlq>>> Nachricht 509 aus DLQ gelöscht.
dlq>>> Nachricht 558 in DLQ eingefügt.
dlq>>> Nachricht 510 aus DLQ gelöscht.
dlq>>> Nachricht 559 in DLQ eingefügt.
dlq>>> Nachricht 515 aus DLQ gelöscht.
dlq>>> Nachricht 560 in DLQ eingefügt.
dlq>>> Nachricht 516 aus DLQ gelöscht.
HBQ>>> Nachricht 595 in HBQ eingefügt.
HBQ>>> Nachricht 444 in HBQ eingefügt.
HBQ>>> Nachricht 570 in HBQ eingefügt.
HBQ>>> Nachricht 581 in HBQ eingefügt.
HBQ>>> Nachricht 588 in HBQ eingefügt.
HBQ>>> Fehlernachricht fuer Nachrichten 561 bis 561 generiert.
dlq>>> Nachricht 561 in DLQ eingefügt.
dlq>>> Nachricht 526 aus DLQ gelöscht.
dlq>>> Nachricht 562 in DLQ eingefügt.
dlq>>> Nachricht 527 aus DLQ gelöscht.
dlq>>> Nachricht 563 in DLQ eingefügt.
dlq>>> Nachricht 542 aus DLQ gelöscht.
dlq>>> Nachricht 564 in DLQ eingefügt.
dlq>>> Nachricht 543 aus DLQ gelöscht.
dlq>>> Nachricht 565 in DLQ eingefügt.
dlq>>> Nachricht 548 aus DLQ gelöscht.
dlq>>> Nachricht 566 in DLQ eingefügt.
dlq>>> Nachricht 549 aus DLQ gelöscht.
dlq>>> Nachricht 567 in DLQ eingefügt.
dlq>>> Nachricht 550 aus DLQ gelöscht.
dlq>>> Nachricht 568 in DLQ eingefügt.
dlq>>> Nachricht 551 aus DLQ gelöscht.
dlq>>> Nachricht 569 in DLQ eingefügt.
dlq>>> Nachricht 552 aus DLQ gelöscht.
dlq>>> Nachricht 570 in DLQ eingefügt.
dlq>>> Nachricht 553 aus DLQ gelöscht.
HBQ>>> Nachricht 594 in HBQ eingefügt.
HBQ>>> Nachricht 556 in HBQ eingefügt.
dlq>>> Content(17): [570,569,568,567,566,565,564,563,562,561,560,559,558,557,556,555,554]
HBQ>>> Content(4): [595,594,588,581]
dlq>>> Nachricht 554 an Client<8778.99.0> ausgeliefert.
dlq>>> Nachricht 555 an Client<8778.99.0> ausgeliefert.
dlq>>> Nachricht 556 an Client<8778.99.0> ausgeliefert.
dlq>>> Nachricht 557 an Client<8778.99.0> ausgeliefert.
dlq>>> Nachricht 558 an Client<8778.99.0> ausgeliefert.
dlq>>> Nachricht 559 an Client<8778.99.0> ausgeliefert.
HBQ>>> Nachricht 599 in HBQ eingefügt.
dlq>>> Nachricht 560 an Client<8778.99.0> ausgeliefert.
dlq>>> Nachricht 561 an Client<8778.99.0> ausgeliefert.
dlq>>> Nachricht 562 an Client<8778.99.0> ausgeliefert.
dlq>>> Nachricht 563 an Client<8778.99.0> ausgeliefert.
dlq>>> Nachricht 564 an Client<8778.99.0> ausgeliefert.
dlq>>> Nachricht 565 an Client<8778.99.0> ausgeliefert.
dlq>>> Nachricht 566 an Client<8778.99.0> ausgeliefert.
dlq>>> Nachricht 567 an Client<8778.99.0> ausgeliefert.
dlq>>> Nachricht 568 an Client<8778.99.0> ausgeliefert.
dlq>>> Nachricht 569 an Client<8778.99.0> ausgeliefert.
dlq>>> Nachricht 570 an Client<8778.99.0> ausgeliefert.
HBQ>>> Nachricht 600 in HBQ eingefügt.
HBQ>>> Nachricht 583 in HBQ eingefügt.
dlq>>> Content(17): [570,569,568,567,566,565,564,563,562,561,560,559,558,557,556,555,554]
HBQ>>> Content(7): [600,599,595,594,588,583,581]
dlq>>> Nachricht 554 an Client<8778.104.0> ausgeliefert.
dlq>>> Nachricht 555 an Client<8778.104.0> ausgeliefert.
dlq>>> Nachricht 556 an Client<8778.104.0> ausgeliefert.
dlq>>> Nachricht 557 an Client<8778.104.0> ausgeliefert.
dlq>>> Nachricht 558 an Client<8778.104.0> ausgeliefert.
dlq>>> Nachricht 559 an Client<8778.104.0> ausgeliefert.
dlq>>> Nachricht 560 an Client<8778.104.0> ausgeliefert.
dlq>>> Nachricht 561 an Client<8778.104.0> ausgeliefert.
dlq>>> Nachricht 562 an Client<8778.104.0> ausgeliefert.
dlq>>> Nachricht 563 an Client<8778.104.0> ausgeliefert.
dlq>>> Nachricht 564 an Client<8778.104.0> ausgeliefert.
dlq>>> Nachricht 565 an Client<8778.104.0> ausgeliefert.
dlq>>> Nachricht 566 an Client<8778.104.0> ausgeliefert.
dlq>>> Nachricht 567 an Client<8778.104.0> ausgeliefert.
dlq>>> Nachricht 568 an Client<8778.104.0> ausgeliefert.
dlq>>> Nachricht 569 an Client<8778.104.0> ausgeliefert.
dlq>>> Nachricht 570 an Client<8778.104.0> ausgeliefert.
HBQ>>> Nachricht 604 in HBQ eingefügt.
dlq>>> Content(17): [570,569,568,567,566,565,564,563,562,561,560,559,558,557,556,555,554]
HBQ>>> Content(8): [604,600,599,595,594,588,583,581]
HBQ>>> Nachricht 561 in HBQ eingefügt.
dlq>>> Content(17): [570,569,568,567,566,565,564,563,562,561,560,559,558,557,556,555,554]
HBQ>>> Content(8): [604,600,599,595,594,588,583,581]
dlq>>> Nachricht 554 an Client<8778.101.0> ausgeliefert.
dlq>>> Nachricht 555 an Client<8778.101.0> ausgeliefert.
dlq>>> Nachricht 556 an Client<8778.101.0> ausgeliefert.
dlq>>> Nachricht 557 an Client<8778.101.0> ausgeliefert.
dlq>>> Nachricht 558 an Client<8778.101.0> ausgeliefert.
dlq>>> Nachricht 559 an Client<8778.101.0> ausgeliefert.
dlq>>> Nachricht 560 an Client<8778.101.0> ausgeliefert.
dlq>>> Nachricht 561 an Client<8778.101.0> ausgeliefert.
dlq>>> Nachricht 562 an Client<8778.101.0> ausgeliefert.
dlq>>> Nachricht 563 an Client<8778.101.0> ausgeliefert.
dlq>>> Nachricht 554 an Client<8812.103.0> ausgeliefert.
dlq>>> Nachricht 564 an Client<8778.101.0> ausgeliefert.
dlq>>> Nachricht 565 an Client<8778.101.0> ausgeliefert.
dlq>>> Nachricht 566 an Client<8778.101.0> ausgeliefert.
dlq>>> Nachricht 567 an Client<8778.101.0> ausgeliefert.
dlq>>> Nachricht 568 an Client<8778.101.0> ausgeliefert.
dlq>>> Nachricht 569 an Client<8778.101.0> ausgeliefert.
dlq>>> Nachricht 570 an Client<8778.101.0> ausgeliefert.
dlq>>> Nachricht 555 an Client<8812.103.0> ausgeliefert.
dlq>>> Nachricht 556 an Client<8812.103.0> ausgeliefert.
dlq>>> Nachricht 557 an Client<8812.103.0> ausgeliefert.
dlq>>> Nachricht 558 an Client<8812.103.0> ausgeliefert.
dlq>>> Nachricht 559 an Client<8812.103.0> ausgeliefert.
dlq>>> Nachricht 560 an Client<8812.103.0> ausgeliefert.
dlq>>> Nachricht 561 an Client<8812.103.0> ausgeliefert.
dlq>>> Nachricht 562 an Client<8812.103.0> ausgeliefert.
dlq>>> Nachricht 563 an Client<8812.103.0> ausgeliefert.
dlq>>> Nachricht 564 an Client<8812.103.0> ausgeliefert.
dlq>>> Nachricht 565 an Client<8812.103.0> ausgeliefert.
dlq>>> Nachricht 566 an Client<8812.103.0> ausgeliefert.
dlq>>> Nachricht 567 an Client<8812.103.0> ausgeliefert.
dlq>>> Nachricht 568 an Client<8812.103.0> ausgeliefert.
HBQ>>> Nachricht 597 in HBQ eingefügt.
HBQ>>> Nachricht 596 in HBQ eingefügt.
HBQ>>> Nachricht 598 in HBQ eingefügt.
dlq>>> Nachricht 569 an Client<8812.103.0> ausgeliefert.
dlq>>> Nachricht 570 an Client<8812.103.0> ausgeliefert.
HBQ>>> Nachricht 601 in HBQ eingefügt.
HBQ>>> Fehlernachricht fuer Nachrichten 571 bis 580 generiert.
dlq>>> Nachricht 580 in DLQ eingefügt.
dlq>>> Nachricht 554 aus DLQ gelöscht.
dlq>>> Nachricht 581 in DLQ eingefügt.
dlq>>> Nachricht 555 aus DLQ gelöscht.
dlq>>> Content(17): [581,580,570,569,568,567,566,565,564,563,562,561,560,559,558,557,556]
HBQ>>> Content(11): [604,601,600,599,598,597,596,595,594,588,583]
HBQ>>> Nachricht 602 in HBQ eingefügt.
HBQ>>> Fehlernachricht fuer Nachrichten 582 bis 582 generiert.
dlq>>> Nachricht 582 in DLQ eingefügt.
dlq>>> Nachricht 556 aus DLQ gelöscht.
dlq>>> Nachricht 583 in DLQ eingefügt.
dlq>>> Nachricht 557 aus DLQ gelöscht.
dlq>>> Content(17): [583,582,581,580,570,569,568,567,566,565,564,563,562,561,560,559,558]
HBQ>>> Content(11): [604,602,601,600,599,598,597,596,595,594,588]
HBQ>>> Nachricht 606 in HBQ eingefügt.
HBQ>>> Fehlernachricht fuer Nachrichten 584 bis 587 generiert.
dlq>>> Nachricht 587 in DLQ eingefügt.
dlq>>> Nachricht 558 aus DLQ gelöscht.
dlq>>> Nachricht 588 in DLQ eingefügt.
dlq>>> Nachricht 559 aus DLQ gelöscht.
dlq>>> Content(17): [588,587,583,582,581,580,570,569,568,567,566,565,564,563,562,561,560]
HBQ>>> Content(11): [606,604,602,601,600,599,598,597,596,595,594]
dlq>>> Nachricht 560 an Client<8812.104.0> ausgeliefert.
dlq>>> Nachricht 560 an Client<8812.99.0> ausgeliefert.
dlq>>> Nachricht 561 an Client<8812.104.0> ausgeliefert.
dlq>>> Nachricht 560 an Client<8812.98.0> ausgeliefert.
dlq>>> Nachricht 561 an Client<8812.99.0> ausgeliefert.
dlq>>> Nachricht 562 an Client<8812.104.0> ausgeliefert.
dlq>>> Nachricht 561 an Client<8812.98.0> ausgeliefert.
dlq>>> Nachricht 562 an Client<8812.99.0> ausgeliefert.
dlq>>> Nachricht 563 an Client<8812.104.0> ausgeliefert.
dlq>>> Nachricht 562 an Client<8812.98.0> ausgeliefert.
dlq>>> Nachricht 563 an Client<8812.99.0> ausgeliefert.
dlq>>> Nachricht 564 an Client<8812.104.0> ausgeliefert.
dlq>>> Nachricht 563 an Client<8812.98.0> ausgeliefert.
dlq>>> Nachricht 564 an Client<8812.99.0> ausgeliefert.
dlq>>> Nachricht 565 an Client<8812.104.0> ausgeliefert.
dlq>>> Nachricht 564 an Client<8812.98.0> ausgeliefert.
dlq>>> Nachricht 565 an Client<8812.99.0> ausgeliefert.
dlq>>> Nachricht 566 an Client<8812.104.0> ausgeliefert.
dlq>>> Nachricht 565 an Client<8812.98.0> ausgeliefert.
dlq>>> Nachricht 566 an Client<8812.99.0> ausgeliefert.
dlq>>> Nachricht 567 an Client<8812.104.0> ausgeliefert.
dlq>>> Nachricht 566 an Client<8812.98.0> ausgeliefert.
dlq>>> Nachricht 567 an Client<8812.99.0> ausgeliefert.
dlq>>> Nachricht 568 an Client<8812.104.0> ausgeliefert.
dlq>>> Nachricht 567 an Client<8812.98.0> ausgeliefert.
dlq>>> Nachricht 568 an Client<8812.99.0> ausgeliefert.
dlq>>> Nachricht 569 an Client<8812.104.0> ausgeliefert.
dlq>>> Nachricht 568 an Client<8812.98.0> ausgeliefert.
dlq>>> Nachricht 569 an Client<8812.99.0> ausgeliefert.
dlq>>> Nachricht 570 an Client<8812.104.0> ausgeliefert.
dlq>>> Nachricht 569 an Client<8812.98.0> ausgeliefert.
dlq>>> Nachricht 570 an Client<8812.99.0> ausgeliefert.
HBQ>>> Nachricht 603 in HBQ eingefügt.
HBQ>>> Fehlernachricht fuer Nachrichten 589 bis 593 generiert.
dlq>>> Nachricht 593 in DLQ eingefügt.
dlq>>> Nachricht 560 aus DLQ gelöscht.
dlq>>> Nachricht 594 in DLQ eingefügt.
dlq>>> Nachricht 561 aus DLQ gelöscht.
dlq>>> Nachricht 595 in DLQ eingefügt.
dlq>>> Nachricht 562 aus DLQ gelöscht.
dlq>>> Nachricht 596 in DLQ eingefügt.
dlq>>> Nachricht 563 aus DLQ gelöscht.
dlq>>> Nachricht 597 in DLQ eingefügt.
dlq>>> Nachricht 564 aus DLQ gelöscht.
dlq>>> Nachricht 598 in DLQ eingefügt.
dlq>>> Nachricht 565 aus DLQ gelöscht.
dlq>>> Nachricht 599 in DLQ eingefügt.
dlq>>> Nachricht 566 aus DLQ gelöscht.
dlq>>> Nachricht 600 in DLQ eingefügt.
dlq>>> Nachricht 567 aus DLQ gelöscht.
dlq>>> Nachricht 601 in DLQ eingefügt.
dlq>>> Nachricht 568 aus DLQ gelöscht.
dlq>>> Nachricht 602 in DLQ eingefügt.
dlq>>> Nachricht 569 aus DLQ gelöscht.
dlq>>> Nachricht 603 in DLQ eingefügt.
dlq>>> Nachricht 570 aus DLQ gelöscht.
dlq>>> Nachricht 604 in DLQ eingefügt.
dlq>>> Nachricht 580 aus DLQ gelöscht.
dlq>>> Nachricht 581 an Client<8812.104.0> ausgeliefert.
dlq>>> Nachricht 581 an Client<8812.98.0> ausgeliefert.
dlq>>> Nachricht 581 an Client<8812.99.0> ausgeliefert.
dlq>>> Nachricht 582 an Client<8812.104.0> ausgeliefert.
dlq>>> Nachricht 582 an Client<8812.98.0> ausgeliefert.
dlq>>> Nachricht 582 an Client<8812.99.0> ausgeliefert.
dlq>>> Nachricht 583 an Client<8812.104.0> ausgeliefert.
dlq>>> Nachricht 583 an Client<8812.98.0> ausgeliefert.
dlq>>> Nachricht 583 an Client<8812.99.0> ausgeliefert.
HBQ>>> Nachricht 607 in HBQ eingefügt.
dlq>>> Nachricht 587 an Client<8812.104.0> ausgeliefert.
dlq>>> Nachricht 587 an Client<8812.98.0> ausgeliefert.
dlq>>> Nachricht 587 an Client<8812.99.0> ausgeliefert.
dlq>>> Nachricht 588 an Client<8812.104.0> ausgeliefert.
dlq>>> Nachricht 588 an Client<8812.98.0> ausgeliefert.
dlq>>> Nachricht 593 an Client<8812.104.0> ausgeliefert.
dlq>>> Nachricht 588 an Client<8812.99.0> ausgeliefert.
HBQ>>> Nachricht 608 in HBQ eingefügt.
HBQ>>> Nachricht 609 in HBQ eingefügt.
dlq>>> Nachricht 593 an Client<8812.98.0> ausgeliefert.
dlq>>> Nachricht 594 an Client<8812.104.0> ausgeliefert.
dlq>>> Nachricht 593 an Client<8812.99.0> ausgeliefert.
dlq>>> Nachricht 594 an Client<8812.98.0> ausgeliefert.
dlq>>> Nachricht 595 an Client<8812.104.0> ausgeliefert.
dlq>>> Nachricht 594 an Client<8812.99.0> ausgeliefert.
dlq>>> Nachricht 595 an Client<8812.98.0> ausgeliefert.
dlq>>> Nachricht 596 an Client<8812.104.0> ausgeliefert.
dlq>>> Nachricht 595 an Client<8812.99.0> ausgeliefert.
dlq>>> Nachricht 596 an Client<8812.98.0> ausgeliefert.
dlq>>> Nachricht 597 an Client<8812.104.0> ausgeliefert.
dlq>>> Nachricht 596 an Client<8812.99.0> ausgeliefert.
dlq>>> Nachricht 597 an Client<8812.98.0> ausgeliefert.
HBQ>>> Nachricht 642 in HBQ eingefügt.
dlq>>> Nachricht 598 an Client<8812.104.0> ausgeliefert.
dlq>>> Nachricht 597 an Client<8812.99.0> ausgeliefert.
dlq>>> Nachricht 598 an Client<8812.98.0> ausgeliefert.
dlq>>> Nachricht 599 an Client<8812.104.0> ausgeliefert.
dlq>>> Nachricht 598 an Client<8812.99.0> ausgeliefert.
dlq>>> Nachricht 599 an Client<8812.98.0> ausgeliefert.
dlq>>> Nachricht 600 an Client<8812.104.0> ausgeliefert.
dlq>>> Nachricht 599 an Client<8812.99.0> ausgeliefert.
dlq>>> Nachricht 600 an Client<8812.98.0> ausgeliefert.
dlq>>> Nachricht 601 an Client<8812.104.0> ausgeliefert.
dlq>>> Nachricht 600 an Client<8812.99.0> ausgeliefert.
dlq>>> Nachricht 601 an Client<8812.98.0> ausgeliefert.
dlq>>> Nachricht 602 an Client<8812.104.0> ausgeliefert.
dlq>>> Nachricht 601 an Client<8812.99.0> ausgeliefert.
dlq>>> Nachricht 602 an Client<8812.98.0> ausgeliefert.
dlq>>> Nachricht 603 an Client<8812.104.0> ausgeliefert.
dlq>>> Nachricht 602 an Client<8812.99.0> ausgeliefert.
dlq>>> Nachricht 603 an Client<8812.98.0> ausgeliefert.
dlq>>> Nachricht 604 an Client<8812.104.0> ausgeliefert.
HBQ>>> Nachricht 615 in HBQ eingefügt.
dlq>>> Nachricht 603 an Client<8812.99.0> ausgeliefert.
dlq>>> Nachricht 604 an Client<8812.98.0> ausgeliefert.
dlq>>> Nachricht 604 an Client<8812.99.0> ausgeliefert.
HBQ>>> Nachricht 618 in HBQ eingefügt.
HBQ>>> Nachricht 622 in HBQ eingefügt.
HBQ>>> Nachricht 649 in HBQ eingefügt.
HBQ>>> Nachricht 552 in HBQ eingefügt.
HBQ>>> Nachricht 678 in HBQ eingefügt.
HBQ>>> Nachricht 651 in HBQ eingefügt.
dlq>>> Content(17): [604,603,602,601,600,599,598,597,596,595,594,593,588,587,583,582,581]
HBQ>>> Content(11): [678,651,649,642,622,618,615,609,608,607,606]
HBQ>>> Nachricht 650 in HBQ eingefügt.
HBQ>>> Fehlernachricht fuer Nachrichten 605 bis 605 generiert.
dlq>>> Nachricht 605 in DLQ eingefügt.
dlq>>> Nachricht 581 aus DLQ gelöscht.
dlq>>> Nachricht 606 in DLQ eingefügt.
dlq>>> Nachricht 582 aus DLQ gelöscht.
dlq>>> Nachricht 607 in DLQ eingefügt.
dlq>>> Nachricht 583 aus DLQ gelöscht.
dlq>>> Nachricht 608 in DLQ eingefügt.
dlq>>> Nachricht 587 aus DLQ gelöscht.
dlq>>> Nachricht 609 in DLQ eingefügt.
dlq>>> Nachricht 588 aus DLQ gelöscht.
dlq>>> Content(17): [609,608,607,606,605,604,603,602,601,600,599,598,597,596,595,594,593]
HBQ>>> Content(8): [678,651,650,649,642,622,618,615]
HBQ>>> Nachricht 652 in HBQ eingefügt.
dlq>>> Content(17): [609,608,607,606,605,604,603,602,601,600,599,598,597,596,595,594,593]
HBQ>>> Content(9): [678,652,651,650,649,642,622,618,615]
dlq>>> Nachricht 593 an Client<8778.97.0> ausgeliefert.
dlq>>> Nachricht 593 an Client<8778.103.0> ausgeliefert.
dlq>>> Nachricht 593 an Client<8778.96.0> ausgeliefert.
dlq>>> Nachricht 594 an Client<8778.97.0> ausgeliefert.
dlq>>> Nachricht 594 an Client<8778.103.0> ausgeliefert.
dlq>>> Nachricht 594 an Client<8778.96.0> ausgeliefert.
dlq>>> Nachricht 595 an Client<8778.97.0> ausgeliefert.
dlq>>> Nachricht 595 an Client<8778.103.0> ausgeliefert.
dlq>>> Nachricht 595 an Client<8778.96.0> ausgeliefert.
dlq>>> Nachricht 596 an Client<8778.97.0> ausgeliefert.
dlq>>> Nachricht 596 an Client<8778.103.0> ausgeliefert.
dlq>>> Nachricht 597 an Client<8778.97.0> ausgeliefert.
dlq>>> Nachricht 597 an Client<8778.103.0> ausgeliefert.
dlq>>> Nachricht 596 an Client<8778.96.0> ausgeliefert.
dlq>>> Nachricht 598 an Client<8778.97.0> ausgeliefert.
dlq>>> Nachricht 597 an Client<8778.96.0> ausgeliefert.
dlq>>> Nachricht 598 an Client<8778.103.0> ausgeliefert.
dlq>>> Nachricht 599 an Client<8778.97.0> ausgeliefert.
dlq>>> Nachricht 598 an Client<8778.96.0> ausgeliefert.
dlq>>> Nachricht 599 an Client<8778.103.0> ausgeliefert.
dlq>>> Nachricht 600 an Client<8778.97.0> ausgeliefert.
dlq>>> Nachricht 599 an Client<8778.96.0> ausgeliefert.
dlq>>> Nachricht 600 an Client<8778.96.0> ausgeliefert.
dlq>>> Nachricht 600 an Client<8778.103.0> ausgeliefert.
dlq>>> Nachricht 601 an Client<8778.97.0> ausgeliefert.
dlq>>> Nachricht 601 an Client<8778.96.0> ausgeliefert.
dlq>>> Nachricht 602 an Client<8778.96.0> ausgeliefert.
dlq>>> Nachricht 601 an Client<8778.103.0> ausgeliefert.
dlq>>> Nachricht 602 an Client<8778.97.0> ausgeliefert.
dlq>>> Nachricht 603 an Client<8778.96.0> ausgeliefert.
dlq>>> Nachricht 604 an Client<8778.96.0> ausgeliefert.
dlq>>> Nachricht 602 an Client<8778.103.0> ausgeliefert.
dlq>>> Nachricht 603 an Client<8778.97.0> ausgeliefert.
dlq>>> Nachricht 605 an Client<8778.96.0> ausgeliefert.
dlq>>> Nachricht 603 an Client<8778.103.0> ausgeliefert.
dlq>>> Nachricht 604 an Client<8778.97.0> ausgeliefert.
dlq>>> Nachricht 606 an Client<8778.96.0> ausgeliefert.
dlq>>> Nachricht 604 an Client<8778.103.0> ausgeliefert.
dlq>>> Nachricht 605 an Client<8778.97.0> ausgeliefert.
dlq>>> Nachricht 607 an Client<8778.96.0> ausgeliefert.
dlq>>> Nachricht 605 an Client<8778.103.0> ausgeliefert.
dlq>>> Nachricht 606 an Client<8778.97.0> ausgeliefert.
dlq>>> Nachricht 608 an Client<8778.96.0> ausgeliefert.
dlq>>> Nachricht 606 an Client<8778.103.0> ausgeliefert.
dlq>>> Nachricht 607 an Client<8778.97.0> ausgeliefert.
dlq>>> Nachricht 609 an Client<8778.96.0> ausgeliefert.
dlq>>> Nachricht 607 an Client<8778.103.0> ausgeliefert.
dlq>>> Nachricht 608 an Client<8778.97.0> ausgeliefert.
dlq>>> Nachricht 608 an Client<8778.103.0> ausgeliefert.
dlq>>> Nachricht 609 an Client<8778.97.0> ausgeliefert.
dlq>>> Nachricht 609 an Client<8778.103.0> ausgeliefert.
HBQ>>> Nachricht 694 in HBQ eingefügt.
HBQ>>> Nachricht 675 in HBQ eingefügt.
dlq>>> Content(17): [609,608,607,606,605,604,603,602,601,600,599,598,597,596,595,594,593]
HBQ>>> Content(11): [694,678,675,652,651,650,649,642,622,618,615]
dlq>>> Nachricht 593 an Client<8778.102.0> ausgeliefert.
dlq>>> Nachricht 594 an Client<8778.102.0> ausgeliefert.
dlq>>> Nachricht 595 an Client<8778.102.0> ausgeliefert.
dlq>>> Nachricht 596 an Client<8778.102.0> ausgeliefert.
dlq>>> Nachricht 597 an Client<8778.102.0> ausgeliefert.
dlq>>> Nachricht 598 an Client<8778.102.0> ausgeliefert.
dlq>>> Nachricht 599 an Client<8778.102.0> ausgeliefert.
dlq>>> Nachricht 600 an Client<8778.102.0> ausgeliefert.
dlq>>> Nachricht 601 an Client<8778.102.0> ausgeliefert.
dlq>>> Nachricht 602 an Client<8778.102.0> ausgeliefert.
dlq>>> Nachricht 603 an Client<8778.102.0> ausgeliefert.
dlq>>> Nachricht 604 an Client<8778.102.0> ausgeliefert.
dlq>>> Nachricht 605 an Client<8778.102.0> ausgeliefert.
dlq>>> Nachricht 606 an Client<8778.102.0> ausgeliefert.
dlq>>> Nachricht 607 an Client<8778.102.0> ausgeliefert.
dlq>>> Nachricht 608 an Client<8778.102.0> ausgeliefert.
dlq>>> Nachricht 609 an Client<8778.102.0> ausgeliefert.
HBQ>>> Nachricht 676 in HBQ eingefügt.
HBQ>>> Fehlernachricht fuer Nachrichten 610 bis 614 generiert.
dlq>>> Nachricht 614 in DLQ eingefügt.
dlq>>> Nachricht 593 aus DLQ gelöscht.
dlq>>> Nachricht 615 in DLQ eingefügt.
dlq>>> Nachricht 594 aus DLQ gelöscht.
HBQ>>> Nachricht 677 in HBQ eingefügt.
HBQ>>> Fehlernachricht fuer Nachrichten 616 bis 617 generiert.
dlq>>> Nachricht 617 in DLQ eingefügt.
dlq>>> Nachricht 595 aus DLQ gelöscht.
dlq>>> Nachricht 618 in DLQ eingefügt.
dlq>>> Nachricht 596 aus DLQ gelöscht.
HBQ>>> Nachricht 679 in HBQ eingefügt.
HBQ>>> Fehlernachricht fuer Nachrichten 619 bis 621 generiert.
dlq>>> Nachricht 621 in DLQ eingefügt.
dlq>>> Nachricht 597 aus DLQ gelöscht.
dlq>>> Nachricht 622 in DLQ eingefügt.
dlq>>> Nachricht 598 aus DLQ gelöscht.
dlq>>> Content(17): [622,621,618,617,615,614,609,608,607,606,605,604,603,602,601,600,599]
HBQ>>> Content(11): [694,679,678,677,676,675,652,651,650,649,642]
HBQ>>> Nachricht 674 in HBQ eingefügt.
HBQ>>> Fehlernachricht fuer Nachrichten 623 bis 641 generiert.
dlq>>> Nachricht 641 in DLQ eingefügt.
dlq>>> Nachricht 599 aus DLQ gelöscht.
dlq>>> Nachricht 642 in DLQ eingefügt.
dlq>>> Nachricht 600 aus DLQ gelöscht.
dlq>>> Content(17): [642,641,622,621,618,617,615,614,609,608,607,606,605,604,603,602,601]
HBQ>>> Content(11): [694,679,678,677,676,675,674,652,651,650,649]
HBQ>>> Nachricht 698 in HBQ eingefügt.
HBQ>>> Fehlernachricht fuer Nachrichten 643 bis 648 generiert.
dlq>>> Nachricht 648 in DLQ eingefügt.
dlq>>> Nachricht 601 aus DLQ gelöscht.
dlq>>> Nachricht 649 in DLQ eingefügt.
dlq>>> Nachricht 602 aus DLQ gelöscht.
dlq>>> Nachricht 650 in DLQ eingefügt.
dlq>>> Nachricht 603 aus DLQ gelöscht.
dlq>>> Nachricht 651 in DLQ eingefügt.
dlq>>> Nachricht 604 aus DLQ gelöscht.
dlq>>> Nachricht 652 in DLQ eingefügt.
dlq>>> Nachricht 605 aus DLQ gelöscht.
dlq>>> Content(17): [652,651,650,649,648,642,641,622,621,618,617,615,614,609,608,607,606]
HBQ>>> Content(8): [698,694,679,678,677,676,675,674]
HBQ>>> Nachricht 699 in HBQ eingefügt.
HBQ>>> Nachricht 700 in HBQ eingefügt.
HBQ>>> Nachricht 702 in HBQ eingefügt.
HBQ>>> Nachricht 730 in HBQ eingefügt.
HBQ>>> Fehlernachricht fuer Nachrichten 653 bis 673 generiert.
dlq>>> Nachricht 673 in DLQ eingefügt.
dlq>>> Nachricht 606 aus DLQ gelöscht.
dlq>>> Nachricht 674 in DLQ eingefügt.
dlq>>> Nachricht 607 aus DLQ gelöscht.
dlq>>> Nachricht 675 in DLQ eingefügt.
dlq>>> Nachricht 608 aus DLQ gelöscht.
dlq>>> Nachricht 676 in DLQ eingefügt.
dlq>>> Nachricht 609 aus DLQ gelöscht.
dlq>>> Nachricht 677 in DLQ eingefügt.
dlq>>> Nachricht 614 aus DLQ gelöscht.
dlq>>> Nachricht 678 in DLQ eingefügt.
dlq>>> Nachricht 615 aus DLQ gelöscht.
dlq>>> Nachricht 679 in DLQ eingefügt.
dlq>>> Nachricht 617 aus DLQ gelöscht.
HBQ>>> Nachricht 696 in HBQ eingefügt.
HBQ>>> Nachricht 733 in HBQ eingefügt.
HBQ>>> Nachricht 747 in HBQ eingefügt.
HBQ>>> Nachricht 748 in HBQ eingefügt.
HBQ>>> Nachricht 749 in HBQ eingefügt.
HBQ>>> Nachricht 697 in HBQ eingefügt.
HBQ>>> Fehlernachricht fuer Nachrichten 680 bis 693 generiert.
dlq>>> Nachricht 693 in DLQ eingefügt.
dlq>>> Nachricht 618 aus DLQ gelöscht.
dlq>>> Nachricht 694 in DLQ eingefügt.
dlq>>> Nachricht 621 aus DLQ gelöscht.
HBQ>>> Nachricht 658 in HBQ eingefügt.
HBQ>>> Nachricht 735 in HBQ eingefügt.
HBQ>>> Fehlernachricht fuer Nachrichten 695 bis 695 generiert.
dlq>>> Nachricht 695 in DLQ eingefügt.
dlq>>> Nachricht 622 aus DLQ gelöscht.
dlq>>> Nachricht 696 in DLQ eingefügt.
dlq>>> Nachricht 641 aus DLQ gelöscht.
dlq>>> Nachricht 697 in DLQ eingefügt.
dlq>>> Nachricht 642 aus DLQ gelöscht.
dlq>>> Nachricht 698 in DLQ eingefügt.
dlq>>> Nachricht 648 aus DLQ gelöscht.
dlq>>> Nachricht 699 in DLQ eingefügt.
dlq>>> Nachricht 649 aus DLQ gelöscht.
dlq>>> Nachricht 700 in DLQ eingefügt.
dlq>>> Nachricht 650 aus DLQ gelöscht.
HBQ>>> Nachricht 736 in HBQ eingefügt.
HBQ>>> Nachricht 605 in HBQ eingefügt.
HBQ>>> Nachricht 701 in HBQ eingefügt.
dlq>>> Nachricht 701 in DLQ eingefügt.
dlq>>> Nachricht 651 aus DLQ gelöscht.
dlq>>> Nachricht 702 in DLQ eingefügt.
dlq>>> Nachricht 652 aus DLQ gelöscht.
HBQ>>> Downtime: 06.12 12:08:15,573| von HBQ und DLQ <0.93.0>; Anzahl Restnachrichten HBQ:7; DLQ letzte NNr:702.
