9-client@AirvonKistoffer-<0.96.0>-KLC Start: 18.01 16:47:16,619|.
Downtime: 18.01 16:47:36,621| vom Client 9-client@AirvonKistoffer-<0.96.0>-KLC
9-client@AirvonKistoffer-<0.96.0>-KLC Start: 18.01 17:18:49,357|.
Downtime: 18.01 17:19:09,358| vom Client 9-client@AirvonKistoffer-<0.96.0>-KLC
9-client@AirvonKistoffer-<0.142.0>-KLC Start: 18.01 17:21:25,742|.
9-client@AirvonKistoffer-<0.142.0>-KLC: 1te_Nachricht. C Out: 18.01 17:21:30,747| gesendet
9-client@AirvonKistoffer-<0.142.0>-KLC: 14te_Nachricht. C Out: 18.01 17:21:38,754| gesendet
9-client@AirvonKistoffer-<0.142.0>-KLC: 23te_Nachricht. C Out: 18.01 17:21:47,762| gesendet
Downtime: 18.01 17:21:47,762| vom Client 9-client@AirvonKistoffer-<0.142.0>-KLC
9-client@AirvonKistoffer-<0.208.0>-KLC Start: 18.01 17:23:40,982|.
9-client@AirvonKistoffer-<0.208.0>-KLC: 1te_Nachricht. C Out: 18.01 17:23:48,986| gesendet
9-client@AirvonKistoffer-<0.208.0>-KLC: 17te_Nachricht. C Out: 18.01 17:23:59,997| gesendet
Downtime: 18.01 17:24:00,983| vom Client 9-client@AirvonKistoffer-<0.208.0>-KLC
9-client@AirvonKistoffer-<0.96.0>-KLC Start: 18.01 17:46:15,847|.
9-client@AirvonKistoffer-<0.96.0>-KLC: 4te_Nachricht. C Out: 18.01 17:46:24,849| gesendet
9-client@AirvonKistoffer-<0.96.0>-KLC: 20te_Nachricht. C Out: 18.01 17:46:33,854| gesendet
Downtime: 18.01 17:46:35,849| vom Client 9-client@AirvonKistoffer-<0.96.0>-KLC
9-client@AirvonKistoffer-<0.175.0>-KLC Start: 18.01 18:06:24,421|.
9-client@AirvonKistoffer-<0.175.0>-KLC: 1te_Nachricht. C Out: 18.01 18:06:28,423| gesendet
9-client@AirvonKistoffer-<0.175.0>-KLC: 11te_Nachricht. C Out: 18.01 18:06:32,427| gesendet
9-client@AirvonKistoffer-<0.175.0>-KLC: 20te_Nachricht. C Out: 18.01 18:06:36,429| gesendet
9-client@AirvonKistoffer-<0.175.0>-KLC: 24te_Nachricht. C Out: 18.01 18:06:40,433| gesendet
Downtime: 18.01 18:06:44,422| vom Client 9-client@AirvonKistoffer-<0.175.0>-KLC
9-client@AirvonKistoffer-<0.250.0>-KLC Start: 18.01 18:17:36,649|.
9-client@AirvonKistoffer-<0.250.0>-KLC: 2te_Nachricht. C Out: 18.01 18:17:41,651| gesendet
9-client@AirvonKistoffer-<0.250.0>-KLC: 13te_Nachricht. C Out: 18.01 18:17:46,656| gesendet
9-client@AirvonKistoffer-<0.250.0>-KLC: 25te_Nachricht. C Out: 18.01 18:17:51,663| gesendet
9-client@AirvonKistoffer-<0.250.0>-KLC: 33te_Nachricht. C Out: 18.01 18:17:56,669| gesendet
Downtime: 18.01 18:17:56,669| vom Client 9-client@AirvonKistoffer-<0.250.0>-KLC
9-client@AirvonKistoffer-<0.102.0>-KLC Start: 18.01 18:31:27,126|.
9-client@AirvonKistoffer-<0.102.0>-KLC: 1te_Nachricht. C Out: 18.01 18:31:34,127| gesendet
9-client@AirvonKistoffer-<0.102.0>-KLC: 14te_Nachricht. C Out: 18.01 18:31:41,131| gesendet
9-client@AirvonKistoffer-<0.102.0>-KLC: 24te_Nachricht. C Out: 18.01 18:31:48,138| gesendet
Downtime: 18.01 18:31:48,139| vom Client 9-client@AirvonKistoffer-<0.102.0>-KLC
9-client@AirvonKistoffer-<0.180.0>-KLC Start: 18.01 23:55:25,194|.
9-client@AirvonKistoffer-<0.96.0>-KLC Start: 18.01 23:57:01,003|.
9-client@AirvonKistoffer-<0.96.0>-KLC: 3te_Nachricht. C Out: 18.01 23:57:05,004| gesendet
9-client@AirvonKistoffer-<0.96.0>-KLC: 11te_Nachricht. C Out: 18.01 23:57:09,007| gesendet
9-client@AirvonKistoffer-<0.96.0>-KLC: 18te_Nachricht. C Out: 18.01 23:57:13,011| gesendet
9-client@AirvonKistoffer-<0.96.0>-KLC: 24te_Nachricht. C Out: 18.01 23:57:17,016| gesendet
9-client@AirvonKistoffer-<0.96.0>-KLC: 35te_Nachricht. C Out: 18.01 23:57:21,029| gesendet
Downtime: 18.01 23:57:21,029| vom Client 9-client@AirvonKistoffer-<0.96.0>-KLC
9-client@AirvonKistoffer-<0.188.0>-KLC Start: 19.01 13:16:22,219|.
Downtime: 19.01 13:16:42,219| vom Client 9-client@AirvonKistoffer-<0.188.0>-KLC
9-client@AirvonKistoffer-<0.104.0>-KLC Start: 22.01 11:21:39,856|.
Downtime: 22.01 11:21:59,856| vom Client 9-client@AirvonKistoffer-<0.104.0>-KLC
9-client@AirvonKistoffer-<0.150.0>-KLC Start: 22.01 12:12:40,809|.
9-client@AirvonKistoffer-<0.187.0>-KLC Start: 22.01 12:12:47,234|.
9-client@AirvonKistoffer-<0.187.0>-KLC: 5te_Nachricht. C Out: 22.01 12:12:53,235| gesendet
9-client@AirvonKistoffer-<0.187.0>-KLC: 14te_Nachricht. C Out: 22.01 12:12:59,243| gesendet
Downtime: 22.01 12:13:00,811| vom Client 9-client@AirvonKistoffer-<0.150.0>-KLC
9-client@AirvonKistoffer-<0.187.0>-KLC: 23te_Nachricht. C Out: 22.01 12:13:05,245| gesendet
9-client@AirvonKistoffer-<0.187.0>-KLC: 34te_Nachricht. C Out: 22.01 12:13:11,247| gesendet
Downtime: 22.01 12:13:11,247| vom Client 9-client@AirvonKistoffer-<0.187.0>-KLC
9-client@AirvonKistoffer-<0.271.0>-KLC Start: 22.01 12:17:59,074|.
9-client@AirvonKistoffer-<0.303.0>-KLC Start: 22.01 12:18:15,584|.
Downtime: 22.01 12:18:19,076| vom Client 9-client@AirvonKistoffer-<0.271.0>-KLC
Downtime: 22.01 12:18:35,587| vom Client 9-client@AirvonKistoffer-<0.303.0>-KLC
9-client@AirvonKistoffer-<0.358.0>-KLC Start: 22.01 12:18:42,155|.
9-client@AirvonKistoffer-<0.390.0>-KLC Start: 22.01 12:18:46,424|.
9-client@AirvonKistoffer-<0.390.0>-KLC: 1te_Nachricht. C Out: 22.01 12:18:49,425| gesendet
9-client@AirvonKistoffer-<0.390.0>-KLC: 10te_Nachricht. C Out: 22.01 12:18:52,436| gesendet
9-client@AirvonKistoffer-<0.390.0>-KLC: 17te_Nachricht. C Out: 22.01 12:18:55,439| gesendet
9-client@AirvonKistoffer-<0.390.0>-KLC: 22te_Nachricht. C Out: 22.01 12:18:58,440| gesendet
Downtime: 22.01 12:19:02,156| vom Client 9-client@AirvonKistoffer-<0.358.0>-KLC
9-client@AirvonKistoffer-<0.390.0>-KLC: 29te_Nachricht. C Out: 22.01 12:19:05,435| gesendet
Downtime: 22.01 12:19:06,426| vom Client 9-client@AirvonKistoffer-<0.390.0>-KLC
9-client@AirvonKistoffer-<0.96.0>-KLC Start: 22.01 12:20:00,360|.
9-client@AirvonKistoffer-<0.96.0>-KLC: 1te_Nachricht. C Out: 22.01 12:20:03,361| gesendet
9-client@AirvonKistoffer-<0.96.0>-KLC: 10te_Nachricht. C Out: 22.01 12:20:06,370| gesendet
9-client@AirvonKistoffer-<0.96.0>-KLC: 16te_Nachricht. C Out: 22.01 12:20:09,372| gesendet
9-client@AirvonKistoffer-<0.96.0>-KLC: 22te_Nachricht. C Out: 22.01 12:20:12,374| gesendet
9-client@AirvonKistoffer-<0.96.0>-KLC: 28te_Nachricht. C Out: 22.01 12:20:15,376| gesendet
34te_Nachricht um 22.01 12:20:15,378| vergessen zu senden ******
37te_Nachricht um 22.01 12:20:15,381| vergessen zu senden ******
40te_Nachricht um 22.01 12:20:15,382| vergessen zu senden ******
43te_Nachricht um 22.01 12:20:15,383| vergessen zu senden ******
46te_Nachricht um 22.01 12:20:15,383| vergessen zu senden ******
Downtime: 22.01 12:20:20,361| vom Client 9-client@AirvonKistoffer-<0.96.0>-KLC
9-client@AirvonKistoffer-<0.213.0>-KLC Start: 22.01 12:49:06,670|.
9-client@AirvonKistoffer-<0.213.0>-KLC: 2te_Nachricht. C Out: 22.01 12:49:15,671| gesendet
9-client@AirvonKistoffer-<0.213.0>-KLC: 17te_Nachricht. C Out: 22.01 12:49:24,679| gesendet
9-client@AirvonKistoffer-<0.213.0>-KLC: 30te_Nachricht. C Out: 22.01 12:49:33,683| gesendet
Downtime: 22.01 12:49:33,683| vom Client 9-client@AirvonKistoffer-<0.213.0>-KLC
9-client@AirvonKistoffer-<0.96.0>-KLC Start: 24.01 23:19:06,435|.
9-client@AirvonKistoffer-<0.133.0>-KLC Start: 24.01 23:19:20,575|.
9-client@AirvonKistoffer-<0.133.0>-KLC: 1te_Nachricht. C Out: 24.01 23:19:23,576| gesendet
Downtime: 24.01 23:19:26,437| vom Client 9-client@AirvonKistoffer-<0.96.0>-KLC
9-client@AirvonKistoffer-<0.133.0>-KLC: 10te_Nachricht. C Out: 24.01 23:19:26,582| gesendet
9-client@AirvonKistoffer-<0.133.0>-KLC: 15te_Nachricht. C Out: 24.01 23:19:29,586| gesendet
9-client@AirvonKistoffer-<0.133.0>-KLC: 22te_Nachricht. C Out: 24.01 23:19:32,588| gesendet
9-client@AirvonKistoffer-<0.133.0>-KLC: 27te_Nachricht. C Out: 24.01 23:19:35,589| gesendet
32te_Nachricht um 24.01 23:19:35,593| vergessen zu senden ******
34te_Nachricht um 24.01 23:19:35,595| vergessen zu senden ******
36te_Nachricht um 24.01 23:19:35,595| vergessen zu senden ******
38te_Nachricht um 24.01 23:19:35,596| vergessen zu senden ******
40te_Nachricht um 24.01 23:19:35,596| vergessen zu senden ******
9-client@AirvonKistoffer-<0.133.0>-KLC: 1te_Nachricht. C Out: 24.01 23:19:23,576|{1643,62763,578161}*******; C In: 24.01 23:19:35,597|#1#3#2#4
4-client@AirvonKistoffer-<0.138.0>-KLC: 2te_Nachricht. C Out: 24.01 23:19:25,577|{1643,62765,578653} ; C In: 24.01 23:19:35,598|#1#3#2#4
8-client@AirvonKistoffer-<0.134.0>-KLC: 3te_Nachricht. C Out: 24.01 23:19:25,577|{1643,62765,580686} ; C In: 24.01 23:19:35,602|#1#3#2#4
2-client@AirvonKistoffer-<0.140.0>-KLC: 4te_Nachricht. C Out: 24.01 23:19:27,577|{1643,62767,578891} ; C In: 24.01 23:19:35,603|#1#3#2#4
7-client@AirvonKistoffer-<0.135.0>-KLC: 5te_Nachricht. C Out: 24.01 23:19:24,577|{1643,62767,578952} ; C In: 24.01 23:19:35,604|#1#3#2#4
6-client@AirvonKistoffer-<0.136.0>-KLC: 6te_Nachricht. C Out: 24.01 23:19:28,577|{1643,62768,578919} ; C In: 24.01 23:19:35,605|#1#3#2#4
5-client@AirvonKistoffer-<0.137.0>-KLC: 7te_Nachricht. C Out: 24.01 23:19:29,577|{1643,62769,578261} ; C In: 24.01 23:19:35,606|#1#3#2#4
3-client@AirvonKistoffer-<0.139.0>-KLC: 8te_Nachricht. C Out: 24.01 23:19:23,581|{1643,62769,578322} ; C In: 24.01 23:19:35,608|#1#3#2#4
1-client@AirvonKistoffer-<0.141.0>-KLC: 9te_Nachricht. C Out: 24.01 23:19:28,577|{1643,62769,578340} ; C In: 24.01 23:19:35,609|#1#3#2#4
9-client@AirvonKistoffer-<0.133.0>-KLC: 10te_Nachricht. C Out: 24.01 23:19:26,582|{1643,62769,578357}*******; C In: 24.01 23:19:35,610|#1#3#2#4
3-client@AirvonKistoffer-<0.139.0>-KLC: 11te_Nachricht. C Out: 24.01 23:19:26,585|{1643,62769,578373} ; C In: 24.01 23:19:35,611|#1#3#2#4
7-client@AirvonKistoffer-<0.135.0>-KLC: 12te_Nachricht. C Out: 24.01 23:19:28,583|{1643,62769,578388} ; C In: 24.01 23:19:35,612|#1#3#2#4
4-client@AirvonKistoffer-<0.138.0>-KLC: 13te_Nachricht. C Out: 24.01 23:19:30,583|{1643,62770,584775} ; C In: 24.01 23:19:35,612|#1#3#2#4
8-client@AirvonKistoffer-<0.134.0>-KLC: 14te_Nachricht. C Out: 24.01 23:19:30,583|{1643,62770,586479} ; C In: 24.01 23:19:35,613|#1#3#2#4
9-client@AirvonKistoffer-<0.133.0>-KLC: 15te_Nachricht. C Out: 24.01 23:19:29,586|{1643,62770,586504}*******; C In: 24.01 23:19:35,614|#1#3#2#4
3-client@AirvonKistoffer-<0.139.0>-KLC: 16te_Nachricht. C Out: 24.01 23:19:29,587|{1643,62770,586545} ; C In: 24.01 23:19:35,615|#1#3#2#4
2-client@AirvonKistoffer-<0.140.0>-KLC: 17te_Nachricht. C Out: 24.01 23:19:34,581|{1643,62774,582900} ; C In: 24.01 23:19:35,616|#1#3#2#4
Downtime: 24.01 23:19:40,577| vom Client 9-client@AirvonKistoffer-<0.133.0>-KLC
9-client@AirvonKistoffer-<0.270.0>-KLC Start: 24.01 23:20:14,253|.
9-client@AirvonKistoffer-<0.270.0>-KLC: 1te_Nachricht. C Out: 24.01 23:20:18,255| gesendet
9-client@AirvonKistoffer-<0.270.0>-KLC: 12te_Nachricht. C Out: 24.01 23:20:22,257| gesendet
9-client@AirvonKistoffer-<0.270.0>-KLC: 21te_Nachricht. C Out: 24.01 23:20:26,259| gesendet
9-client@AirvonKistoffer-<0.270.0>-KLC: 28te_Nachricht. C Out: 24.01 23:20:30,263| gesendet
9-client@AirvonKistoffer-<0.270.0>-KLC: 47te_Nachricht. C Out: 24.01 23:20:36,293| gesendet
Downtime: 24.01 23:20:36,293| vom Client 9-client@AirvonKistoffer-<0.270.0>-KLC
9-client@AirvonKistoffer-<0.408.0>-KLC Start: 24.01 23:21:11,086|.
9-client@AirvonKistoffer-<0.408.0>-KLC: 1te_Nachricht. C Out: 24.01 23:21:19,088| gesendet
9-client@AirvonKistoffer-<0.408.0>-KLC: 15te_Nachricht. C Out: 24.01 23:21:27,092| gesendet
9-client@AirvonKistoffer-<0.408.0>-KLC: 25te_Nachricht. C Out: 24.01 23:21:35,096| gesendet
Downtime: 24.01 23:21:35,096| vom Client 9-client@AirvonKistoffer-<0.408.0>-KLC
9-client@AirvonKistoffer-<0.480.0>-KLC Start: 24.01 23:22:11,568|.
9-client@AirvonKistoffer-<0.480.0>-KLC: 2te_Nachricht. C Out: 24.01 23:22:16,570| gesendet
9-client@AirvonKistoffer-<0.480.0>-KLC: 10te_Nachricht. C Out: 24.01 23:22:21,572| gesendet
9-client@AirvonKistoffer-<0.480.0>-KLC: 19te_Nachricht. C Out: 24.01 23:22:26,577| gesendet
9-client@AirvonKistoffer-<0.480.0>-KLC: 25te_Nachricht. C Out: 24.01 23:22:31,580| gesendet
Downtime: 24.01 23:22:31,580| vom Client 9-client@AirvonKistoffer-<0.480.0>-KLC
9-client@AirvonKistoffer-<0.558.0>-KLC Start: 24.01 23:23:06,920|.
9-client@AirvonKistoffer-<0.558.0>-KLC: 2te_Nachricht. C Out: 24.01 23:23:15,921| gesendet
9-client@AirvonKistoffer-<0.558.0>-KLC: 19te_Nachricht. C Out: 24.01 23:23:24,925| gesendet
9-client@AirvonKistoffer-<0.558.0>-KLC: 29te_Nachricht. C Out: 24.01 23:23:33,929| gesendet
Downtime: 24.01 23:23:33,929| vom Client 9-client@AirvonKistoffer-<0.558.0>-KLC
9-client@AirvonKistoffer-<0.635.0>-KLC Start: 24.01 23:26:32,683|.
9-client@AirvonKistoffer-<0.635.0>-KLC: 1te_Nachricht. C Out: 24.01 23:26:36,685| gesendet
9-client@AirvonKistoffer-<0.635.0>-KLC: 10te_Nachricht. C Out: 24.01 23:26:40,689| gesendet
9-client@AirvonKistoffer-<0.635.0>-KLC: 17te_Nachricht. C Out: 24.01 23:26:44,691| gesendet
9-client@AirvonKistoffer-<0.635.0>-KLC: 23te_Nachricht. C Out: 24.01 23:26:48,694| gesendet
9-client@AirvonKistoffer-<0.635.0>-KLC: 28te_Nachricht. C Out: 24.01 23:26:52,696| gesendet
Downtime: 24.01 23:26:52,696| vom Client 9-client@AirvonKistoffer-<0.635.0>-KLC
9-client@AirvonKistoffer-<0.713.0>-KLC Start: 24.01 23:27:16,314|.
9-client@AirvonKistoffer-<0.713.0>-KLC: 3te_Nachricht. C Out: 24.01 23:27:21,316| gesendet
9-client@AirvonKistoffer-<0.713.0>-KLC: 11te_Nachricht. C Out: 24.01 23:27:26,320| gesendet
9-client@AirvonKistoffer-<0.713.0>-KLC: 20te_Nachricht. C Out: 24.01 23:27:31,328| gesendet
9-client@AirvonKistoffer-<0.713.0>-KLC: 28te_Nachricht. C Out: 24.01 23:27:36,330| gesendet
Downtime: 24.01 23:27:36,330| vom Client 9-client@AirvonKistoffer-<0.713.0>-KLC
9-client@AirvonKistoffer-<0.792.0>-KLC Start: 24.01 23:28:11,322|.
9-client@AirvonKistoffer-<0.792.0>-KLC: 5te_Nachricht. C Out: 24.01 23:28:15,324| gesendet
9-client@AirvonKistoffer-<0.792.0>-KLC: 11te_Nachricht. C Out: 24.01 23:28:19,326| gesendet
9-client@AirvonKistoffer-<0.792.0>-KLC: 19te_Nachricht. C Out: 24.01 23:28:23,331| gesendet
9-client@AirvonKistoffer-<0.792.0>-KLC: 25te_Nachricht. C Out: 24.01 23:28:27,334| gesendet
9-client@AirvonKistoffer-<0.792.0>-KLC: 31te_Nachricht. C Out: 24.01 23:28:31,339| gesendet
Downtime: 24.01 23:28:31,339| vom Client 9-client@AirvonKistoffer-<0.792.0>-KLC
9-client@AirvonKistoffer-<0.873.0>-KLC Start: 24.01 23:29:12,376|.
9-client@AirvonKistoffer-<0.873.0>-KLC: 1te_Nachricht. C Out: 24.01 23:29:19,377| gesendet
9-client@AirvonKistoffer-<0.873.0>-KLC: 16te_Nachricht. C Out: 24.01 23:29:26,382| gesendet
9-client@AirvonKistoffer-<0.873.0>-KLC: 27te_Nachricht. C Out: 24.01 23:29:33,385| gesendet
Downtime: 24.01 23:29:33,385| vom Client 9-client@AirvonKistoffer-<0.873.0>-KLC
9-client@AirvonKistoffer-<0.96.0>-KLC Start: 24.01 23:53:11,493|.
9-client@AirvonKistoffer-<0.96.0>-KLC: 1te_Nachricht. C Out: 24.01 23:53:16,495| gesendet
9-client@AirvonKistoffer-<0.96.0>-KLC: 11te_Nachricht. C Out: 24.01 23:53:21,500| gesendet
9-client@AirvonKistoffer-<0.96.0>-KLC: 20te_Nachricht. C Out: 24.01 23:53:26,503| gesendet
9-client@AirvonKistoffer-<0.96.0>-KLC: 27te_Nachricht. C Out: 24.01 23:53:31,506| gesendet
Downtime: 24.01 23:53:31,506| vom Client 9-client@AirvonKistoffer-<0.96.0>-KLC
9-client@AirvonKistoffer-<0.102.0>-KLC Start: 24.01 23:54:47,286|.
9-client@AirvonKistoffer-<0.102.0>-KLC: 1te_Nachricht. C Out: 24.01 23:54:55,288| gesendet
9-client@AirvonKistoffer-<0.102.0>-KLC: 17te_Nachricht. C Out: 24.01 23:55:03,295| gesendet
9-client@AirvonKistoffer-<0.102.0>-KLC: 34te_Nachricht. C Out: 24.01 23:55:13,318| gesendet
Downtime: 24.01 23:55:13,318| vom Client 9-client@AirvonKistoffer-<0.102.0>-KLC
9-client@AirvonKistoffer-<0.203.0>-KLC Start: 24.01 23:55:27,305|.
9-client@AirvonKistoffer-<0.203.0>-KLC: 3te_Nachricht. C Out: 24.01 23:55:30,307| gesendet
9-client@AirvonKistoffer-<0.203.0>-KLC: 10te_Nachricht. C Out: 24.01 23:55:33,309| gesendet
9-client@AirvonKistoffer-<0.203.0>-KLC: 16te_Nachricht. C Out: 24.01 23:55:36,313| gesendet
9-client@AirvonKistoffer-<0.203.0>-KLC: 23te_Nachricht. C Out: 24.01 23:55:39,316| gesendet
9-client@AirvonKistoffer-<0.203.0>-KLC: 29te_Nachricht. C Out: 24.01 23:55:42,319| gesendet
32te_Nachricht um 24.01 23:55:42,321| vergessen zu senden ******
35te_Nachricht um 24.01 23:55:42,324| vergessen zu senden ******
38te_Nachricht um 24.01 23:55:42,325| vergessen zu senden ******
41te_Nachricht um 24.01 23:55:42,325| vergessen zu senden ******
44te_Nachricht um 24.01 23:55:42,325| vergessen zu senden ******
9-client@AirvonKistoffer-<0.203.0>-KLC: 3te_Nachricht. C Out: 24.01 23:55:30,307|{1643,64936,308895}*******; C In: 24.01 23:55:42,326|#1#3#2#4
7-client@AirvonKistoffer-<0.205.0>-KLC: 4te_Nachricht. C Out: 24.01 23:55:30,307|{1643,64936,308949} ; C In: 24.01 23:55:42,327|#1#3#2#4
5-client@AirvonKistoffer-<0.207.0>-KLC: 5te_Nachricht. C Out: 24.01 23:55:31,307|{1643,64936,308973} ; C In: 24.01 23:55:42,329|#1#3#2#4
4-client@AirvonKistoffer-<0.208.0>-KLC: 6te_Nachricht. C Out: 24.01 23:55:33,307|{1643,64936,309008} ; C In: 24.01 23:55:42,329|#1#3#2#4
3-client@AirvonKistoffer-<0.209.0>-KLC: 7te_Nachricht. C Out: 24.01 23:55:36,307|{1643,64936,310419} ; C In: 24.01 23:55:42,331|#1#3#2#4
1-client@AirvonKistoffer-<0.211.0>-KLC: 8te_Nachricht. C Out: 24.01 23:55:36,307|{1643,64936,311612} ; C In: 24.01 23:55:42,332|#1#3#2#4
2-client@AirvonKistoffer-<0.210.0>-KLC: 9te_Nachricht. C Out: 24.01 23:55:30,307|{1643,64936,311653} ; C In: 24.01 23:55:42,333|#1#3#2#4
9-client@AirvonKistoffer-<0.203.0>-KLC: 10te_Nachricht. C Out: 24.01 23:55:33,309|{1643,64936,311668}*******; C In: 24.01 23:55:42,334|#1#3#2#4
7-client@AirvonKistoffer-<0.205.0>-KLC: 11te_Nachricht. C Out: 24.01 23:55:33,309|{1643,64936,311682} ; C In: 24.01 23:55:42,335|#1#3#2#4
2-client@AirvonKistoffer-<0.210.0>-KLC: 12te_Nachricht. C Out: 24.01 23:55:33,310|{1643,64936,311695} ; C In: 24.01 23:55:42,336|#1#3#2#4
5-client@AirvonKistoffer-<0.207.0>-KLC: 13te_Nachricht. C Out: 24.01 23:55:35,309|{1643,64936,311708} ; C In: 24.01 23:55:42,337|#1#3#2#4
6-client@AirvonKistoffer-<0.206.0>-KLC: 14te_Nachricht. C Out: 24.01 23:55:39,311|{1643,64939,312750} ; C In: 24.01 23:55:42,339|#1#3#2#4
4-client@AirvonKistoffer-<0.208.0>-KLC: 15te_Nachricht. C Out: 24.01 23:55:39,316|{1643,64939,317108} ; C In: 24.01 23:55:42,340|#1#3#2#4
9-client@AirvonKistoffer-<0.203.0>-KLC: 16te_Nachricht. C Out: 24.01 23:55:36,313|{1643,64939,317158}*******; C In: 24.01 23:55:42,341|#1#3#2#4
7-client@AirvonKistoffer-<0.205.0>-KLC: 17te_Nachricht. C Out: 24.01 23:55:36,314|{1643,64939,317169} ; C In: 24.01 23:55:42,342|#1#3#2#4
2-client@AirvonKistoffer-<0.210.0>-KLC: 18te_Nachricht. C Out: 24.01 23:55:36,314|{1643,64939,317178} ; C In: 24.01 23:55:42,343|#1#3#2#4
5-client@AirvonKistoffer-<0.207.0>-KLC: 19te_Nachricht. C Out: 24.01 23:55:39,311|{1643,64939,317189} ; C In: 24.01 23:55:42,344|#1#3#2#4
Downtime: 24.01 23:55:47,306| vom Client 9-client@AirvonKistoffer-<0.203.0>-KLC
9-client@AirvonKistoffer-<0.102.0>-KLC Start: 02.02 11:03:59,092|.
9-client@AirvonKistoffer-<0.102.0>-KLC: 1te_Nachricht. C Out: 02.02 11:04:07,094| gesendet
9-client@AirvonKistoffer-<0.102.0>-KLC: 17te_Nachricht. C Out: 02.02 11:04:15,096| gesendet
9-client@AirvonKistoffer-<0.102.0>-KLC: 30te_Nachricht. C Out: 02.02 11:04:23,099| gesendet
Downtime: 02.02 11:04:23,099| vom Client 9-client@AirvonKistoffer-<0.102.0>-KLC
