3-client@AirvonKistoffer-<0.102.0>-KLC Start: 18.01 16:47:16,619|.
Downtime: 18.01 16:47:36,620| vom Client 3-client@AirvonKistoffer-<0.102.0>-KLC
3-client@AirvonKistoffer-<0.102.0>-KLC Start: 18.01 17:18:49,357|.
Downtime: 18.01 17:19:09,358| vom Client 3-client@AirvonKistoffer-<0.102.0>-KLC
3-client@AirvonKistoffer-<0.148.0>-KLC Start: 18.01 17:21:25,742|.
3-client@AirvonKistoffer-<0.148.0>-KLC: 7te_Nachricht. C Out: 18.01 17:21:31,747| gesendet
3-client@AirvonKistoffer-<0.148.0>-KLC: 16te_Nachricht. C Out: 18.01 17:21:41,755| gesendet
Downtime: 18.01 17:21:45,743| vom Client 3-client@AirvonKistoffer-<0.148.0>-KLC
3-client@AirvonKistoffer-<0.214.0>-KLC Start: 18.01 17:23:40,982|.
3-client@AirvonKistoffer-<0.214.0>-KLC: 7te_Nachricht. C Out: 18.01 17:23:45,986| gesendet
3-client@AirvonKistoffer-<0.214.0>-KLC: 13te_Nachricht. C Out: 18.01 17:23:52,991| gesendet
3-client@AirvonKistoffer-<0.214.0>-KLC: 22te_Nachricht. C Out: 18.01 17:24:02,002| gesendet
Downtime: 18.01 17:24:02,002| vom Client 3-client@AirvonKistoffer-<0.214.0>-KLC
3-client@AirvonKistoffer-<0.102.0>-KLC Start: 18.01 17:46:15,847|.
3-client@AirvonKistoffer-<0.102.0>-KLC: 1te_Nachricht. C Out: 18.01 17:46:23,849| gesendet
3-client@AirvonKistoffer-<0.102.0>-KLC: 18te_Nachricht. C Out: 18.01 17:46:31,853| gesendet
Downtime: 18.01 17:46:35,849| vom Client 3-client@AirvonKistoffer-<0.102.0>-KLC
3-client@AirvonKistoffer-<0.181.0>-KLC Start: 18.01 18:06:24,421|.
3-client@AirvonKistoffer-<0.181.0>-KLC: 4te_Nachricht. C Out: 18.01 18:06:30,423| gesendet
3-client@AirvonKistoffer-<0.181.0>-KLC: 14te_Nachricht. C Out: 18.01 18:06:36,430| gesendet
3-client@AirvonKistoffer-<0.181.0>-KLC: 25te_Nachricht. C Out: 18.01 18:06:42,434| gesendet
Downtime: 18.01 18:06:44,422| vom Client 3-client@AirvonKistoffer-<0.181.0>-KLC
3-client@AirvonKistoffer-<0.256.0>-KLC Start: 18.01 18:17:36,649|.
3-client@AirvonKistoffer-<0.256.0>-KLC: 6te_Nachricht. C Out: 18.01 18:17:39,651| gesendet
3-client@AirvonKistoffer-<0.256.0>-KLC: 11te_Nachricht. C Out: 18.01 18:17:42,657| gesendet
3-client@AirvonKistoffer-<0.256.0>-KLC: 17te_Nachricht. C Out: 18.01 18:17:45,660| gesendet
3-client@AirvonKistoffer-<0.256.0>-KLC: 23te_Nachricht. C Out: 18.01 18:17:48,664| gesendet
3-client@AirvonKistoffer-<0.256.0>-KLC: 29te_Nachricht. C Out: 18.01 18:17:51,666| gesendet
Downtime: 18.01 18:17:56,650| vom Client 3-client@AirvonKistoffer-<0.256.0>-KLC
3-client@AirvonKistoffer-<0.108.0>-KLC Start: 18.01 18:31:27,126|.
3-client@AirvonKistoffer-<0.108.0>-KLC: 7te_Nachricht. C Out: 18.01 18:31:36,127| gesendet
3-client@AirvonKistoffer-<0.108.0>-KLC: 19te_Nachricht. C Out: 18.01 18:31:45,129| gesendet
3-client@AirvonKistoffer-<0.108.0>-KLC: 30te_Nachricht. C Out: 18.01 18:31:54,132| gesendet
Downtime: 18.01 18:31:54,132| vom Client 3-client@AirvonKistoffer-<0.108.0>-KLC
3-client@AirvonKistoffer-<0.186.0>-KLC Start: 18.01 23:55:25,194|.
3-client@AirvonKistoffer-<0.102.0>-KLC Start: 18.01 23:57:01,003|.
3-client@AirvonKistoffer-<0.102.0>-KLC: 7te_Nachricht. C Out: 18.01 23:57:09,004| gesendet
3-client@AirvonKistoffer-<0.102.0>-KLC: 16te_Nachricht. C Out: 18.01 23:57:17,010| gesendet
3-client@AirvonKistoffer-<0.102.0>-KLC: 33te_Nachricht. C Out: 18.01 23:57:25,027| gesendet
Downtime: 18.01 23:57:25,027| vom Client 3-client@AirvonKistoffer-<0.102.0>-KLC
3-client@AirvonKistoffer-<0.194.0>-KLC Start: 19.01 13:16:22,219|.
Downtime: 19.01 13:16:42,219| vom Client 3-client@AirvonKistoffer-<0.194.0>-KLC
3-client@AirvonKistoffer-<0.110.0>-KLC Start: 22.01 11:21:39,856|.
Downtime: 22.01 11:21:59,857| vom Client 3-client@AirvonKistoffer-<0.110.0>-KLC
3-client@AirvonKistoffer-<0.156.0>-KLC Start: 22.01 12:12:40,809|.
3-client@AirvonKistoffer-<0.193.0>-KLC Start: 22.01 12:12:47,234|.
3-client@AirvonKistoffer-<0.193.0>-KLC: 6te_Nachricht. C Out: 22.01 12:12:51,235| gesendet
3-client@AirvonKistoffer-<0.193.0>-KLC: 11te_Nachricht. C Out: 22.01 12:12:55,247| gesendet
3-client@AirvonKistoffer-<0.193.0>-KLC: 19te_Nachricht. C Out: 22.01 12:12:59,251| gesendet
Downtime: 22.01 12:13:00,811| vom Client 3-client@AirvonKistoffer-<0.156.0>-KLC
3-client@AirvonKistoffer-<0.193.0>-KLC: 25te_Nachricht. C Out: 22.01 12:13:03,252| gesendet
3-client@AirvonKistoffer-<0.193.0>-KLC: 30te_Nachricht. C Out: 22.01 12:13:07,261| gesendet
Downtime: 22.01 12:13:07,262| vom Client 3-client@AirvonKistoffer-<0.193.0>-KLC
3-client@AirvonKistoffer-<0.277.0>-KLC Start: 22.01 12:17:59,075|.
3-client@AirvonKistoffer-<0.309.0>-KLC Start: 22.01 12:18:15,584|.
Downtime: 22.01 12:18:19,076| vom Client 3-client@AirvonKistoffer-<0.277.0>-KLC
Downtime: 22.01 12:18:35,587| vom Client 3-client@AirvonKistoffer-<0.309.0>-KLC
3-client@AirvonKistoffer-<0.364.0>-KLC Start: 22.01 12:18:42,155|.
3-client@AirvonKistoffer-<0.396.0>-KLC Start: 22.01 12:18:46,424|.
3-client@AirvonKistoffer-<0.396.0>-KLC: 7te_Nachricht. C Out: 22.01 12:18:50,425| gesendet
3-client@AirvonKistoffer-<0.396.0>-KLC: 12te_Nachricht. C Out: 22.01 12:18:54,428| gesendet
3-client@AirvonKistoffer-<0.396.0>-KLC: 20te_Nachricht. C Out: 22.01 12:18:58,432| gesendet
Downtime: 22.01 12:19:02,156| vom Client 3-client@AirvonKistoffer-<0.364.0>-KLC
3-client@AirvonKistoffer-<0.396.0>-KLC: 28te_Nachricht. C Out: 22.01 12:19:05,433| gesendet
Downtime: 22.01 12:19:06,426| vom Client 3-client@AirvonKistoffer-<0.396.0>-KLC
3-client@AirvonKistoffer-<0.102.0>-KLC Start: 22.01 12:20:00,360|.
3-client@AirvonKistoffer-<0.102.0>-KLC: 6te_Nachricht. C Out: 22.01 12:20:07,362| gesendet
3-client@AirvonKistoffer-<0.102.0>-KLC: 20te_Nachricht. C Out: 22.01 12:20:14,367| gesendet
3-client@AirvonKistoffer-<0.102.0>-KLC: 32te_Nachricht. C Out: 22.01 12:20:21,373| gesendet
Downtime: 22.01 12:20:21,373| vom Client 3-client@AirvonKistoffer-<0.102.0>-KLC
3-client@AirvonKistoffer-<0.219.0>-KLC Start: 22.01 12:49:06,670|.
3-client@AirvonKistoffer-<0.219.0>-KLC: 8te_Nachricht. C Out: 22.01 12:49:15,671| gesendet
3-client@AirvonKistoffer-<0.219.0>-KLC: 19te_Nachricht. C Out: 22.01 12:49:24,680| gesendet
3-client@AirvonKistoffer-<0.219.0>-KLC: 32te_Nachricht. C Out: 22.01 12:49:33,684| gesendet
Downtime: 22.01 12:49:33,684| vom Client 3-client@AirvonKistoffer-<0.219.0>-KLC
3-client@AirvonKistoffer-<0.102.0>-KLC Start: 24.01 23:19:06,435|.
3-client@AirvonKistoffer-<0.139.0>-KLC Start: 24.01 23:19:20,575|.
3-client@AirvonKistoffer-<0.139.0>-KLC: 8te_Nachricht. C Out: 24.01 23:19:23,581| gesendet
Downtime: 24.01 23:19:26,437| vom Client 3-client@AirvonKistoffer-<0.102.0>-KLC
3-client@AirvonKistoffer-<0.139.0>-KLC: 11te_Nachricht. C Out: 24.01 23:19:26,585| gesendet
3-client@AirvonKistoffer-<0.139.0>-KLC: 16te_Nachricht. C Out: 24.01 23:19:29,587| gesendet
3-client@AirvonKistoffer-<0.139.0>-KLC: 23te_Nachricht. C Out: 24.01 23:19:32,588| gesendet
3-client@AirvonKistoffer-<0.139.0>-KLC: 28te_Nachricht. C Out: 24.01 23:19:35,590| gesendet
33te_Nachricht um 24.01 23:19:35,595| vergessen zu senden ******
35te_Nachricht um 24.01 23:19:35,595| vergessen zu senden ******
37te_Nachricht um 24.01 23:19:35,595| vergessen zu senden ******
39te_Nachricht um 24.01 23:19:35,596| vergessen zu senden ******
41te_Nachricht um 24.01 23:19:35,597| vergessen zu senden ******
9-client@AirvonKistoffer-<0.133.0>-KLC: 1te_Nachricht. C Out: 24.01 23:19:23,576|{1643,62763,578161} ; C In: 24.01 23:19:35,597|#1#3#2#4
4-client@AirvonKistoffer-<0.138.0>-KLC: 2te_Nachricht. C Out: 24.01 23:19:25,577|{1643,62765,578653} ; C In: 24.01 23:19:35,602|#1#3#2#4
8-client@AirvonKistoffer-<0.134.0>-KLC: 3te_Nachricht. C Out: 24.01 23:19:25,577|{1643,62765,580686} ; C In: 24.01 23:19:35,602|#1#3#2#4
2-client@AirvonKistoffer-<0.140.0>-KLC: 4te_Nachricht. C Out: 24.01 23:19:27,577|{1643,62767,578891} ; C In: 24.01 23:19:35,603|#1#3#2#4
7-client@AirvonKistoffer-<0.135.0>-KLC: 5te_Nachricht. C Out: 24.01 23:19:24,577|{1643,62767,578952} ; C In: 24.01 23:19:35,605|#1#3#2#4
6-client@AirvonKistoffer-<0.136.0>-KLC: 6te_Nachricht. C Out: 24.01 23:19:28,577|{1643,62768,578919} ; C In: 24.01 23:19:35,606|#1#3#2#4
5-client@AirvonKistoffer-<0.137.0>-KLC: 7te_Nachricht. C Out: 24.01 23:19:29,577|{1643,62769,578261} ; C In: 24.01 23:19:35,607|#1#3#2#4
3-client@AirvonKistoffer-<0.139.0>-KLC: 8te_Nachricht. C Out: 24.01 23:19:23,581|{1643,62769,578322}*******; C In: 24.01 23:19:35,608|#1#3#2#4
1-client@AirvonKistoffer-<0.141.0>-KLC: 9te_Nachricht. C Out: 24.01 23:19:28,577|{1643,62769,578340} ; C In: 24.01 23:19:35,609|#1#3#2#4
9-client@AirvonKistoffer-<0.133.0>-KLC: 10te_Nachricht. C Out: 24.01 23:19:26,582|{1643,62769,578357} ; C In: 24.01 23:19:35,610|#1#3#2#4
3-client@AirvonKistoffer-<0.139.0>-KLC: 11te_Nachricht. C Out: 24.01 23:19:26,585|{1643,62769,578373}*******; C In: 24.01 23:19:35,611|#1#3#2#4
7-client@AirvonKistoffer-<0.135.0>-KLC: 12te_Nachricht. C Out: 24.01 23:19:28,583|{1643,62769,578388} ; C In: 24.01 23:19:35,612|#1#3#2#4
4-client@AirvonKistoffer-<0.138.0>-KLC: 13te_Nachricht. C Out: 24.01 23:19:30,583|{1643,62770,584775} ; C In: 24.01 23:19:35,613|#1#3#2#4
8-client@AirvonKistoffer-<0.134.0>-KLC: 14te_Nachricht. C Out: 24.01 23:19:30,583|{1643,62770,586479} ; C In: 24.01 23:19:35,614|#1#3#2#4
9-client@AirvonKistoffer-<0.133.0>-KLC: 15te_Nachricht. C Out: 24.01 23:19:29,586|{1643,62770,586504} ; C In: 24.01 23:19:35,614|#1#3#2#4
3-client@AirvonKistoffer-<0.139.0>-KLC: 16te_Nachricht. C Out: 24.01 23:19:29,587|{1643,62770,586545}*******; C In: 24.01 23:19:35,616|#1#3#2#4
2-client@AirvonKistoffer-<0.140.0>-KLC: 17te_Nachricht. C Out: 24.01 23:19:34,581|{1643,62774,582900} ; C In: 24.01 23:19:35,616|#1#3#2#4
Downtime: 24.01 23:19:40,577| vom Client 3-client@AirvonKistoffer-<0.139.0>-KLC
3-client@AirvonKistoffer-<0.276.0>-KLC Start: 24.01 23:20:14,253|.
3-client@AirvonKistoffer-<0.276.0>-KLC: 4te_Nachricht. C Out: 24.01 23:20:18,255| gesendet
3-client@AirvonKistoffer-<0.276.0>-KLC: 14te_Nachricht. C Out: 24.01 23:20:22,258| gesendet
3-client@AirvonKistoffer-<0.276.0>-KLC: 23te_Nachricht. C Out: 24.01 23:20:26,260| gesendet
3-client@AirvonKistoffer-<0.276.0>-KLC: 30te_Nachricht. C Out: 24.01 23:20:30,265| gesendet
Downtime: 24.01 23:20:34,254| vom Client 3-client@AirvonKistoffer-<0.276.0>-KLC
3-client@AirvonKistoffer-<0.414.0>-KLC Start: 24.01 23:21:11,086|.
3-client@AirvonKistoffer-<0.414.0>-KLC: 9te_Nachricht. C Out: 24.01 23:21:19,088| gesendet
3-client@AirvonKistoffer-<0.414.0>-KLC: 17te_Nachricht. C Out: 24.01 23:21:27,094| gesendet
3-client@AirvonKistoffer-<0.414.0>-KLC: 27te_Nachricht. C Out: 24.01 23:21:35,098| gesendet
Downtime: 24.01 23:21:35,098| vom Client 3-client@AirvonKistoffer-<0.414.0>-KLC
3-client@AirvonKistoffer-<0.486.0>-KLC Start: 24.01 23:22:11,568|.
3-client@AirvonKistoffer-<0.486.0>-KLC: 8te_Nachricht. C Out: 24.01 23:22:20,570| gesendet
3-client@AirvonKistoffer-<0.486.0>-KLC: 18te_Nachricht. C Out: 24.01 23:22:29,574| gesendet
3-client@AirvonKistoffer-<0.486.0>-KLC: 30te_Nachricht. C Out: 24.01 23:22:38,578| gesendet
Downtime: 24.01 23:22:38,578| vom Client 3-client@AirvonKistoffer-<0.486.0>-KLC
3-client@AirvonKistoffer-<0.564.0>-KLC Start: 24.01 23:23:06,920|.
3-client@AirvonKistoffer-<0.564.0>-KLC: 8te_Nachricht. C Out: 24.01 23:23:13,921| gesendet
3-client@AirvonKistoffer-<0.564.0>-KLC: 15te_Nachricht. C Out: 24.01 23:23:20,928| gesendet
3-client@AirvonKistoffer-<0.564.0>-KLC: 25te_Nachricht. C Out: 24.01 23:23:27,933| gesendet
Downtime: 24.01 23:23:27,933| vom Client 3-client@AirvonKistoffer-<0.564.0>-KLC
3-client@AirvonKistoffer-<0.641.0>-KLC Start: 24.01 23:26:32,683|.
3-client@AirvonKistoffer-<0.641.0>-KLC: 7te_Nachricht. C Out: 24.01 23:26:37,685| gesendet
3-client@AirvonKistoffer-<0.641.0>-KLC: 11te_Nachricht. C Out: 24.01 23:26:42,687| gesendet
3-client@AirvonKistoffer-<0.641.0>-KLC: 20te_Nachricht. C Out: 24.01 23:26:47,689| gesendet
3-client@AirvonKistoffer-<0.641.0>-KLC: 25te_Nachricht. C Out: 24.01 23:26:52,691| gesendet
Downtime: 24.01 23:26:52,691| vom Client 3-client@AirvonKistoffer-<0.641.0>-KLC
3-client@AirvonKistoffer-<0.719.0>-KLC Start: 24.01 23:27:16,314|.
3-client@AirvonKistoffer-<0.719.0>-KLC: 7te_Nachricht. C Out: 24.01 23:27:21,316| gesendet
3-client@AirvonKistoffer-<0.719.0>-KLC: 13te_Nachricht. C Out: 24.01 23:27:26,321| gesendet
3-client@AirvonKistoffer-<0.719.0>-KLC: 22te_Nachricht. C Out: 24.01 23:27:31,328| gesendet
3-client@AirvonKistoffer-<0.719.0>-KLC: 30te_Nachricht. C Out: 24.01 23:27:36,333| gesendet
Downtime: 24.01 23:27:36,333| vom Client 3-client@AirvonKistoffer-<0.719.0>-KLC
3-client@AirvonKistoffer-<0.798.0>-KLC Start: 24.01 23:28:11,322|.
3-client@AirvonKistoffer-<0.798.0>-KLC: 7te_Nachricht. C Out: 24.01 23:28:19,324| gesendet
3-client@AirvonKistoffer-<0.798.0>-KLC: 17te_Nachricht. C Out: 24.01 23:28:27,328| gesendet
3-client@AirvonKistoffer-<0.798.0>-KLC: 29te_Nachricht. C Out: 24.01 23:28:35,332| gesendet
Downtime: 24.01 23:28:35,332| vom Client 3-client@AirvonKistoffer-<0.798.0>-KLC
3-client@AirvonKistoffer-<0.879.0>-KLC Start: 24.01 23:29:12,376|.
3-client@AirvonKistoffer-<0.879.0>-KLC: 4te_Nachricht. C Out: 24.01 23:29:21,378| gesendet
3-client@AirvonKistoffer-<0.879.0>-KLC: 20te_Nachricht. C Out: 24.01 23:29:30,384| gesendet
3-client@AirvonKistoffer-<0.879.0>-KLC: 41te_Nachricht. C Out: 24.01 23:29:40,419| gesendet
Downtime: 24.01 23:29:40,419| vom Client 3-client@AirvonKistoffer-<0.879.0>-KLC
3-client@AirvonKistoffer-<0.102.0>-KLC Start: 24.01 23:53:11,493|.
3-client@AirvonKistoffer-<0.102.0>-KLC: 7te_Nachricht. C Out: 24.01 23:53:18,496| gesendet
3-client@AirvonKistoffer-<0.102.0>-KLC: 16te_Nachricht. C Out: 24.01 23:53:25,503| gesendet
3-client@AirvonKistoffer-<0.102.0>-KLC: 25te_Nachricht. C Out: 24.01 23:53:32,518| gesendet
Downtime: 24.01 23:53:32,518| vom Client 3-client@AirvonKistoffer-<0.102.0>-KLC
3-client@AirvonKistoffer-<0.108.0>-KLC Start: 24.01 23:54:47,286|.
3-client@AirvonKistoffer-<0.108.0>-KLC: 7te_Nachricht. C Out: 24.01 23:54:51,288| gesendet
3-client@AirvonKistoffer-<0.108.0>-KLC: 11te_Nachricht. C Out: 24.01 23:54:55,295| gesendet
3-client@AirvonKistoffer-<0.108.0>-KLC: 20te_Nachricht. C Out: 24.01 23:54:59,299| gesendet
3-client@AirvonKistoffer-<0.108.0>-KLC: 25te_Nachricht. C Out: 24.01 23:55:03,301| gesendet
Downtime: 24.01 23:55:07,287| vom Client 3-client@AirvonKistoffer-<0.108.0>-KLC
3-client@AirvonKistoffer-<0.209.0>-KLC Start: 24.01 23:55:27,305|.
3-client@AirvonKistoffer-<0.209.0>-KLC: 7te_Nachricht. C Out: 24.01 23:55:36,307| gesendet
3-client@AirvonKistoffer-<0.209.0>-KLC: 21te_Nachricht. C Out: 24.01 23:55:45,312| gesendet
Downtime: 24.01 23:55:47,306| vom Client 3-client@AirvonKistoffer-<0.209.0>-KLC
3-client@AirvonKistoffer-<0.108.0>-KLC Start: 02.02 11:03:59,092|.
3-client@AirvonKistoffer-<0.108.0>-KLC: 8te_Nachricht. C Out: 02.02 11:04:03,095| gesendet
3-client@AirvonKistoffer-<0.108.0>-KLC: 11te_Nachricht. C Out: 02.02 11:04:07,108| gesendet
3-client@AirvonKistoffer-<0.108.0>-KLC: 20te_Nachricht. C Out: 02.02 11:04:11,111| gesendet
3-client@AirvonKistoffer-<0.108.0>-KLC: 26te_Nachricht. C Out: 02.02 11:04:15,112| gesendet
3-client@AirvonKistoffer-<0.108.0>-KLC: 33te_Nachricht. C Out: 02.02 11:04:19,114| gesendet
Downtime: 02.02 11:04:19,114| vom Client 3-client@AirvonKistoffer-<0.108.0>-KLC
