7-client@AirvonKistoffer-<0.98.0>-KLC Start: 18.01 16:47:16,619|.
Downtime: 18.01 16:47:36,620| vom Client 7-client@AirvonKistoffer-<0.98.0>-KLC
7-client@AirvonKistoffer-<0.98.0>-KLC Start: 18.01 17:18:49,357|.
Downtime: 18.01 17:19:09,358| vom Client 7-client@AirvonKistoffer-<0.98.0>-KLC
7-client@AirvonKistoffer-<0.144.0>-KLC Start: 18.01 17:21:25,742|.
7-client@AirvonKistoffer-<0.144.0>-KLC: 3te_Nachricht. C Out: 18.01 17:21:28,747| gesendet
7-client@AirvonKistoffer-<0.144.0>-KLC: 10te_Nachricht. C Out: 18.01 17:21:32,750| gesendet
7-client@AirvonKistoffer-<0.144.0>-KLC: 17te_Nachricht. C Out: 18.01 17:21:39,756| gesendet
7-client@AirvonKistoffer-<0.144.0>-KLC: 24te_Nachricht. C Out: 18.01 17:21:46,764| gesendet
Downtime: 18.01 17:21:46,764| vom Client 7-client@AirvonKistoffer-<0.144.0>-KLC
7-client@AirvonKistoffer-<0.210.0>-KLC Start: 18.01 17:23:40,982|.
7-client@AirvonKistoffer-<0.210.0>-KLC: 3te_Nachricht. C Out: 18.01 17:23:43,986| gesendet
7-client@AirvonKistoffer-<0.210.0>-KLC: 10te_Nachricht. C Out: 18.01 17:23:47,988| gesendet
7-client@AirvonKistoffer-<0.210.0>-KLC: 16te_Nachricht. C Out: 18.01 17:23:53,995| gesendet
7-client@AirvonKistoffer-<0.210.0>-KLC: 23te_Nachricht. C Out: 18.01 17:24:01,002| gesendet
Downtime: 18.01 17:24:01,002| vom Client 7-client@AirvonKistoffer-<0.210.0>-KLC
7-client@AirvonKistoffer-<0.98.0>-KLC Start: 18.01 17:46:15,848|.
7-client@AirvonKistoffer-<0.98.0>-KLC: 6te_Nachricht. C Out: 18.01 17:46:21,850| gesendet
7-client@AirvonKistoffer-<0.98.0>-KLC: 14te_Nachricht. C Out: 18.01 17:46:27,855| gesendet
7-client@AirvonKistoffer-<0.98.0>-KLC: 25te_Nachricht. C Out: 18.01 17:46:33,857| gesendet
Downtime: 18.01 17:46:35,849| vom Client 7-client@AirvonKistoffer-<0.98.0>-KLC
7-client@AirvonKistoffer-<0.177.0>-KLC Start: 18.01 18:06:24,421|.
7-client@AirvonKistoffer-<0.177.0>-KLC: 3te_Nachricht. C Out: 18.01 18:06:28,423| gesendet
7-client@AirvonKistoffer-<0.177.0>-KLC: 12te_Nachricht. C Out: 18.01 18:06:32,427| gesendet
7-client@AirvonKistoffer-<0.177.0>-KLC: 21te_Nachricht. C Out: 18.01 18:06:36,431| gesendet
7-client@AirvonKistoffer-<0.177.0>-KLC: 27te_Nachricht. C Out: 18.01 18:06:40,435| gesendet
Downtime: 18.01 18:06:44,422| vom Client 7-client@AirvonKistoffer-<0.177.0>-KLC
7-client@AirvonKistoffer-<0.252.0>-KLC Start: 18.01 18:17:36,649|.
7-client@AirvonKistoffer-<0.252.0>-KLC: 8te_Nachricht. C Out: 18.01 18:17:41,651| gesendet
7-client@AirvonKistoffer-<0.252.0>-KLC: 14te_Nachricht. C Out: 18.01 18:17:46,656| gesendet
7-client@AirvonKistoffer-<0.252.0>-KLC: 24te_Nachricht. C Out: 18.01 18:17:51,663| gesendet
7-client@AirvonKistoffer-<0.252.0>-KLC: 32te_Nachricht. C Out: 18.01 18:17:56,668| gesendet
Downtime: 18.01 18:17:56,668| vom Client 7-client@AirvonKistoffer-<0.252.0>-KLC
7-client@AirvonKistoffer-<0.104.0>-KLC Start: 18.01 18:31:27,126|.
7-client@AirvonKistoffer-<0.104.0>-KLC: 3te_Nachricht. C Out: 18.01 18:31:33,128| gesendet
7-client@AirvonKistoffer-<0.104.0>-KLC: 13te_Nachricht. C Out: 18.01 18:31:39,133| gesendet
7-client@AirvonKistoffer-<0.104.0>-KLC: 22te_Nachricht. C Out: 18.01 18:31:45,138| gesendet
7-client@AirvonKistoffer-<0.104.0>-KLC: 32te_Nachricht. C Out: 18.01 18:31:51,140| gesendet
Downtime: 18.01 18:31:51,140| vom Client 7-client@AirvonKistoffer-<0.104.0>-KLC
7-client@AirvonKistoffer-<0.182.0>-KLC Start: 18.01 23:55:25,194|.
7-client@AirvonKistoffer-<0.98.0>-KLC Start: 18.01 23:57:01,003|.
7-client@AirvonKistoffer-<0.98.0>-KLC: 5te_Nachricht. C Out: 18.01 23:57:04,004| gesendet
7-client@AirvonKistoffer-<0.98.0>-KLC: 10te_Nachricht. C Out: 18.01 23:57:07,011| gesendet
7-client@AirvonKistoffer-<0.98.0>-KLC: 14te_Nachricht. C Out: 18.01 23:57:10,016| gesendet
7-client@AirvonKistoffer-<0.98.0>-KLC: 21te_Nachricht. C Out: 18.01 23:57:13,018| gesendet
7-client@AirvonKistoffer-<0.98.0>-KLC: 25te_Nachricht. C Out: 18.01 23:57:16,020| gesendet
27te_Nachricht um 18.01 23:57:16,023| vergessen zu senden ******
28te_Nachricht um 18.01 23:57:16,023| vergessen zu senden ******
29te_Nachricht um 18.01 23:57:16,024| vergessen zu senden ******
30te_Nachricht um 18.01 23:57:16,024| vergessen zu senden ******
31te_Nachricht um 18.01 23:57:16,025| vergessen zu senden ******
Downtime: 18.01 23:57:21,003| vom Client 7-client@AirvonKistoffer-<0.98.0>-KLC
7-client@AirvonKistoffer-<0.190.0>-KLC Start: 19.01 13:16:22,219|.
Downtime: 19.01 13:16:42,219| vom Client 7-client@AirvonKistoffer-<0.190.0>-KLC
7-client@AirvonKistoffer-<0.106.0>-KLC Start: 22.01 11:21:39,856|.
Downtime: 22.01 11:21:59,857| vom Client 7-client@AirvonKistoffer-<0.106.0>-KLC
7-client@AirvonKistoffer-<0.152.0>-KLC Start: 22.01 12:12:40,809|.
7-client@AirvonKistoffer-<0.189.0>-KLC Start: 22.01 12:12:47,234|.
7-client@AirvonKistoffer-<0.189.0>-KLC: 2te_Nachricht. C Out: 22.01 12:12:54,235| gesendet
Downtime: 22.01 12:13:00,811| vom Client 7-client@AirvonKistoffer-<0.152.0>-KLC
7-client@AirvonKistoffer-<0.189.0>-KLC: 15te_Nachricht. C Out: 22.01 12:13:01,241| gesendet
7-client@AirvonKistoffer-<0.189.0>-KLC: 26te_Nachricht. C Out: 22.01 12:13:08,245| gesendet
Downtime: 22.01 12:13:08,245| vom Client 7-client@AirvonKistoffer-<0.189.0>-KLC
7-client@AirvonKistoffer-<0.273.0>-KLC Start: 22.01 12:17:59,074|.
7-client@AirvonKistoffer-<0.305.0>-KLC Start: 22.01 12:18:15,584|.
Downtime: 22.01 12:18:19,076| vom Client 7-client@AirvonKistoffer-<0.273.0>-KLC
Downtime: 22.01 12:18:35,587| vom Client 7-client@AirvonKistoffer-<0.305.0>-KLC
7-client@AirvonKistoffer-<0.360.0>-KLC Start: 22.01 12:18:42,155|.
7-client@AirvonKistoffer-<0.392.0>-KLC Start: 22.01 12:18:46,424|.
7-client@AirvonKistoffer-<0.392.0>-KLC: 3te_Nachricht. C Out: 22.01 12:18:51,425| gesendet
7-client@AirvonKistoffer-<0.392.0>-KLC: 13te_Nachricht. C Out: 22.01 12:18:56,427| gesendet
Downtime: 22.01 12:19:02,156| vom Client 7-client@AirvonKistoffer-<0.360.0>-KLC
7-client@AirvonKistoffer-<0.392.0>-KLC: 24te_Nachricht. C Out: 22.01 12:19:02,429| gesendet
7-client@AirvonKistoffer-<0.392.0>-KLC: 32te_Nachricht. C Out: 22.01 12:19:10,439| gesendet
Downtime: 22.01 12:19:10,439| vom Client 7-client@AirvonKistoffer-<0.392.0>-KLC
7-client@AirvonKistoffer-<0.98.0>-KLC Start: 22.01 12:20:00,360|.
7-client@AirvonKistoffer-<0.98.0>-KLC: 4te_Nachricht. C Out: 22.01 12:20:03,364| gesendet
7-client@AirvonKistoffer-<0.98.0>-KLC: 11te_Nachricht. C Out: 22.01 12:20:06,371| gesendet
7-client@AirvonKistoffer-<0.98.0>-KLC: 17te_Nachricht. C Out: 22.01 12:20:09,372| gesendet
7-client@AirvonKistoffer-<0.98.0>-KLC: 23te_Nachricht. C Out: 22.01 12:20:12,375| gesendet
7-client@AirvonKistoffer-<0.98.0>-KLC: 29te_Nachricht. C Out: 22.01 12:20:15,377| gesendet
35te_Nachricht um 22.01 12:20:15,380| vergessen zu senden ******
38te_Nachricht um 22.01 12:20:15,381| vergessen zu senden ******
41te_Nachricht um 22.01 12:20:15,382| vergessen zu senden ******
44te_Nachricht um 22.01 12:20:15,383| vergessen zu senden ******
47te_Nachricht um 22.01 12:20:15,383| vergessen zu senden ******
Downtime: 22.01 12:20:20,361| vom Client 7-client@AirvonKistoffer-<0.98.0>-KLC
7-client@AirvonKistoffer-<0.215.0>-KLC Start: 22.01 12:49:06,670|.
7-client@AirvonKistoffer-<0.215.0>-KLC: 4te_Nachricht. C Out: 22.01 12:49:11,671| gesendet
7-client@AirvonKistoffer-<0.215.0>-KLC: 11te_Nachricht. C Out: 22.01 12:49:16,673| gesendet
7-client@AirvonKistoffer-<0.215.0>-KLC: 20te_Nachricht. C Out: 22.01 12:49:21,678| gesendet
7-client@AirvonKistoffer-<0.215.0>-KLC: 25te_Nachricht. C Out: 22.01 12:49:26,681| gesendet
Downtime: 22.01 12:49:26,681| vom Client 7-client@AirvonKistoffer-<0.215.0>-KLC
7-client@AirvonKistoffer-<0.98.0>-KLC Start: 24.01 23:19:06,435|.
7-client@AirvonKistoffer-<0.135.0>-KLC Start: 24.01 23:19:20,575|.
7-client@AirvonKistoffer-<0.135.0>-KLC: 5te_Nachricht. C Out: 24.01 23:19:24,577| gesendet
Downtime: 24.01 23:19:26,437| vom Client 7-client@AirvonKistoffer-<0.98.0>-KLC
7-client@AirvonKistoffer-<0.135.0>-KLC: 12te_Nachricht. C Out: 24.01 23:19:28,583| gesendet
7-client@AirvonKistoffer-<0.135.0>-KLC: 20te_Nachricht. C Out: 24.01 23:19:32,585| gesendet
7-client@AirvonKistoffer-<0.135.0>-KLC: 26te_Nachricht. C Out: 24.01 23:19:36,587| gesendet
Downtime: 24.01 23:19:40,577| vom Client 7-client@AirvonKistoffer-<0.135.0>-KLC
7-client@AirvonKistoffer-<0.272.0>-KLC Start: 24.01 23:20:14,253|.
7-client@AirvonKistoffer-<0.272.0>-KLC: 6te_Nachricht. C Out: 24.01 23:20:19,255| gesendet
7-client@AirvonKistoffer-<0.272.0>-KLC: 16te_Nachricht. C Out: 24.01 23:20:24,259| gesendet
7-client@AirvonKistoffer-<0.272.0>-KLC: 27te_Nachricht. C Out: 24.01 23:20:29,263| gesendet
7-client@AirvonKistoffer-<0.272.0>-KLC: 36te_Nachricht. C Out: 24.01 23:20:34,267| gesendet
Downtime: 24.01 23:20:34,267| vom Client 7-client@AirvonKistoffer-<0.272.0>-KLC
7-client@AirvonKistoffer-<0.410.0>-KLC Start: 24.01 23:21:11,086|.
7-client@AirvonKistoffer-<0.410.0>-KLC: 3te_Nachricht. C Out: 24.01 23:21:20,088| gesendet
7-client@AirvonKistoffer-<0.410.0>-KLC: 19te_Nachricht. C Out: 24.01 23:21:29,090| gesendet
7-client@AirvonKistoffer-<0.410.0>-KLC: 29te_Nachricht. C Out: 24.01 23:21:38,094| gesendet
Downtime: 24.01 23:21:38,094| vom Client 7-client@AirvonKistoffer-<0.410.0>-KLC
7-client@AirvonKistoffer-<0.482.0>-KLC Start: 24.01 23:22:11,568|.
7-client@AirvonKistoffer-<0.482.0>-KLC: 4te_Nachricht. C Out: 24.01 23:22:17,570| gesendet
7-client@AirvonKistoffer-<0.482.0>-KLC: 13te_Nachricht. C Out: 24.01 23:22:23,572| gesendet
7-client@AirvonKistoffer-<0.482.0>-KLC: 22te_Nachricht. C Out: 24.01 23:22:29,576| gesendet
7-client@AirvonKistoffer-<0.482.0>-KLC: 31te_Nachricht. C Out: 24.01 23:22:35,579| gesendet
Downtime: 24.01 23:22:35,579| vom Client 7-client@AirvonKistoffer-<0.482.0>-KLC
7-client@AirvonKistoffer-<0.560.0>-KLC Start: 24.01 23:23:06,920|.
7-client@AirvonKistoffer-<0.560.0>-KLC: 1te_Nachricht. C Out: 24.01 23:23:12,921| gesendet
7-client@AirvonKistoffer-<0.560.0>-KLC: 11te_Nachricht. C Out: 24.01 23:23:18,927| gesendet
7-client@AirvonKistoffer-<0.560.0>-KLC: 20te_Nachricht. C Out: 24.01 23:23:24,931| gesendet
7-client@AirvonKistoffer-<0.560.0>-KLC: 30te_Nachricht. C Out: 24.01 23:23:30,935| gesendet
Downtime: 24.01 23:23:30,935| vom Client 7-client@AirvonKistoffer-<0.560.0>-KLC
7-client@AirvonKistoffer-<0.637.0>-KLC Start: 24.01 23:26:32,683|.
7-client@AirvonKistoffer-<0.637.0>-KLC: 3te_Nachricht. C Out: 24.01 23:26:40,685| gesendet
7-client@AirvonKistoffer-<0.637.0>-KLC: 15te_Nachricht. C Out: 24.01 23:26:48,690| gesendet
7-client@AirvonKistoffer-<0.637.0>-KLC: 26te_Nachricht. C Out: 24.01 23:26:56,692| gesendet
Downtime: 24.01 23:26:56,692| vom Client 7-client@AirvonKistoffer-<0.637.0>-KLC
7-client@AirvonKistoffer-<0.715.0>-KLC Start: 24.01 23:27:16,314|.
7-client@AirvonKistoffer-<0.715.0>-KLC: 2te_Nachricht. C Out: 24.01 23:27:22,316| gesendet
7-client@AirvonKistoffer-<0.715.0>-KLC: 15te_Nachricht. C Out: 24.01 23:27:28,321| gesendet
7-client@AirvonKistoffer-<0.715.0>-KLC: 24te_Nachricht. C Out: 24.01 23:27:34,325| gesendet
7-client@AirvonKistoffer-<0.715.0>-KLC: 33te_Nachricht. C Out: 24.01 23:27:40,330| gesendet
Downtime: 24.01 23:27:40,330| vom Client 7-client@AirvonKistoffer-<0.715.0>-KLC
7-client@AirvonKistoffer-<0.794.0>-KLC Start: 24.01 23:28:11,322|.
7-client@AirvonKistoffer-<0.794.0>-KLC: 2te_Nachricht. C Out: 24.01 23:28:17,324| gesendet
7-client@AirvonKistoffer-<0.794.0>-KLC: 13te_Nachricht. C Out: 24.01 23:28:23,326| gesendet
7-client@AirvonKistoffer-<0.794.0>-KLC: 22te_Nachricht. C Out: 24.01 23:28:29,332| gesendet
7-client@AirvonKistoffer-<0.794.0>-KLC: 34te_Nachricht. C Out: 24.01 23:28:35,335| gesendet
Downtime: 24.01 23:28:35,335| vom Client 7-client@AirvonKistoffer-<0.794.0>-KLC
7-client@AirvonKistoffer-<0.875.0>-KLC Start: 24.01 23:29:12,376|.
7-client@AirvonKistoffer-<0.875.0>-KLC: 2te_Nachricht. C Out: 24.01 23:29:21,377| gesendet
7-client@AirvonKistoffer-<0.875.0>-KLC: 19te_Nachricht. C Out: 24.01 23:29:30,384| gesendet
Downtime: 24.01 23:29:32,377| vom Client 7-client@AirvonKistoffer-<0.875.0>-KLC
7-client@AirvonKistoffer-<0.98.0>-KLC Start: 24.01 23:53:11,493|.
7-client@AirvonKistoffer-<0.98.0>-KLC: 3te_Nachricht. C Out: 24.01 23:53:17,496| gesendet
7-client@AirvonKistoffer-<0.98.0>-KLC: 12te_Nachricht. C Out: 24.01 23:53:23,500| gesendet
7-client@AirvonKistoffer-<0.98.0>-KLC: 21te_Nachricht. C Out: 24.01 23:53:29,504| gesendet
7-client@AirvonKistoffer-<0.98.0>-KLC: 31te_Nachricht. C Out: 24.01 23:53:35,508| gesendet
Downtime: 24.01 23:53:35,508| vom Client 7-client@AirvonKistoffer-<0.98.0>-KLC
7-client@AirvonKistoffer-<0.104.0>-KLC Start: 24.01 23:54:47,286|.
7-client@AirvonKistoffer-<0.104.0>-KLC: 3te_Nachricht. C Out: 24.01 23:54:55,288| gesendet
7-client@AirvonKistoffer-<0.104.0>-KLC: 18te_Nachricht. C Out: 24.01 23:55:03,295| gesendet
7-client@AirvonKistoffer-<0.104.0>-KLC: 35te_Nachricht. C Out: 24.01 23:55:14,319| gesendet
Downtime: 24.01 23:55:14,319| vom Client 7-client@AirvonKistoffer-<0.104.0>-KLC
7-client@AirvonKistoffer-<0.205.0>-KLC Start: 24.01 23:55:27,305|.
7-client@AirvonKistoffer-<0.205.0>-KLC: 4te_Nachricht. C Out: 24.01 23:55:30,307| gesendet
7-client@AirvonKistoffer-<0.205.0>-KLC: 11te_Nachricht. C Out: 24.01 23:55:33,309| gesendet
7-client@AirvonKistoffer-<0.205.0>-KLC: 17te_Nachricht. C Out: 24.01 23:55:36,314| gesendet
7-client@AirvonKistoffer-<0.205.0>-KLC: 24te_Nachricht. C Out: 24.01 23:55:39,316| gesendet
7-client@AirvonKistoffer-<0.205.0>-KLC: 30te_Nachricht. C Out: 24.01 23:55:42,319| gesendet
33te_Nachricht um 24.01 23:55:42,323| vergessen zu senden ******
36te_Nachricht um 24.01 23:55:42,324| vergessen zu senden ******
39te_Nachricht um 24.01 23:55:42,325| vergessen zu senden ******
42te_Nachricht um 24.01 23:55:42,325| vergessen zu senden ******
45te_Nachricht um 24.01 23:55:42,325| vergessen zu senden ******
9-client@AirvonKistoffer-<0.203.0>-KLC: 3te_Nachricht. C Out: 24.01 23:55:30,307|{1643,64936,308895} ; C In: 24.01 23:55:42,326|#1#3#2#4
7-client@AirvonKistoffer-<0.205.0>-KLC: 4te_Nachricht. C Out: 24.01 23:55:30,307|{1643,64936,308949}*******; C In: 24.01 23:55:42,327|#1#3#2#4
5-client@AirvonKistoffer-<0.207.0>-KLC: 5te_Nachricht. C Out: 24.01 23:55:31,307|{1643,64936,308973} ; C In: 24.01 23:55:42,329|#1#3#2#4
4-client@AirvonKistoffer-<0.208.0>-KLC: 6te_Nachricht. C Out: 24.01 23:55:33,307|{1643,64936,309008} ; C In: 24.01 23:55:42,330|#1#3#2#4
3-client@AirvonKistoffer-<0.209.0>-KLC: 7te_Nachricht. C Out: 24.01 23:55:36,307|{1643,64936,310419} ; C In: 24.01 23:55:42,331|#1#3#2#4
1-client@AirvonKistoffer-<0.211.0>-KLC: 8te_Nachricht. C Out: 24.01 23:55:36,307|{1643,64936,311612} ; C In: 24.01 23:55:42,332|#1#3#2#4
2-client@AirvonKistoffer-<0.210.0>-KLC: 9te_Nachricht. C Out: 24.01 23:55:30,307|{1643,64936,311653} ; C In: 24.01 23:55:42,333|#1#3#2#4
9-client@AirvonKistoffer-<0.203.0>-KLC: 10te_Nachricht. C Out: 24.01 23:55:33,309|{1643,64936,311668} ; C In: 24.01 23:55:42,334|#1#3#2#4
7-client@AirvonKistoffer-<0.205.0>-KLC: 11te_Nachricht. C Out: 24.01 23:55:33,309|{1643,64936,311682}*******; C In: 24.01 23:55:42,335|#1#3#2#4
2-client@AirvonKistoffer-<0.210.0>-KLC: 12te_Nachricht. C Out: 24.01 23:55:33,310|{1643,64936,311695} ; C In: 24.01 23:55:42,336|#1#3#2#4
5-client@AirvonKistoffer-<0.207.0>-KLC: 13te_Nachricht. C Out: 24.01 23:55:35,309|{1643,64936,311708} ; C In: 24.01 23:55:42,337|#1#3#2#4
6-client@AirvonKistoffer-<0.206.0>-KLC: 14te_Nachricht. C Out: 24.01 23:55:39,311|{1643,64939,312750} ; C In: 24.01 23:55:42,339|#1#3#2#4
4-client@AirvonKistoffer-<0.208.0>-KLC: 15te_Nachricht. C Out: 24.01 23:55:39,316|{1643,64939,317108} ; C In: 24.01 23:55:42,340|#1#3#2#4
9-client@AirvonKistoffer-<0.203.0>-KLC: 16te_Nachricht. C Out: 24.01 23:55:36,313|{1643,64939,317158} ; C In: 24.01 23:55:42,341|#1#3#2#4
7-client@AirvonKistoffer-<0.205.0>-KLC: 17te_Nachricht. C Out: 24.01 23:55:36,314|{1643,64939,317169}*******; C In: 24.01 23:55:42,342|#1#3#2#4
2-client@AirvonKistoffer-<0.210.0>-KLC: 18te_Nachricht. C Out: 24.01 23:55:36,314|{1643,64939,317178} ; C In: 24.01 23:55:42,344|#1#3#2#4
5-client@AirvonKistoffer-<0.207.0>-KLC: 19te_Nachricht. C Out: 24.01 23:55:39,311|{1643,64939,317189} ; C In: 24.01 23:55:42,345|#1#3#2#4
Downtime: 24.01 23:55:47,306| vom Client 7-client@AirvonKistoffer-<0.205.0>-KLC
