client.cfg geoeffnet...
Servernode server@AirvonKistoffer von Server chiefper ping eingebunden
Client Client_9client@AirvonKistoffer gestartet
Client Client_8client@AirvonKistoffer gestartet
Client Client_7client@AirvonKistoffer gestartet
Client Client_6client@AirvonKistoffer gestartet
Client Client_5client@AirvonKistoffer gestartet
Client Client_4client@AirvonKistoffer gestartet
Client Client_3client@AirvonKistoffer gestartet
Client Client_2client@AirvonKistoffer gestartet
Client Client_1client@AirvonKistoffer gestartet
Alle Clients gestartet
client.cfg geoeffnet...
Servernode server@AirvonKistoffer von Server chiefper ping >nicht< eingebunden
client.cfg geoeffnet...
Servernode 'server@ws-73-104' von Server chiefper ping eingebunden
Client Client_9client@ws-73-104 gestartet
Client Client_8client@ws-73-104 gestartet
Client Client_7client@ws-73-104 gestartet
Client Client_6client@ws-73-104 gestartet
Client Client_5client@ws-73-104 gestartet
Client Client_4client@ws-73-104 gestartet
Client Client_3client@ws-73-104 gestartet
Client Client_2client@ws-73-104 gestartet
Client Client_1client@ws-73-104 gestartet
Alle Clients gestartet
client.cfg geoeffnet...
Servernode 'server@ws-73-104' von Server chiefper ping eingebunden
Client Client_9client@ws-73-104 gestartet
Client Client_8client@ws-73-104 gestartet
Client Client_7client@ws-73-104 gestartet
Client Client_6client@ws-73-104 gestartet
Client Client_5client@ws-73-104 gestartet
Client Client_4client@ws-73-104 gestartet
Client Client_3client@ws-73-104 gestartet
Client Client_2client@ws-73-104 gestartet
Client Client_1client@ws-73-104 gestartet
Alle Clients gestartet
client.cfg geoeffnet...
Servernode 'server@ws-73-104' von Server chiefper ping eingebunden
Client Client_9client@ws-73-104 gestartet
Client Client_8client@ws-73-104 gestartet
Client Client_7client@ws-73-104 gestartet
Client Client_6client@ws-73-104 gestartet
Client Client_5client@ws-73-104 gestartet
Client Client_4client@ws-73-104 gestartet
Client Client_3client@ws-73-104 gestartet
Client Client_2client@ws-73-104 gestartet
Client Client_1client@ws-73-104 gestartet
Alle Clients gestartet
client.cfg geoeffnet...
Servernode 'server@ws-73-104' von Server chiefper ping eingebunden
Client Client_9client@ws-73-104 gestartet
Client Client_8client@ws-73-104 gestartet
Client Client_7client@ws-73-104 gestartet
Client Client_6client@ws-73-104 gestartet
Client Client_5client@ws-73-104 gestartet
Client Client_4client@ws-73-104 gestartet
Client Client_3client@ws-73-104 gestartet
Client Client_2client@ws-73-104 gestartet
Client Client_1client@ws-73-104 gestartet
Alle Clients gestartet
client.cfg geoeffnet...
Servernode 'server@ws-73-104' von Server chiefper ping eingebunden
Client Client_9client@ws-73-104 gestartet
Client Client_8client@ws-73-104 gestartet
Client Client_7client@ws-73-104 gestartet
Client Client_6client@ws-73-104 gestartet
Client Client_5client@ws-73-104 gestartet
Client Client_4client@ws-73-104 gestartet
Client Client_3client@ws-73-104 gestartet
Client Client_2client@ws-73-104 gestartet
Client Client_1client@ws-73-104 gestartet
Alle Clients gestartet
client.cfg geoeffnet...
Servernode 'server@ws-73-104' von Server chiefper ping eingebunden
Client Client_9client@ws-73-104 gestartet
Client Client_8client@ws-73-104 gestartet
Client Client_7client@ws-73-104 gestartet
Client Client_6client@ws-73-104 gestartet
Client Client_5client@ws-73-104 gestartet
Client Client_4client@ws-73-104 gestartet
Client Client_3client@ws-73-104 gestartet
Client Client_2client@ws-73-104 gestartet
Client Client_1client@ws-73-104 gestartet
Alle Clients gestartet
client.cfg geoeffnet...
Servernode 'server@ws-73-104' von Server chiefper ping eingebunden
Client Client_9client@ws-73-104 gestartet
Client Client_8client@ws-73-104 gestartet
Client Client_7client@ws-73-104 gestartet
Client Client_6client@ws-73-104 gestartet
Client Client_5client@ws-73-104 gestartet
Client Client_4client@ws-73-104 gestartet
Client Client_3client@ws-73-104 gestartet
Client Client_2client@ws-73-104 gestartet
Client Client_1client@ws-73-104 gestartet
Alle Clients gestartet
