Server: server.cfg geöffnet...
Server: Startzeit: 25.01 13:48:17,567| mit PID <0.468.0>
CMEM>>> initialisiert mit Lebenszeit 20 Sekunden.
Server: Nachrichtennummer 1 an <9458.302.0> gesendet
Server: Nachrichtennummer 2 an <9458.304.0> gesendet
Server: Nachrichtennummer 3 an <9458.306.0> gesendet
Server: Nachrichtennummer 4 an <9458.309.0> gesendet
Server: Nachrichtennummer 5 an <9458.303.0> gesendet
Server: Nachrichtennummer 6 an <9458.305.0> gesendet
Server: Nachrichtennummer 7 an <9458.307.0> gesendet
Server: Nachrichtennummer 8 an <9458.308.0> gesendet
Server: Nachrichtennummer 9 an <9458.310.0> gesendet
Server: Nachricht 2 wurde in HBQ eingefügt.
Server: Nachrichtennummer 10 an <9458.304.0> gesendet
Server: Nachricht 9 wurde in HBQ eingefügt.
Server: Nachrichtennummer 11 an <9458.310.0> gesendet
Server: Nachricht 7 wurde in HBQ eingefügt.
Server: Nachrichtennummer 12 an <9458.307.0> gesendet
Server: Nachricht 8 wurde in HBQ eingefügt.
Server: Nachrichtennummer 13 an <9458.308.0> gesendet
Server: Nachricht 5 wurde in HBQ eingefügt.
Server: Nachrichtennummer 14 an <9458.303.0> gesendet
Server: Nachricht 6 wurde in HBQ eingefügt.
Server: Nachrichtennummer 15 an <9458.305.0> gesendet
Server: Nachricht 10 wurde in HBQ eingefügt.
Server: Nachrichtennummer 16 an <9458.304.0> gesendet
Server: Nachricht 11 wurde in HBQ eingefügt.
Server: Nachrichtennummer 17 an <9458.310.0> gesendet
Server: Nachricht 12 wurde in HBQ eingefügt.
Server: Nachrichtennummer 18 an <9458.307.0> gesendet
Server: Nachricht 1 wurde in HBQ eingefügt.
Server: Nachrichtennummer 19 an <9458.302.0> gesendet
Server: Nachricht 3 wurde in HBQ eingefügt.
Server: Nachrichtennummer 20 an <9458.306.0> gesendet
Server: Nachricht 4 wurde in HBQ eingefügt.
Server: Nachrichtennummer 21 an <9458.309.0> gesendet
Server: Nachricht 16 wurde in HBQ eingefügt.
Server: Nachrichtennummer 22 an <9458.304.0> gesendet
Server: Nachricht 17 wurde in HBQ eingefügt.
Server: Nachrichtennummer 23 an <9458.310.0> gesendet
Server: Nachricht 18 wurde in HBQ eingefügt.
Server: Nachrichtennummer 24 an <9458.307.0> gesendet
Server: Nachricht 13 wurde in HBQ eingefügt.
Server: Nachrichtennummer 25 an <9458.308.0> gesendet
Server: Nachricht 14 wurde in HBQ eingefügt.
Server: Nachrichtennummer 26 an <9458.303.0> gesendet
Server: Nachricht 15 wurde in HBQ eingefügt.
Server: Nachrichtennummer 27 an <9458.305.0> gesendet
Server: Nachricht 22 wurde in HBQ eingefügt.
Server: Nachrichtennummer 28 an <9458.304.0> gesendet
Server: Nachricht 23 wurde in HBQ eingefügt.
Server: Nachrichtennummer 29 an <9458.310.0> gesendet
Server: Nachricht 24 wurde in HBQ eingefügt.
Server: Nachrichtennummer 30 an <9458.307.0> gesendet
Server: Nachricht 19 wurde in HBQ eingefügt.
Server: Nachrichtennummer 31 an <9458.302.0> gesendet
Server: Nachricht 20 wurde in HBQ eingefügt.
Server: Nachrichtennummer 32 an <9458.306.0> gesendet
Server: Nachricht 21 wurde in HBQ eingefügt.
Server: Nachrichtennummer 33 an <9458.309.0> gesendet
Server: Nachricht 28 wurde in HBQ eingefügt.
Server: DLQ gelistet.
Server: HBQ gelistet.
Server: Nachrichtennummer 34 an <9458.304.0> gesendet
Server: Nachricht 29 wurde in HBQ eingefügt.
Server: DLQ gelistet.
Server: HBQ gelistet.
Server: Nachrichtennummer 35 an <9458.310.0> gesendet
Server: Nachricht 30 wurde in HBQ eingefügt.
Server: DLQ gelistet.
Server: HBQ gelistet.
Server: Nachrichtennummer 36 an <9458.307.0> gesendet
Server: Nachricht 25 wurde in HBQ eingefügt.
Server: Nachrichtennummer 37 an <9458.308.0> gesendet
Server: Nachricht 26 wurde in HBQ eingefügt.
Server: Nachrichtennummer 38 an <9458.303.0> gesendet
Server: Nachricht 27 wurde in HBQ eingefügt.
Server: Nachrichtennummer 39 an <9458.305.0> gesendet
Server: Nachricht 31 wurde in HBQ eingefügt.
Server: Nachrichtennummer 40 an <9458.302.0> gesendet
Server: Nachricht 32 wurde in HBQ eingefügt.
Server: Nachrichtennummer 41 an <9458.306.0> gesendet
Server: Nachricht 33 wurde in HBQ eingefügt.
Server: Nachrichtennummer 42 an <9458.309.0> gesendet
Server: Downtime 25.01 13:48:54,856| vom Nachrichtenserver <0.468.0>.
Server: server.cfg geöffnet...
Server: Startzeit: 25.01 14:03:11,146| mit PID <0.561.0>
CMEM>>> initialisiert mit Lebenszeit 20 Sekunden.
Server: Nachrichtennummer 1 an <9458.381.0> gesendet
Server: Nachrichtennummer 2 an <9458.382.0> gesendet
Server: Nachrichtennummer 3 an <9458.383.0> gesendet
Server: Nachrichtennummer 4 an <9458.384.0> gesendet
Server: Nachrichtennummer 5 an <9458.385.0> gesendet
Server: Nachrichtennummer 6 an <9458.386.0> gesendet
Server: Nachrichtennummer 7 an <9458.387.0> gesendet
Server: Nachrichtennummer 8 an <9458.388.0> gesendet
Server: Nachrichtennummer 9 an <9458.389.0> gesendet
Server: Nachricht 2 wurde in HBQ eingefügt.
Server: Nachrichtennummer 10 an <9458.382.0> gesendet
Server: Nachricht 5 wurde in HBQ eingefügt.
Server: Nachrichtennummer 11 an <9458.385.0> gesendet
Server: Nachricht 3 wurde in HBQ eingefügt.
Server: Nachrichtennummer 12 an <9458.383.0> gesendet
Server: Nachricht 4 wurde in HBQ eingefügt.
Server: Nachrichtennummer 13 an <9458.384.0> gesendet
Server: Nachricht 7 wurde in HBQ eingefügt.
Server: Nachrichtennummer 14 an <9458.387.0> gesendet
Server: Nachricht 8 wurde in HBQ eingefügt.
Server: Nachrichtennummer 15 an <9458.388.0> gesendet
Server: Nachricht 9 wurde in HBQ eingefügt.
Server: Nachrichtennummer 16 an <9458.389.0> gesendet
Server: Nachricht 10 wurde in HBQ eingefügt.
Server: Nachrichtennummer 17 an <9458.382.0> gesendet
Server: Nachricht 11 wurde in HBQ eingefügt.
Server: Nachrichtennummer 18 an <9458.385.0> gesendet
Server: Nachricht 6 wurde in HBQ eingefügt.
Server: Nachrichtennummer 19 an <9458.386.0> gesendet
Server: Nachricht 12 wurde in HBQ eingefügt.
Server: Nachrichtennummer 20 an <9458.383.0> gesendet
Server: Nachricht 1 wurde in HBQ eingefügt.
Server: Nachrichtennummer 21 an <9458.381.0> gesendet
Server: Nachricht 17 wurde in HBQ eingefügt.
Server: Nachrichtennummer 22 an <9458.382.0> gesendet
Server: Nachricht 18 wurde in HBQ eingefügt.
Server: Nachrichtennummer 23 an <9458.385.0> gesendet
Server: Nachricht 13 wurde in HBQ eingefügt.
Server: Nachrichtennummer 24 an <9458.384.0> gesendet
Server: Nachricht 14 wurde in HBQ eingefügt.
Server: Nachrichtennummer 25 an <9458.387.0> gesendet
Server: Nachricht 15 wurde in HBQ eingefügt.
Server: Nachrichtennummer 26 an <9458.388.0> gesendet
Server: Nachricht 16 wurde in HBQ eingefügt.
Server: Nachrichtennummer 27 an <9458.389.0> gesendet
Server: Nachricht 20 wurde in HBQ eingefügt.
Server: Nachrichtennummer 28 an <9458.383.0> gesendet
Server: Nachricht 22 wurde in HBQ eingefügt.
Server: Nachrichtennummer 29 an <9458.382.0> gesendet
Server: Nachricht 23 wurde in HBQ eingefügt.
Server: Nachrichtennummer 30 an <9458.385.0> gesendet
Server: Nachricht 19 wurde in HBQ eingefügt.
Server: Nachrichtennummer 31 an <9458.386.0> gesendet
Server: Nachricht 24 wurde in HBQ eingefügt.
Server: Nachrichtennummer 32 an <9458.384.0> gesendet
Server: Nachricht 29 wurde in HBQ eingefügt.
Server: DLQ gelistet.
Server: HBQ gelistet.
Server: Nachrichtennummer 33 an <9458.382.0> gesendet
Server: Nachricht 30 wurde in HBQ eingefügt.
Server: DLQ gelistet.
Server: HBQ gelistet.
Server: Nachrichtennummer 34 an <9458.385.0> gesendet
Server: Nachrichtennummer 35 an <9458.382.0> gesendet
Server: Nachrichtennummer 36 an <9458.385.0> gesendet
Server: Nachrichtennummer 37 an <9458.382.0> gesendet
Server: Nachrichtennummer 38 an <9458.385.0> gesendet
Server: Nachrichtennummer 39 an <9458.382.0> gesendet
Server: Nachrichtennummer 40 an <9458.385.0> gesendet
Server: Nachrichtennummer 41 an <9458.382.0> gesendet
Server: Nachrichtennummer 42 an <9458.385.0> gesendet
Server: Nachricht 43 wurde zugestellt.
CMEM>>> Client <9458.382.0> wird aktualisiert:
CMEM>>> Client <9458.382.0> im CMEM gelöscht.
CMEM>>> Client <9458.382.0> in CMEM eingefügt (4/1643115826652).
Server: Nachricht 43 wurde zugestellt.
CMEM>>> Client <9458.385.0> wird aktualisiert:
CMEM>>> Client <9458.385.0> im CMEM gelöscht.
CMEM>>> Client <9458.385.0> in CMEM eingefügt (4/1643115826653).
Server: Nachricht 43 wurde zugestellt.
CMEM>>> Client <9458.382.0> wird aktualisiert:
CMEM>>> Client <9458.382.0> im CMEM gelöscht.
CMEM>>> Client <9458.382.0> in CMEM eingefügt (5/1643115826653).
Server: Nachricht 43 wurde zugestellt.
CMEM>>> Client <9458.385.0> wird aktualisiert:
CMEM>>> Client <9458.385.0> im CMEM gelöscht.
CMEM>>> Client <9458.385.0> in CMEM eingefügt (5/1643115826657).
Server: Nachricht 43 wurde zugestellt.
CMEM>>> Client <9458.382.0> wird aktualisiert:
CMEM>>> Client <9458.382.0> im CMEM gelöscht.
CMEM>>> Client <9458.382.0> in CMEM eingefügt (6/1643115826659).
Server: Nachricht 43 wurde zugestellt.
CMEM>>> Client <9458.385.0> wird aktualisiert:
CMEM>>> Client <9458.385.0> im CMEM gelöscht.
CMEM>>> Client <9458.385.0> in CMEM eingefügt (6/1643115826660).
Server: Nachricht 43 wurde zugestellt.
CMEM>>> Client <9458.382.0> wird aktualisiert:
CMEM>>> Client <9458.382.0> im CMEM gelöscht.
CMEM>>> Client <9458.382.0> in CMEM eingefügt (7/1643115826660).
Server: Nachricht 43 wurde zugestellt.
CMEM>>> Client <9458.385.0> wird aktualisiert:
CMEM>>> Client <9458.385.0> im CMEM gelöscht.
CMEM>>> Client <9458.385.0> in CMEM eingefügt (7/1643115826661).
Server: Nachricht 43 wurde zugestellt.
CMEM>>> Client <9458.382.0> wird aktualisiert:
CMEM>>> Client <9458.382.0> im CMEM gelöscht.
CMEM>>> Client <9458.382.0> in CMEM eingefügt (8/1643115826661).
Server: Nachricht 43 wurde zugestellt.
CMEM>>> Client <9458.385.0> wird aktualisiert:
CMEM>>> Client <9458.385.0> im CMEM gelöscht.
CMEM>>> Client <9458.385.0> in CMEM eingefügt (8/1643115826661).
Server: Nachricht 43 wurde zugestellt.
CMEM>>> Client <9458.382.0> wird aktualisiert:
CMEM>>> Client <9458.382.0> im CMEM gelöscht.
CMEM>>> Client <9458.382.0> in CMEM eingefügt (9/1643115826662).
Server: Nachricht 43 wurde zugestellt.
CMEM>>> Client <9458.385.0> wird aktualisiert:
CMEM>>> Client <9458.385.0> im CMEM gelöscht.
CMEM>>> Client <9458.385.0> in CMEM eingefügt (9/1643115826662).
Server: Nachricht 43 wurde zugestellt.
CMEM>>> Client <9458.382.0> wird aktualisiert:
CMEM>>> Client <9458.382.0> im CMEM gelöscht.
CMEM>>> Client <9458.382.0> in CMEM eingefügt (10/1643115826663).
Server: Nachricht 43 wurde zugestellt.
CMEM>>> Client <9458.385.0> wird aktualisiert:
CMEM>>> Client <9458.385.0> im CMEM gelöscht.
CMEM>>> Client <9458.385.0> in CMEM eingefügt (10/1643115826663).
Server: Nachricht 43 wurde zugestellt.
CMEM>>> Client <9458.382.0> wird aktualisiert:
CMEM>>> Client <9458.382.0> im CMEM gelöscht.
CMEM>>> Client <9458.382.0> in CMEM eingefügt (11/1643115826663).
Server: Nachricht 43 wurde zugestellt.
CMEM>>> Client <9458.385.0> wird aktualisiert:
CMEM>>> Client <9458.385.0> im CMEM gelöscht.
CMEM>>> Client <9458.385.0> in CMEM eingefügt (11/1643115826664).
Server: Nachricht 43 wurde zugestellt.
CMEM>>> Client <9458.382.0> wird aktualisiert:
CMEM>>> Client <9458.382.0> im CMEM gelöscht.
CMEM>>> Client <9458.382.0> in CMEM eingefügt (12/1643115826664).
Server: Nachricht 43 wurde zugestellt.
CMEM>>> Client <9458.385.0> wird aktualisiert:
CMEM>>> Client <9458.385.0> im CMEM gelöscht.
CMEM>>> Client <9458.385.0> in CMEM eingefügt (12/1643115826665).
Server: Nachricht 43 wurde zugestellt.
CMEM>>> Client <9458.382.0> wird aktualisiert:
CMEM>>> Client <9458.382.0> im CMEM gelöscht.
CMEM>>> Client <9458.382.0> in CMEM eingefügt (13/1643115826665).
Server: Nachricht 43 wurde zugestellt.
CMEM>>> Client <9458.385.0> wird aktualisiert:
CMEM>>> Client <9458.385.0> im CMEM gelöscht.
CMEM>>> Client <9458.385.0> in CMEM eingefügt (13/1643115826665).
Server: Nachricht 43 wurde zugestellt.
CMEM>>> Client <9458.382.0> wird aktualisiert:
CMEM>>> Client <9458.382.0> im CMEM gelöscht.
CMEM>>> Client <9458.382.0> in CMEM eingefügt (14/1643115826666).
Server: Nachricht 43 wurde zugestellt.
CMEM>>> Client <9458.385.0> wird aktualisiert:
CMEM>>> Client <9458.385.0> im CMEM gelöscht.
CMEM>>> Client <9458.385.0> in CMEM eingefügt (14/1643115826666).
Server: Nachricht 43 wurde zugestellt.
CMEM>>> Client <9458.382.0> wird aktualisiert:
CMEM>>> Client <9458.382.0> im CMEM gelöscht.
CMEM>>> Client <9458.382.0> in CMEM eingefügt (15/1643115826667).
Server: Nachricht 43 wurde zugestellt.
CMEM>>> Client <9458.385.0> wird aktualisiert:
CMEM>>> Client <9458.385.0> im CMEM gelöscht.
CMEM>>> Client <9458.385.0> in CMEM eingefügt (15/1643115826667).
Server: Nachricht 43 wurde zugestellt.
CMEM>>> Client <9458.382.0> wird aktualisiert:
CMEM>>> Client <9458.382.0> im CMEM gelöscht.
CMEM>>> Client <9458.382.0> in CMEM eingefügt (16/1643115826668).
Server: Nachricht 43 wurde zugestellt.
CMEM>>> Client <9458.385.0> wird aktualisiert:
CMEM>>> Client <9458.385.0> im CMEM gelöscht.
CMEM>>> Client <9458.385.0> in CMEM eingefügt (16/1643115826669).
Server: Nachricht 43 wurde zugestellt.
CMEM>>> Client <9458.382.0> wird aktualisiert:
CMEM>>> Client <9458.382.0> im CMEM gelöscht.
CMEM>>> Client <9458.382.0> in CMEM eingefügt (17/1643115826669).
Server: Nachricht 43 wurde zugestellt.
CMEM>>> Client <9458.385.0> wird aktualisiert:
CMEM>>> Client <9458.385.0> im CMEM gelöscht.
CMEM>>> Client <9458.385.0> in CMEM eingefügt (17/1643115826670).
Server: Nachricht 43 wurde zugestellt.
CMEM>>> Client <9458.382.0> wird aktualisiert:
CMEM>>> Client <9458.382.0> im CMEM gelöscht.
CMEM>>> Client <9458.382.0> in CMEM eingefügt (18/1643115826671).
Server: Nachricht 43 wurde zugestellt.
CMEM>>> Client <9458.385.0> wird aktualisiert:
CMEM>>> Client <9458.385.0> im CMEM gelöscht.
CMEM>>> Client <9458.385.0> in CMEM eingefügt (18/1643115826671).
Server: Nachricht 43 wurde zugestellt.
CMEM>>> Client <9458.382.0> wird aktualisiert:
CMEM>>> Client <9458.382.0> im CMEM gelöscht.
CMEM>>> Client <9458.382.0> in CMEM eingefügt (19/1643115826672).
Server: Nachricht 43 wurde zugestellt.
CMEM>>> Client <9458.385.0> wird aktualisiert:
CMEM>>> Client <9458.385.0> im CMEM gelöscht.
CMEM>>> Client <9458.385.0> in CMEM eingefügt (19/1643115826673).
Server: Nachricht 43 wurde zugestellt.
CMEM>>> Client <9458.382.0> wird aktualisiert:
CMEM>>> Client <9458.382.0> im CMEM gelöscht.
CMEM>>> Client <9458.382.0> in CMEM eingefügt (20/1643115826674).
Server: Nachricht 43 wurde zugestellt.
CMEM>>> Client <9458.385.0> wird aktualisiert:
CMEM>>> Client <9458.385.0> im CMEM gelöscht.
CMEM>>> Client <9458.385.0> in CMEM eingefügt (20/1643115826675).
Server: Nachricht 43 wurde zugestellt.
CMEM>>> Client <9458.382.0> wird aktualisiert:
CMEM>>> Client <9458.382.0> im CMEM gelöscht.
CMEM>>> Client <9458.382.0> in CMEM eingefügt (-1/1643115826675).
Server: Nachricht 43 wurde zugestellt.
CMEM>>> Client <9458.385.0> wird aktualisiert:
CMEM>>> Client <9458.385.0> im CMEM gelöscht.
CMEM>>> Client <9458.385.0> in CMEM eingefügt (-1/1643115826676).
Server: CMEM Content(2): [{<9458.382.0>,-1},{<9458.385.0>,-1}]
Server: Nachrichtennummer 43 an <9458.382.0> gesendet
Server: CMEM Content(2): [{<9458.382.0>,-1},{<9458.385.0>,-1}]
Server: Nachrichtennummer 44 an <9458.385.0> gesendet
Server: Nachrichtennummer 45 an <9458.382.0> gesendet
Server: Nachrichtennummer 46 an <9458.385.0> gesendet
Server: Nachrichtennummer 47 an <9458.382.0> gesendet
Server: Nachrichtennummer 48 an <9458.385.0> gesendet
Server: Nachrichtennummer 49 an <9458.382.0> gesendet
Server: Nachrichtennummer 50 an <9458.385.0> gesendet
Server: Nachrichtennummer 51 an <9458.382.0> gesendet
Server: Nachrichtennummer 52 an <9458.385.0> gesendet
Server: Nachrichtennummer 53 an <9458.382.0> gesendet
Server: Nachrichtennummer 54 an <9458.385.0> gesendet
Server: Nachricht 28 wurde in HBQ eingefügt.
Server: Nachrichtennummer 55 an <9458.383.0> gesendet
Server: Nachricht 25 wurde in HBQ eingefügt.
Server: Nachrichtennummer 56 an <9458.387.0> gesendet
Server: Nachricht 21 wurde in HBQ eingefügt.
Server: Nachrichtennummer 57 an <9458.381.0> gesendet
Server: Nachricht 26 wurde in HBQ eingefügt.
Server: Nachrichtennummer 58 an <9458.388.0> gesendet
Server: Nachricht 27 wurde in HBQ eingefügt.
Server: Nachrichtennummer 59 an <9458.389.0> gesendet
Server: Nachricht 53 wurde in HBQ eingefügt.
Server: Nachrichtennummer 60 an <9458.382.0> gesendet
Server: Nachricht 54 wurde in HBQ eingefügt.
Server: Nachrichtennummer 61 an <9458.385.0> gesendet
Server: Nachricht 32 wurde in HBQ eingefügt.
Server: Nachrichtennummer 62 an <9458.384.0> gesendet
Server: Nachricht 55 wurde in HBQ eingefügt.
Server: DLQ gelistet.
Server: HBQ gelistet.
Server: Nachrichtennummer 63 an <9458.383.0> gesendet
Server: Nachricht 31 wurde in HBQ eingefügt.
Server: Nachrichtennummer 64 an <9458.386.0> gesendet
Server: Nachricht 60 wurde in HBQ eingefügt.
Server: Nachrichtennummer 65 an <9458.382.0> gesendet
Server: Nachricht 61 wurde in HBQ eingefügt.
Server: Nachrichtennummer 66 an <9458.385.0> gesendet
Server: Nachricht 56 wurde in HBQ eingefügt.
Server: Nachrichtennummer 67 an <9458.387.0> gesendet
Server: Nachricht 58 wurde in HBQ eingefügt.
Server: Nachrichtennummer 68 an <9458.388.0> gesendet
Server: Nachricht 59 wurde in HBQ eingefügt.
Server: Nachrichtennummer 69 an <9458.389.0> gesendet
Server: Nachricht 57 wurde in HBQ eingefügt.
Server: Nachrichtennummer 70 an <9458.381.0> gesendet
Server: Downtime 25.01 14:03:48,647| vom Nachrichtenserver <0.561.0>.
Server: server.cfg geöffnet...
Server: Startzeit: 25.01 14:58:57,337| mit PID <0.836.0>
CMEM>>> initialisiert mit Lebenszeit 20 Sekunden.
Server: Nachrichtennummer 1 an <9458.544.0> gesendet
Server: Nachrichtennummer 2 an <9458.545.0> gesendet
Server: Nachrichtennummer 3 an <9458.546.0> gesendet
Server: Nachrichtennummer 4 an <9458.548.0> gesendet
Server: Nachrichtennummer 5 an <9458.547.0> gesendet
Server: Nachrichtennummer 6 an <9458.549.0> gesendet
Server: Nachrichtennummer 7 an <9458.550.0> gesendet
Server: Nachrichtennummer 8 an <9458.551.0> gesendet
Server: Nachrichtennummer 9 an <9458.552.0> gesendet
Server: Nachricht 3 konnte nicht in HBQ eingefügt werden.
Server: Nachrichtennummer 10 an <9458.546.0> gesendet
Server: Nachricht 7 konnte nicht in HBQ eingefügt werden.
Server: Nachrichtennummer 11 an <9458.550.0> gesendet
Server: Nachricht 2 konnte nicht in HBQ eingefügt werden.
Server: Nachrichtennummer 12 an <9458.545.0> gesendet
Server: Nachricht 4 konnte nicht in HBQ eingefügt werden.
Server: Nachrichtennummer 13 an <9458.548.0> gesendet
Server: Nachricht 6 konnte nicht in HBQ eingefügt werden.
Server: Nachrichtennummer 14 an <9458.549.0> gesendet
Server: Nachricht 8 konnte nicht in HBQ eingefügt werden.
Server: Nachrichtennummer 15 an <9458.551.0> gesendet
Server: Nachricht 9 konnte nicht in HBQ eingefügt werden.
Server: Nachrichtennummer 16 an <9458.552.0> gesendet
Server: Nachricht 1 konnte nicht in HBQ eingefügt werden.
Server: Nachrichtennummer 17 an <9458.544.0> gesendet
Server: Nachricht 5 konnte nicht in HBQ eingefügt werden.
Server: Nachrichtennummer 18 an <9458.547.0> gesendet
Server: Nachricht 10 konnte nicht in HBQ eingefügt werden.
Server: Nachrichtennummer 19 an <9458.546.0> gesendet
Server: Nachricht 11 konnte nicht in HBQ eingefügt werden.
Server: Nachrichtennummer 20 an <9458.550.0> gesendet
Server: Nachricht 12 konnte nicht in HBQ eingefügt werden.
Server: Nachrichtennummer 21 an <9458.545.0> gesendet
Server: Nachricht 13 konnte nicht in HBQ eingefügt werden.
Server: Nachrichtennummer 22 an <9458.548.0> gesendet
Server: Nachricht 14 konnte nicht in HBQ eingefügt werden.
Server: Nachrichtennummer 23 an <9458.549.0> gesendet
Server: Nachricht 15 konnte nicht in HBQ eingefügt werden.
Server: Nachrichtennummer 24 an <9458.551.0> gesendet
Server: Nachricht 16 konnte nicht in HBQ eingefügt werden.
Server: Nachrichtennummer 25 an <9458.552.0> gesendet
Server: Nachricht 19 konnte nicht in HBQ eingefügt werden.
Server: Nachrichtennummer 26 an <9458.546.0> gesendet
Server: Nachricht 17 konnte nicht in HBQ eingefügt werden.
Server: Nachrichtennummer 27 an <9458.544.0> gesendet
Server: Nachricht 18 konnte nicht in HBQ eingefügt werden.
Server: Nachrichtennummer 28 an <9458.547.0> gesendet
Server: HBQ konnte nicht terminiert werden.
Server: Downtime 25.01 14:59:35,821| vom Nachrichtenserver <0.836.0>.
Server: server.cfg geöffnet...
Server: Startzeit: 25.01 14:59:56,682| mit PID <0.896.0>
CMEM>>> initialisiert mit Lebenszeit 20 Sekunden.
Server: Nachrichtennummer 1 an <9458.610.0> gesendet
Server: Nachrichtennummer 2 an <9458.611.0> gesendet
Server: Nachrichtennummer 3 an <9458.609.0> gesendet
Server: Nachrichtennummer 4 an <9458.614.0> gesendet
Server: Nachrichtennummer 5 an <9458.612.0> gesendet
Server: Nachrichtennummer 6 an <9458.613.0> gesendet
Server: Nachrichtennummer 7 an <9458.615.0> gesendet
Server: Nachrichtennummer 8 an <9458.616.0> gesendet
Server: Nachrichtennummer 9 an <9458.617.0> gesendet
Server: Nachricht 2 wurde in HBQ eingefügt.
Server: Nachrichtennummer 10 an <9458.611.0> gesendet
Server: Nachricht 1 wurde in HBQ eingefügt.
Server: Nachrichtennummer 11 an <9458.610.0> gesendet
Server: Nachricht 9 wurde in HBQ eingefügt.
Server: Nachrichtennummer 12 an <9458.617.0> gesendet
Server: Nachricht 3 wurde in HBQ eingefügt.
Server: Nachrichtennummer 13 an <9458.609.0> gesendet
Server: Nachricht 5 wurde in HBQ eingefügt.
Server: Nachrichtennummer 14 an <9458.612.0> gesendet
Server: Nachricht 7 wurde in HBQ eingefügt.
Server: Nachrichtennummer 15 an <9458.615.0> gesendet
Server: Nachricht 4 wurde in HBQ eingefügt.
Server: Nachrichtennummer 16 an <9458.614.0> gesendet
Server: Nachricht 10 wurde in HBQ eingefügt.
Server: Nachrichtennummer 17 an <9458.611.0> gesendet
Server: Nachricht 8 wurde in HBQ eingefügt.
Server: Nachrichtennummer 18 an <9458.616.0> gesendet
Server: Nachricht 6 wurde in HBQ eingefügt.
Server: Nachrichtennummer 19 an <9458.613.0> gesendet
Server: Nachricht 11 wurde in HBQ eingefügt.
Server: Nachrichtennummer 20 an <9458.610.0> gesendet
Server: Nachricht 12 wurde in HBQ eingefügt.
Server: Nachrichtennummer 21 an <9458.617.0> gesendet
Server: Nachricht 17 wurde in HBQ eingefügt.
Server: Nachrichtennummer 22 an <9458.611.0> gesendet
Server: Nachricht 13 wurde in HBQ eingefügt.
Server: Nachrichtennummer 23 an <9458.609.0> gesendet
Server: Nachricht 14 wurde in HBQ eingefügt.
Server: Nachrichtennummer 24 an <9458.612.0> gesendet
Server: Nachricht 15 wurde in HBQ eingefügt.
Server: Nachrichtennummer 25 an <9458.615.0> gesendet
Server: Nachricht 16 wurde in HBQ eingefügt.
Server: Nachrichtennummer 26 an <9458.614.0> gesendet
Server: Nachricht 20 wurde in HBQ eingefügt.
Server: Nachrichtennummer 27 an <9458.610.0> gesendet
Server: Nachricht 21 wurde in HBQ eingefügt.
Server: Nachrichtennummer 28 an <9458.617.0> gesendet
Server: Nachricht 22 wurde in HBQ eingefügt.
Server: Nachrichtennummer 29 an <9458.611.0> gesendet
Server: Nachricht 18 wurde in HBQ eingefügt.
Server: Nachrichtennummer 30 an <9458.616.0> gesendet
Server: Nachricht 23 wurde in HBQ eingefügt.
Server: Nachrichtennummer 31 an <9458.609.0> gesendet
Server: Nachricht 24 wurde in HBQ eingefügt.
Server: Nachrichtennummer 32 an <9458.612.0> gesendet
Server: Nachricht 25 wurde in HBQ eingefügt.
Server: Nachrichtennummer 33 an <9458.615.0> gesendet
Server: Nachricht 29 wurde in HBQ eingefügt.
Server: DLQ gelistet.
Server: HBQ gelistet.
Server: Nachrichtennummer 34 an <9458.611.0> gesendet
Server: Nachrichtennummer 35 an <9458.611.0> gesendet
Server: Nachrichtennummer 36 an <9458.611.0> gesendet
Server: Nachrichtennummer 37 an <9458.611.0> gesendet
Server: Nachrichtennummer 38 an <9458.611.0> gesendet
Server: Nachricht 39 wurde zugestellt.
CMEM>>> Client <9458.611.0> wird aktualisiert:
CMEM>>> Client <9458.611.0> im CMEM gelöscht.
CMEM>>> Client <9458.611.0> in CMEM eingefügt (2/1643119232007).
Server: Nachricht 39 wurde zugestellt.
CMEM>>> Client <9458.611.0> wird aktualisiert:
CMEM>>> Client <9458.611.0> im CMEM gelöscht.
CMEM>>> Client <9458.611.0> in CMEM eingefügt (3/1643119232008).
Server: Nachricht 39 wurde zugestellt.
CMEM>>> Client <9458.611.0> wird aktualisiert:
CMEM>>> Client <9458.611.0> im CMEM gelöscht.
CMEM>>> Client <9458.611.0> in CMEM eingefügt (4/1643119232008).
Server: Nachricht 39 wurde zugestellt.
CMEM>>> Client <9458.611.0> wird aktualisiert:
CMEM>>> Client <9458.611.0> im CMEM gelöscht.
CMEM>>> Client <9458.611.0> in CMEM eingefügt (5/1643119232009).
Server: Nachricht 39 wurde zugestellt.
CMEM>>> Client <9458.611.0> wird aktualisiert:
CMEM>>> Client <9458.611.0> im CMEM gelöscht.
CMEM>>> Client <9458.611.0> in CMEM eingefügt (6/1643119232011).
Server: Nachricht 39 wurde zugestellt.
CMEM>>> Client <9458.611.0> wird aktualisiert:
CMEM>>> Client <9458.611.0> im CMEM gelöscht.
CMEM>>> Client <9458.611.0> in CMEM eingefügt (7/1643119232012).
Server: Nachricht 39 wurde zugestellt.
CMEM>>> Client <9458.611.0> wird aktualisiert:
CMEM>>> Client <9458.611.0> im CMEM gelöscht.
CMEM>>> Client <9458.611.0> in CMEM eingefügt (8/1643119232012).
Server: Nachricht 39 wurde zugestellt.
CMEM>>> Client <9458.611.0> wird aktualisiert:
CMEM>>> Client <9458.611.0> im CMEM gelöscht.
CMEM>>> Client <9458.611.0> in CMEM eingefügt (9/1643119232013).
Server: Nachricht 39 wurde zugestellt.
CMEM>>> Client <9458.611.0> wird aktualisiert:
CMEM>>> Client <9458.611.0> im CMEM gelöscht.
CMEM>>> Client <9458.611.0> in CMEM eingefügt (10/1643119232013).
Server: Nachricht 39 wurde zugestellt.
CMEM>>> Client <9458.611.0> wird aktualisiert:
CMEM>>> Client <9458.611.0> im CMEM gelöscht.
CMEM>>> Client <9458.611.0> in CMEM eingefügt (11/1643119232014).
Server: Nachricht 39 wurde zugestellt.
CMEM>>> Client <9458.611.0> wird aktualisiert:
CMEM>>> Client <9458.611.0> im CMEM gelöscht.
CMEM>>> Client <9458.611.0> in CMEM eingefügt (12/1643119232014).
Server: Nachricht 39 wurde zugestellt.
CMEM>>> Client <9458.611.0> wird aktualisiert:
CMEM>>> Client <9458.611.0> im CMEM gelöscht.
CMEM>>> Client <9458.611.0> in CMEM eingefügt (13/1643119232015).
Server: Nachricht 39 wurde zugestellt.
CMEM>>> Client <9458.611.0> wird aktualisiert:
CMEM>>> Client <9458.611.0> im CMEM gelöscht.
CMEM>>> Client <9458.611.0> in CMEM eingefügt (14/1643119232015).
Server: Nachricht 39 wurde zugestellt.
CMEM>>> Client <9458.611.0> wird aktualisiert:
CMEM>>> Client <9458.611.0> im CMEM gelöscht.
CMEM>>> Client <9458.611.0> in CMEM eingefügt (15/1643119232016).
Server: Nachricht 39 wurde zugestellt.
CMEM>>> Client <9458.611.0> wird aktualisiert:
CMEM>>> Client <9458.611.0> im CMEM gelöscht.
CMEM>>> Client <9458.611.0> in CMEM eingefügt (16/1643119232016).
Server: Nachricht 39 wurde zugestellt.
CMEM>>> Client <9458.611.0> wird aktualisiert:
CMEM>>> Client <9458.611.0> im CMEM gelöscht.
CMEM>>> Client <9458.611.0> in CMEM eingefügt (17/1643119232016).
Server: Nachricht 39 wurde zugestellt.
CMEM>>> Client <9458.611.0> wird aktualisiert:
CMEM>>> Client <9458.611.0> im CMEM gelöscht.
CMEM>>> Client <9458.611.0> in CMEM eingefügt (18/1643119232017).
Server: CMEM Content(1): [{<9458.611.0>,18}]
Server: Nachrichtennummer 39 an <9458.611.0> gesendet
Server: Nachrichtennummer 40 an <9458.611.0> gesendet
Server: Nachrichtennummer 41 an <9458.611.0> gesendet
Server: Nachrichtennummer 42 an <9458.611.0> gesendet
Server: Nachrichtennummer 43 an <9458.611.0> gesendet
Server: Nachrichtennummer 44 an <9458.611.0> gesendet
Server: Nachricht 19 wurde in HBQ eingefügt.
Server: Nachrichtennummer 45 an <9458.613.0> gesendet
Server: Nachricht 27 wurde in HBQ eingefügt.
Server: Nachrichtennummer 46 an <9458.610.0> gesendet
Server: Nachricht 28 wurde in HBQ eingefügt.
Server: Nachrichtennummer 47 an <9458.617.0> gesendet
Server: Nachricht 44 wurde in HBQ eingefügt.
Server: Nachrichtennummer 48 an <9458.611.0> gesendet
Server: Nachricht 26 wurde in HBQ eingefügt.
Server: Nachrichtennummer 49 an <9458.614.0> gesendet
Server: Nachricht 48 wurde in HBQ eingefügt.
Server: Nachrichtennummer 50 an <9458.611.0> gesendet
Server: Nachricht 31 wurde in HBQ eingefügt.
Server: Nachrichtennummer 51 an <9458.609.0> gesendet
Server: Nachricht 32 wurde in HBQ eingefügt.
Server: Nachrichtennummer 52 an <9458.612.0> gesendet
Server: Nachricht 33 wurde in HBQ eingefügt.
Server: Nachrichtennummer 53 an <9458.615.0> gesendet
Server: Nachricht 46 wurde in HBQ eingefügt.
Server: DLQ gelistet.
Server: HBQ gelistet.
Server: Nachrichtennummer 54 an <9458.610.0> gesendet
Server: Nachricht 47 wurde in HBQ eingefügt.
Server: DLQ gelistet.
Server: HBQ gelistet.
Server: Nachrichtennummer 55 an <9458.617.0> gesendet
Server: Nachricht 30 wurde in HBQ eingefügt.
Server: Nachrichtennummer 56 an <9458.616.0> gesendet
Server: Nachricht 50 wurde in HBQ eingefügt.
Server: Nachrichtennummer 57 an <9458.611.0> gesendet
Server: Nachricht 45 wurde in HBQ eingefügt.
Server: Nachrichtennummer 58 an <9458.613.0> gesendet
Server: Nachricht 49 wurde in HBQ eingefügt.
Server: Nachrichtennummer 59 an <9458.614.0> gesendet
Server: Downtime 25.01 15:00:30,992| vom Nachrichtenserver <0.896.0>.
